[0.067s] Invoking command in '/root/ros2_bunker_dev/build/custom_bunker_controller': CMAKE_PREFIX_PATH=/opt/ros/foxy /usr/bin/cmake --build /root/ros2_bunker_dev/build/custom_bunker_controller -- -j8 -l8
[0.185s] [100%] Built target custom_controller
[0.299s] Invoked command in '/root/ros2_bunker_dev/build/custom_bunker_controller' returned '0': CMAKE_PREFIX_PATH=/opt/ros/foxy /usr/bin/cmake --build /root/ros2_bunker_dev/build/custom_bunker_controller -- -j8 -l8
[0.336s] Invoking command in '/root/ros2_bunker_dev/build/custom_bunker_controller': CMAKE_PREFIX_PATH=/opt/ros/foxy /usr/bin/cmake --install /root/ros2_bunker_dev/build/custom_bunker_controller
[0.348s] -- Install configuration: ""
[0.354s] -- Up-to-date: /root/ros2_bunker_dev/install/custom_bunker_controller/lib/custom_bunker_controller/custom_controller
[0.356s] -- Up-to-date: /root/ros2_bunker_dev/install/custom_bunker_controller/share/ament_index/resource_index/package_run_dependencies/custom_bunker_controller
[0.357s] -- Up-to-date: /root/ros2_bunker_dev/install/custom_bunker_controller/share/ament_index/resource_index/parent_prefix_path/custom_bunker_controller
[0.358s] -- Up-to-date: /root/ros2_bunker_dev/install/custom_bunker_controller/share/custom_bunker_controller/environment/ament_prefix_path.sh
[0.359s] -- Up-to-date: /root/ros2_bunker_dev/install/custom_bunker_controller/share/custom_bunker_controller/environment/ament_prefix_path.dsv
[0.360s] -- Up-to-date: /root/ros2_bunker_dev/install/custom_bunker_controller/share/custom_bunker_controller/environment/path.sh
[0.362s] -- Up-to-date: /root/ros2_bunker_dev/install/custom_bunker_controller/share/custom_bunker_controller/environment/path.dsv
[0.362s] -- Up-to-date: /root/ros2_bunker_dev/install/custom_bunker_controller/share/custom_bunker_controller/local_setup.bash
[0.363s] -- Up-to-date: /root/ros2_bunker_dev/install/custom_bunker_controller/share/custom_bunker_controller/local_setup.sh
[0.364s] -- Up-to-date: /root/ros2_bunker_dev/install/custom_bunker_controller/share/custom_bunker_controller/local_setup.zsh
[0.365s] -- Up-to-date: /root/ros2_bunker_dev/install/custom_bunker_controller/share/custom_bunker_controller/local_setup.dsv
[0.366s] -- Installing: /root/ros2_bunker_dev/install/custom_bunker_controller/share/custom_bunker_controller/package.dsv
[0.369s] -- Up-to-date: /root/ros2_bunker_dev/install/custom_bunker_controller/share/ament_index/resource_index/packages/custom_bunker_controller
[0.370s] -- Up-to-date: /root/ros2_bunker_dev/install/custom_bunker_controller/share/custom_bunker_controller/cmake/custom_bunker_controllerConfig.cmake
[0.370s] -- Up-to-date: /root/ros2_bunker_dev/install/custom_bunker_controller/share/custom_bunker_controller/cmake/custom_bunker_controllerConfig-version.cmake
[0.373s] -- Up-to-date: /root/ros2_bunker_dev/install/custom_bunker_controller/share/custom_bunker_controller/package.xml
[0.375s] Invoked command in '/root/ros2_bunker_dev/build/custom_bunker_controller' returned '0': CMAKE_PREFIX_PATH=/opt/ros/foxy /usr/bin/cmake --install /root/ros2_bunker_dev/build/custom_bunker_controller
