[0.040s] Invoking command in '/root/ros2_bunker_dev/build/bunker_msgs': CMAKE_PREFIX_PATH=/opt/ros/foxy /usr/bin/cmake --build /root/ros2_bunker_dev/build/bunker_msgs -- -j8 -l8
[0.183s] [  4%] Built target bunker_msgs__cpp
[0.194s] [ 12%] Built target bunker_msgs__rosidl_generator_c
[0.263s] [ 36%] Built target bunker_msgs__rosidl_typesupport_introspection_cpp
[0.271s] [ 36%] Built target bunker_msgs__rosidl_typesupport_cpp
[0.283s] [ 57%] Built target bunker_msgs__rosidl_typesupport_fastrtps_cpp
[0.303s] [ 63%] Built target bunker_msgs__rosidl_typesupport_c
[0.309s] [ 65%] Built target bunker_msgs__rosidl_typesupport_introspection_c
[0.350s] [ 76%] Built target bunker_msgs__rosidl_typesupport_fastrtps_c
[0.383s] [ 76%] Built target bunker_msgs
[0.408s] [ 78%] Built target bunker_msgs__py
[0.454s] [ 87%] Built target bunker_msgs__python
[0.509s] [ 91%] Built target bunker_msgs__rosidl_typesupport_c__pyext
[0.510s] [100%] Built target bunker_msgs__rosidl_typesupport_introspection_c__pyext
[0.510s] [100%] Built target bunker_msgs__rosidl_typesupport_fastrtps_c__pyext
[0.541s] Invoked command in '/root/ros2_bunker_dev/build/bunker_msgs' returned '0': CMAKE_PREFIX_PATH=/opt/ros/foxy /usr/bin/cmake --build /root/ros2_bunker_dev/build/bunker_msgs -- -j8 -l8
[0.631s] Invoking command in '/root/ros2_bunker_dev/build/bunker_msgs': CMAKE_PREFIX_PATH=/opt/ros/foxy /usr/bin/cmake --install /root/ros2_bunker_dev/build/bunker_msgs
[0.647s] -- Install configuration: ""
[0.648s] -- Up-to-date: /root/ros2_bunker_dev/install/bunker_msgs/share/ament_index/resource_index/rosidl_interfaces/bunker_msgs
[0.648s] -- Up-to-date: /root/ros2_bunker_dev/install/bunker_msgs/include/bunker_msgs
[0.649s] -- Up-to-date: /root/ros2_bunker_dev/install/bunker_msgs/include/bunker_msgs/msg
[0.650s] -- Up-to-date: /root/ros2_bunker_dev/install/bunker_msgs/include/bunker_msgs/msg/rosidl_generator_c__visibility_control.h
[0.650s] -- Up-to-date: /root/ros2_bunker_dev/install/bunker_msgs/include/bunker_msgs/msg/bunker_status.h
[0.651s] -- Up-to-date: /root/ros2_bunker_dev/install/bunker_msgs/include/bunker_msgs/msg/bunker_actuator_state.h
[0.651s] -- Up-to-date: /root/ros2_bunker_dev/install/bunker_msgs/include/bunker_msgs/msg/detail
[0.652s] -- Up-to-date: /root/ros2_bunker_dev/install/bunker_msgs/include/bunker_msgs/msg/detail/bunker_status__type_support.h
[0.652s] -- Up-to-date: /root/ros2_bunker_dev/install/bunker_msgs/include/bunker_msgs/msg/detail/bunker_actuator_state__functions.c
[0.654s] -- Up-to-date: /root/ros2_bunker_dev/install/bunker_msgs/include/bunker_msgs/msg/detail/bunker_rc_state__functions.c
[0.655s] -- Up-to-date: /root/ros2_bunker_dev/install/bunker_msgs/include/bunker_msgs/msg/detail/bunker_status__struct.h
[0.655s] -- Up-to-date: /root/ros2_bunker_dev/install/bunker_msgs/include/bunker_msgs/msg/detail/bunker_status__functions.c
[0.656s] -- Up-to-date: /root/ros2_bunker_dev/install/bunker_msgs/include/bunker_msgs/msg/detail/bunker_actuator_state__struct.h
[0.659s] -- Up-to-date: /root/ros2_bunker_dev/install/bunker_msgs/include/bunker_msgs/msg/detail/bunker_rc_state__functions.h
[0.659s] -- Up-to-date: /root/ros2_bunker_dev/install/bunker_msgs/include/bunker_msgs/msg/detail/bunker_actuator_state__functions.h
[0.662s] -- Up-to-date: /root/ros2_bunker_dev/install/bunker_msgs/include/bunker_msgs/msg/detail/bunker_status__functions.h
[0.663s] -- Up-to-date: /root/ros2_bunker_dev/install/bunker_msgs/include/bunker_msgs/msg/detail/bunker_rc_state__type_support.h
[0.663s] -- Up-to-date: /root/ros2_bunker_dev/install/bunker_msgs/include/bunker_msgs/msg/detail/bunker_actuator_state__type_support.h
[0.664s] -- Up-to-date: /root/ros2_bunker_dev/install/bunker_msgs/include/bunker_msgs/msg/detail/bunker_rc_state__struct.h
[0.666s] -- Up-to-date: /root/ros2_bunker_dev/install/bunker_msgs/include/bunker_msgs/msg/bunker_rc_state.h
[0.668s] -- Up-to-date: /root/ros2_bunker_dev/install/bunker_msgs/share/bunker_msgs/environment/library_path.sh
[0.670s] -- Up-to-date: /root/ros2_bunker_dev/install/bunker_msgs/share/bunker_msgs/environment/library_path.dsv
[0.672s] -- Up-to-date: /root/ros2_bunker_dev/install/bunker_msgs/lib/libbunker_msgs__rosidl_generator_c.so
[0.679s] -- Up-to-date: /root/ros2_bunker_dev/install/bunker_msgs/include/bunker_msgs
[0.682s] -- Up-to-date: /root/ros2_bunker_dev/install/bunker_msgs/include/bunker_msgs/msg
[0.682s] -- Up-to-date: /root/ros2_bunker_dev/install/bunker_msgs/include/bunker_msgs/msg/detail
[0.683s] -- Up-to-date: /root/ros2_bunker_dev/install/bunker_msgs/include/bunker_msgs/msg/detail/bunker_rc_state__rosidl_typesupport_fastrtps_c.h
[0.683s] -- Up-to-date: /root/ros2_bunker_dev/install/bunker_msgs/include/bunker_msgs/msg/detail/bunker_actuator_state__rosidl_typesupport_fastrtps_c.h
[0.684s] -- Up-to-date: /root/ros2_bunker_dev/install/bunker_msgs/include/bunker_msgs/msg/detail/bunker_status__rosidl_typesupport_fastrtps_c.h
[0.684s] -- Up-to-date: /root/ros2_bunker_dev/install/bunker_msgs/include/bunker_msgs/msg/rosidl_typesupport_fastrtps_c__visibility_control.h
[0.687s] -- Up-to-date: /root/ros2_bunker_dev/install/bunker_msgs/lib/libbunker_msgs__rosidl_typesupport_fastrtps_c.so
[0.687s] -- Up-to-date: /root/ros2_bunker_dev/install/bunker_msgs/include/bunker_msgs
[0.688s] -- Up-to-date: /root/ros2_bunker_dev/install/bunker_msgs/include/bunker_msgs/msg
[0.688s] -- Up-to-date: /root/ros2_bunker_dev/install/bunker_msgs/include/bunker_msgs/msg/rosidl_typesupport_fastrtps_cpp__visibility_control.h
[0.689s] -- Up-to-date: /root/ros2_bunker_dev/install/bunker_msgs/include/bunker_msgs/msg/detail
[0.690s] -- Up-to-date: /root/ros2_bunker_dev/install/bunker_msgs/include/bunker_msgs/msg/detail/bunker_rc_state__rosidl_typesupport_fastrtps_cpp.hpp
[0.690s] -- Up-to-date: /root/ros2_bunker_dev/install/bunker_msgs/include/bunker_msgs/msg/detail/bunker_status__rosidl_typesupport_fastrtps_cpp.hpp
[0.691s] -- Up-to-date: /root/ros2_bunker_dev/install/bunker_msgs/include/bunker_msgs/msg/detail/bunker_actuator_state__rosidl_typesupport_fastrtps_cpp.hpp
[0.692s] -- Up-to-date: /root/ros2_bunker_dev/install/bunker_msgs/include/bunker_msgs/msg/detail/dds_fastrtps
[0.692s] -- Up-to-date: /root/ros2_bunker_dev/install/bunker_msgs/lib/libbunker_msgs__rosidl_typesupport_fastrtps_cpp.so
[0.692s] -- Up-to-date: /root/ros2_bunker_dev/install/bunker_msgs/include/bunker_msgs
[0.693s] -- Up-to-date: /root/ros2_bunker_dev/install/bunker_msgs/include/bunker_msgs/msg
[0.693s] -- Up-to-date: /root/ros2_bunker_dev/install/bunker_msgs/include/bunker_msgs/msg/detail
[0.694s] -- Up-to-date: /root/ros2_bunker_dev/install/bunker_msgs/include/bunker_msgs/msg/detail/bunker_actuator_state__rosidl_typesupport_introspection_c.h
[0.694s] -- Up-to-date: /root/ros2_bunker_dev/install/bunker_msgs/include/bunker_msgs/msg/detail/bunker_rc_state__rosidl_typesupport_introspection_c.h
[0.695s] -- Up-to-date: /root/ros2_bunker_dev/install/bunker_msgs/include/bunker_msgs/msg/detail/bunker_actuator_state__type_support.c
[0.695s] -- Up-to-date: /root/ros2_bunker_dev/install/bunker_msgs/include/bunker_msgs/msg/detail/bunker_rc_state__type_support.c
[0.697s] -- Up-to-date: /root/ros2_bunker_dev/install/bunker_msgs/include/bunker_msgs/msg/detail/bunker_status__type_support.c
[0.697s] -- Up-to-date: /root/ros2_bunker_dev/install/bunker_msgs/include/bunker_msgs/msg/detail/bunker_status__rosidl_typesupport_introspection_c.h
[0.697s] -- Up-to-date: /root/ros2_bunker_dev/install/bunker_msgs/include/bunker_msgs/msg/rosidl_typesupport_introspection_c__visibility_control.h
[0.698s] -- Up-to-date: /root/ros2_bunker_dev/install/bunker_msgs/lib/libbunker_msgs__rosidl_typesupport_introspection_c.so
[0.698s] -- Up-to-date: /root/ros2_bunker_dev/install/bunker_msgs/lib/libbunker_msgs__rosidl_typesupport_c.so
[0.699s] -- Up-to-date: /root/ros2_bunker_dev/install/bunker_msgs/include/bunker_msgs
[0.699s] -- Up-to-date: /root/ros2_bunker_dev/install/bunker_msgs/include/bunker_msgs/msg
[0.700s] -- Up-to-date: /root/ros2_bunker_dev/install/bunker_msgs/include/bunker_msgs/msg/bunker_status.hpp
[0.700s] -- Up-to-date: /root/ros2_bunker_dev/install/bunker_msgs/include/bunker_msgs/msg/detail
[0.700s] -- Up-to-date: /root/ros2_bunker_dev/install/bunker_msgs/include/bunker_msgs/msg/detail/bunker_status__builder.hpp
[0.701s] -- Up-to-date: /root/ros2_bunker_dev/install/bunker_msgs/include/bunker_msgs/msg/detail/bunker_rc_state__traits.hpp
[0.701s] -- Up-to-date: /root/ros2_bunker_dev/install/bunker_msgs/include/bunker_msgs/msg/detail/bunker_status__traits.hpp
[0.701s] -- Up-to-date: /root/ros2_bunker_dev/install/bunker_msgs/include/bunker_msgs/msg/detail/bunker_status__type_support.hpp
[0.701s] -- Up-to-date: /root/ros2_bunker_dev/install/bunker_msgs/include/bunker_msgs/msg/detail/bunker_actuator_state__builder.hpp
[0.702s] -- Up-to-date: /root/ros2_bunker_dev/install/bunker_msgs/include/bunker_msgs/msg/detail/bunker_actuator_state__traits.hpp
[0.702s] -- Up-to-date: /root/ros2_bunker_dev/install/bunker_msgs/include/bunker_msgs/msg/detail/bunker_rc_state__builder.hpp
[0.703s] -- Up-to-date: /root/ros2_bunker_dev/install/bunker_msgs/include/bunker_msgs/msg/detail/bunker_rc_state__type_support.hpp
[0.703s] -- Up-to-date: /root/ros2_bunker_dev/install/bunker_msgs/include/bunker_msgs/msg/detail/bunker_rc_state__struct.hpp
[0.707s] -- Up-to-date: /root/ros2_bunker_dev/install/bunker_msgs/include/bunker_msgs/msg/detail/bunker_actuator_state__type_support.hpp
[0.709s] -- Up-to-date: /root/ros2_bunker_dev/install/bunker_msgs/include/bunker_msgs/msg/detail/bunker_status__struct.hpp
[0.709s] -- Up-to-date: /root/ros2_bunker_dev/install/bunker_msgs/include/bunker_msgs/msg/detail/bunker_actuator_state__struct.hpp
[0.709s] -- Up-to-date: /root/ros2_bunker_dev/install/bunker_msgs/include/bunker_msgs/msg/rosidl_generator_cpp__visibility_control.hpp
[0.710s] -- Up-to-date: /root/ros2_bunker_dev/install/bunker_msgs/include/bunker_msgs/msg/bunker_rc_state.hpp
[0.710s] -- Up-to-date: /root/ros2_bunker_dev/install/bunker_msgs/include/bunker_msgs/msg/bunker_actuator_state.hpp
[0.710s] -- Up-to-date: /root/ros2_bunker_dev/install/bunker_msgs/include/bunker_msgs
[0.710s] -- Up-to-date: /root/ros2_bunker_dev/install/bunker_msgs/include/bunker_msgs/msg
[0.711s] -- Up-to-date: /root/ros2_bunker_dev/install/bunker_msgs/include/bunker_msgs/msg/detail
[0.711s] -- Up-to-date: /root/ros2_bunker_dev/install/bunker_msgs/include/bunker_msgs/msg/detail/bunker_rc_state__type_support.cpp
[0.711s] -- Up-to-date: /root/ros2_bunker_dev/install/bunker_msgs/include/bunker_msgs/msg/detail/bunker_status__rosidl_typesupport_introspection_cpp.hpp
[0.712s] -- Up-to-date: /root/ros2_bunker_dev/install/bunker_msgs/include/bunker_msgs/msg/detail/bunker_actuator_state__type_support.cpp
[0.713s] -- Up-to-date: /root/ros2_bunker_dev/install/bunker_msgs/include/bunker_msgs/msg/detail/bunker_status__type_support.cpp
[0.713s] -- Up-to-date: /root/ros2_bunker_dev/install/bunker_msgs/include/bunker_msgs/msg/detail/bunker_rc_state__rosidl_typesupport_introspection_cpp.hpp
[0.713s] -- Up-to-date: /root/ros2_bunker_dev/install/bunker_msgs/include/bunker_msgs/msg/detail/bunker_actuator_state__rosidl_typesupport_introspection_cpp.hpp
[0.713s] -- Up-to-date: /root/ros2_bunker_dev/install/bunker_msgs/lib/libbunker_msgs__rosidl_typesupport_introspection_cpp.so
[0.714s] -- Up-to-date: /root/ros2_bunker_dev/install/bunker_msgs/lib/libbunker_msgs__rosidl_typesupport_cpp.so
[0.714s] -- Up-to-date: /root/ros2_bunker_dev/install/bunker_msgs/share/bunker_msgs/environment/pythonpath.sh
[0.715s] -- Up-to-date: /root/ros2_bunker_dev/install/bunker_msgs/share/bunker_msgs/environment/pythonpath.dsv
[0.716s] -- Up-to-date: /root/ros2_bunker_dev/install/bunker_msgs/lib/python3.8/site-packages/bunker_msgs/__init__.py
[0.736s] -- Up-to-date: /root/ros2_bunker_dev/install/bunker_msgs/lib/python3.8/site-packages/bunker_msgs/msg
[0.736s] -- Up-to-date: /root/ros2_bunker_dev/install/bunker_msgs/lib/python3.8/site-packages/bunker_msgs/msg/_bunker_status.py
[0.737s] -- Up-to-date: /root/ros2_bunker_dev/install/bunker_msgs/lib/python3.8/site-packages/bunker_msgs/msg/_bunker_actuator_state.py
[0.737s] -- Up-to-date: /root/ros2_bunker_dev/install/bunker_msgs/lib/python3.8/site-packages/bunker_msgs/msg/_bunker_rc_state.py
[0.737s] -- Up-to-date: /root/ros2_bunker_dev/install/bunker_msgs/lib/python3.8/site-packages/bunker_msgs/msg/__init__.py
[0.737s] -- Up-to-date: /root/ros2_bunker_dev/install/bunker_msgs/lib/python3.8/site-packages/bunker_msgs/msg/_bunker_status_s.c
[0.738s] -- Up-to-date: /root/ros2_bunker_dev/install/bunker_msgs/lib/python3.8/site-packages/bunker_msgs/msg/_bunker_rc_state_s.c
[0.738s] -- Up-to-date: /root/ros2_bunker_dev/install/bunker_msgs/lib/python3.8/site-packages/bunker_msgs/msg/_bunker_actuator_state_s.c
[0.741s] -- Up-to-date: /root/ros2_bunker_dev/install/bunker_msgs/lib/python3.8/site-packages/bunker_msgs/bunker_msgs_s__rosidl_typesupport_fastrtps_c.cpython-38-aarch64-linux-gnu.so
[0.742s] -- Up-to-date: /root/ros2_bunker_dev/install/bunker_msgs/lib/python3.8/site-packages/bunker_msgs/bunker_msgs_s__rosidl_typesupport_introspection_c.cpython-38-aarch64-linux-gnu.so
[0.746s] -- Up-to-date: /root/ros2_bunker_dev/install/bunker_msgs/lib/python3.8/site-packages/bunker_msgs/bunker_msgs_s__rosidl_typesupport_c.cpython-38-aarch64-linux-gnu.so
[0.747s] -- Up-to-date: /root/ros2_bunker_dev/install/bunker_msgs/lib/libbunker_msgs__python.so
[0.748s] -- Up-to-date: /root/ros2_bunker_dev/install/bunker_msgs/share/bunker_msgs/msg/BunkerActuatorState.idl
[0.749s] -- Up-to-date: /root/ros2_bunker_dev/install/bunker_msgs/share/bunker_msgs/msg/BunkerRCState.idl
[0.751s] -- Up-to-date: /root/ros2_bunker_dev/install/bunker_msgs/share/bunker_msgs/msg/BunkerStatus.idl
[0.752s] -- Up-to-date: /root/ros2_bunker_dev/install/bunker_msgs/share/bunker_msgs/msg/BunkerActuatorState.msg
[0.753s] -- Up-to-date: /root/ros2_bunker_dev/install/bunker_msgs/share/bunker_msgs/msg/BunkerRCState.msg
[0.755s] -- Up-to-date: /root/ros2_bunker_dev/install/bunker_msgs/share/bunker_msgs/msg/BunkerStatus.msg
[0.758s] -- Up-to-date: /root/ros2_bunker_dev/install/bunker_msgs/share/ament_index/resource_index/package_run_dependencies/bunker_msgs
[0.759s] -- Up-to-date: /root/ros2_bunker_dev/install/bunker_msgs/share/ament_index/resource_index/parent_prefix_path/bunker_msgs
[0.760s] -- Up-to-date: /root/ros2_bunker_dev/install/bunker_msgs/share/bunker_msgs/environment/ament_prefix_path.sh
[0.761s] -- Up-to-date: /root/ros2_bunker_dev/install/bunker_msgs/share/bunker_msgs/environment/ament_prefix_path.dsv
[0.762s] -- Up-to-date: /root/ros2_bunker_dev/install/bunker_msgs/share/bunker_msgs/environment/path.sh
[0.763s] -- Up-to-date: /root/ros2_bunker_dev/install/bunker_msgs/share/bunker_msgs/environment/path.dsv
[0.764s] -- Up-to-date: /root/ros2_bunker_dev/install/bunker_msgs/share/bunker_msgs/local_setup.bash
[0.765s] -- Up-to-date: /root/ros2_bunker_dev/install/bunker_msgs/share/bunker_msgs/local_setup.sh
[0.766s] -- Up-to-date: /root/ros2_bunker_dev/install/bunker_msgs/share/bunker_msgs/local_setup.zsh
[0.766s] -- Up-to-date: /root/ros2_bunker_dev/install/bunker_msgs/share/bunker_msgs/local_setup.dsv
[0.767s] -- Installing: /root/ros2_bunker_dev/install/bunker_msgs/share/bunker_msgs/package.dsv
[0.768s] -- Up-to-date: /root/ros2_bunker_dev/install/bunker_msgs/share/ament_index/resource_index/packages/bunker_msgs
[0.768s] -- Up-to-date: /root/ros2_bunker_dev/install/bunker_msgs/share/bunker_msgs/cmake/bunker_msgs__rosidl_generator_cExport.cmake
[0.769s] -- Up-to-date: /root/ros2_bunker_dev/install/bunker_msgs/share/bunker_msgs/cmake/bunker_msgs__rosidl_generator_cExport-noconfig.cmake
[0.769s] -- Up-to-date: /root/ros2_bunker_dev/install/bunker_msgs/share/bunker_msgs/cmake/bunker_msgs__rosidl_typesupport_introspection_cExport.cmake
[0.770s] -- Up-to-date: /root/ros2_bunker_dev/install/bunker_msgs/share/bunker_msgs/cmake/bunker_msgs__rosidl_typesupport_introspection_cExport-noconfig.cmake
[0.770s] -- Up-to-date: /root/ros2_bunker_dev/install/bunker_msgs/share/bunker_msgs/cmake/bunker_msgs__rosidl_typesupport_cExport.cmake
[0.770s] -- Up-to-date: /root/ros2_bunker_dev/install/bunker_msgs/share/bunker_msgs/cmake/bunker_msgs__rosidl_typesupport_cExport-noconfig.cmake
[0.770s] -- Up-to-date: /root/ros2_bunker_dev/install/bunker_msgs/share/bunker_msgs/cmake/bunker_msgs__rosidl_generator_cppExport.cmake
[0.771s] -- Up-to-date: /root/ros2_bunker_dev/install/bunker_msgs/share/bunker_msgs/cmake/bunker_msgs__rosidl_typesupport_introspection_cppExport.cmake
[0.771s] -- Up-to-date: /root/ros2_bunker_dev/install/bunker_msgs/share/bunker_msgs/cmake/bunker_msgs__rosidl_typesupport_introspection_cppExport-noconfig.cmake
[0.772s] -- Up-to-date: /root/ros2_bunker_dev/install/bunker_msgs/share/bunker_msgs/cmake/bunker_msgs__rosidl_typesupport_cppExport.cmake
[0.772s] -- Up-to-date: /root/ros2_bunker_dev/install/bunker_msgs/share/bunker_msgs/cmake/bunker_msgs__rosidl_typesupport_cppExport-noconfig.cmake
[0.774s] -- Up-to-date: /root/ros2_bunker_dev/install/bunker_msgs/share/bunker_msgs/cmake/rosidl_cmake-extras.cmake
[0.774s] -- Up-to-date: /root/ros2_bunker_dev/install/bunker_msgs/share/bunker_msgs/cmake/ament_cmake_export_dependencies-extras.cmake
[0.779s] -- Up-to-date: /root/ros2_bunker_dev/install/bunker_msgs/share/bunker_msgs/cmake/ament_cmake_export_libraries-extras.cmake
[0.779s] -- Up-to-date: /root/ros2_bunker_dev/install/bunker_msgs/share/bunker_msgs/cmake/ament_cmake_export_targets-extras.cmake
[0.779s] -- Up-to-date: /root/ros2_bunker_dev/install/bunker_msgs/share/bunker_msgs/cmake/ament_cmake_export_include_directories-extras.cmake
[0.780s] -- Up-to-date: /root/ros2_bunker_dev/install/bunker_msgs/share/bunker_msgs/cmake/rosidl_cmake_export_typesupport_libraries-extras.cmake
[0.780s] -- Up-to-date: /root/ros2_bunker_dev/install/bunker_msgs/share/bunker_msgs/cmake/rosidl_cmake_export_typesupport_targets-extras.cmake
[0.782s] -- Up-to-date: /root/ros2_bunker_dev/install/bunker_msgs/share/bunker_msgs/cmake/bunker_msgsConfig.cmake
[0.782s] -- Up-to-date: /root/ros2_bunker_dev/install/bunker_msgs/share/bunker_msgs/cmake/bunker_msgsConfig-version.cmake
[0.783s] -- Up-to-date: /root/ros2_bunker_dev/install/bunker_msgs/share/bunker_msgs/package.xml
[0.785s] Invoked command in '/root/ros2_bunker_dev/build/bunker_msgs' returned '0': CMAKE_PREFIX_PATH=/opt/ros/foxy /usr/bin/cmake --install /root/ros2_bunker_dev/build/bunker_msgs
