[0.026s] Invoking command in '/root/ros2_bunker_dev/build/ugv_sdk': /usr/bin/cmake --build /root/ros2_bunker_dev/build/ugv_sdk -- -j8 -l8
[0.110s] [ 42%] Built target ugv_sdk
[0.168s] [ 57%] Built target demo_bunker_robot
[0.171s] [ 67%] Built target demo_scout_mini_omni_robot
[0.173s] [ 67%] Built target demo_scout_robot
[0.173s] [ 82%] Built target demo_robot_version
[0.177s] [100%] Built target demo_hunter_robot
[0.178s] [100%] Built target demo_protocol_detector
[0.179s] [100%] Built target demo_tracer_robot
[0.179s] [100%] Built target demo_ranger_robot
[0.199s] Invoked command in '/root/ros2_bunker_dev/build/ugv_sdk' returned '0': /usr/bin/cmake --build /root/ros2_bunker_dev/build/ugv_sdk -- -j8 -l8
[0.286s] Invoking command in '/root/ros2_bunker_dev/build/ugv_sdk': /usr/bin/cmake --install /root/ros2_bunker_dev/build/ugv_sdk
[0.290s] -- Install configuration: "Release"
[0.291s] -- Up-to-date: /root/ros2_bunker_dev/install/ugv_sdk/lib/libugv_sdk.a
[0.291s] -- Up-to-date: /root/ros2_bunker_dev/install/ugv_sdk/include/ugv_sdk
[0.291s] -- Up-to-date: /root/ros2_bunker_dev/install/ugv_sdk/include/ugv_sdk/details
[0.292s] -- Up-to-date: /root/ros2_bunker_dev/install/ugv_sdk/include/ugv_sdk/details/interface
[0.293s] -- Up-to-date: /root/ros2_bunker_dev/install/ugv_sdk/include/ugv_sdk/details/interface/robot_common_interface.hpp
[0.293s] -- Up-to-date: /root/ros2_bunker_dev/install/ugv_sdk/include/ugv_sdk/details/interface/tracer_interface.hpp
[0.293s] -- Up-to-date: /root/ros2_bunker_dev/install/ugv_sdk/include/ugv_sdk/details/interface/ranger_interface.hpp
[0.294s] -- Up-to-date: /root/ros2_bunker_dev/install/ugv_sdk/include/ugv_sdk/details/interface/scout_interface.hpp
[0.294s] -- Up-to-date: /root/ros2_bunker_dev/install/ugv_sdk/include/ugv_sdk/details/interface/hunter_interface.hpp
[0.296s] -- Up-to-date: /root/ros2_bunker_dev/install/ugv_sdk/include/ugv_sdk/details/interface/titan_interface.hpp
[0.297s] -- Up-to-date: /root/ros2_bunker_dev/install/ugv_sdk/include/ugv_sdk/details/interface/agilex_message.h
[0.300s] -- Up-to-date: /root/ros2_bunker_dev/install/ugv_sdk/include/ugv_sdk/details/interface/agilex_types.h
[0.300s] -- Up-to-date: /root/ros2_bunker_dev/install/ugv_sdk/include/ugv_sdk/details/interface/bunker_interface.hpp
[0.301s] -- Up-to-date: /root/ros2_bunker_dev/install/ugv_sdk/include/ugv_sdk/details/parser_base.hpp
[0.302s] -- Up-to-date: /root/ros2_bunker_dev/install/ugv_sdk/include/ugv_sdk/details/protocol_v2
[0.302s] -- Up-to-date: /root/ros2_bunker_dev/install/ugv_sdk/include/ugv_sdk/details/protocol_v2/protocol_v2_parser.hpp
[0.302s] -- Up-to-date: /root/ros2_bunker_dev/install/ugv_sdk/include/ugv_sdk/details/robot_base
[0.302s] -- Up-to-date: /root/ros2_bunker_dev/install/ugv_sdk/include/ugv_sdk/details/robot_base/scout_base.hpp
[0.303s] -- Up-to-date: /root/ros2_bunker_dev/install/ugv_sdk/include/ugv_sdk/details/robot_base/hunter_base.hpp
[0.303s] -- Up-to-date: /root/ros2_bunker_dev/install/ugv_sdk/include/ugv_sdk/details/robot_base/agilex_base.hpp
[0.304s] -- Up-to-date: /root/ros2_bunker_dev/install/ugv_sdk/include/ugv_sdk/details/robot_base/bunker_base.hpp
[0.304s] -- Up-to-date: /root/ros2_bunker_dev/install/ugv_sdk/include/ugv_sdk/details/robot_base/titan_base.hpp
[0.304s] -- Up-to-date: /root/ros2_bunker_dev/install/ugv_sdk/include/ugv_sdk/details/robot_base/ranger_base.hpp
[0.305s] -- Up-to-date: /root/ros2_bunker_dev/install/ugv_sdk/include/ugv_sdk/details/robot_base/tracer_base.hpp
[0.305s] -- Up-to-date: /root/ros2_bunker_dev/install/ugv_sdk/include/ugv_sdk/details/async_port
[0.306s] -- Up-to-date: /root/ros2_bunker_dev/install/ugv_sdk/include/ugv_sdk/details/async_port/async_can.hpp
[0.306s] -- Up-to-date: /root/ros2_bunker_dev/install/ugv_sdk/include/ugv_sdk/details/async_port/async_serial.hpp
[0.307s] -- Up-to-date: /root/ros2_bunker_dev/install/ugv_sdk/include/ugv_sdk/details/async_port/ring_buffer.hpp
[0.307s] -- Up-to-date: /root/ros2_bunker_dev/install/ugv_sdk/include/ugv_sdk/details/protocol_v1
[0.307s] -- Up-to-date: /root/ros2_bunker_dev/install/ugv_sdk/include/ugv_sdk/details/protocol_v1/robot_limits.hpp
[0.307s] -- Up-to-date: /root/ros2_bunker_dev/install/ugv_sdk/include/ugv_sdk/details/protocol_v1/agilex_msg_parser_v1.h
[0.308s] -- Up-to-date: /root/ros2_bunker_dev/install/ugv_sdk/include/ugv_sdk/details/protocol_v1/protocol_v1_parser.hpp
[0.308s] -- Up-to-date: /root/ros2_bunker_dev/install/ugv_sdk/include/ugv_sdk/utilities
[0.309s] -- Up-to-date: /root/ros2_bunker_dev/install/ugv_sdk/include/ugv_sdk/utilities/protocol_detector.hpp
[0.309s] -- Up-to-date: /root/ros2_bunker_dev/install/ugv_sdk/include/ugv_sdk/mobile_robot
[0.309s] -- Up-to-date: /root/ros2_bunker_dev/install/ugv_sdk/include/ugv_sdk/mobile_robot/tracer_robot.hpp
[0.309s] -- Up-to-date: /root/ros2_bunker_dev/install/ugv_sdk/include/ugv_sdk/mobile_robot/scout_robot.hpp
[0.310s] -- Up-to-date: /root/ros2_bunker_dev/install/ugv_sdk/include/ugv_sdk/mobile_robot/titan_robot.hpp
[0.310s] -- Up-to-date: /root/ros2_bunker_dev/install/ugv_sdk/include/ugv_sdk/mobile_robot/bunker_robot.hpp
[0.310s] -- Up-to-date: /root/ros2_bunker_dev/install/ugv_sdk/include/ugv_sdk/mobile_robot/ranger_robot.hpp
[0.311s] -- Up-to-date: /root/ros2_bunker_dev/install/ugv_sdk/include/ugv_sdk/mobile_robot/hunter_robot.hpp
[0.311s] -- Up-to-date: /root/ros2_bunker_dev/install/ugv_sdk/lib/cmake/ugv_sdk/ugv_sdkTargets.cmake
[0.311s] -- Up-to-date: /root/ros2_bunker_dev/install/ugv_sdk/lib/cmake/ugv_sdk/ugv_sdkTargets-release.cmake
[0.312s] -- Up-to-date: /root/ros2_bunker_dev/install/ugv_sdk/lib/cmake/ugv_sdk/ugv_sdkConfig.cmake
[0.312s] -- Up-to-date: /root/ros2_bunker_dev/install/ugv_sdk/lib/cmake/ugv_sdk/ugv_sdkConfigVersion.cmake
[0.313s] Invoked command in '/root/ros2_bunker_dev/build/ugv_sdk' returned '0': /usr/bin/cmake --install /root/ros2_bunker_dev/build/ugv_sdk
