[0.551s] Invoking command in '/root/ros2_bunker_dev/src/rpa': PYTHONPATH=/root/ros2_bunker_dev/build/rpa/prefix_override:/root/ros2_bunker_dev/install/rpa/lib/python3.8/site-packages:${PYTHONPATH} /usr/bin/python3 setup.py egg_info --egg-base ../../build/rpa build --build-base /root/ros2_bunker_dev/build/rpa/build install --record /root/ros2_bunker_dev/build/rpa/install.log --single-version-externally-managed
[0.700s] running egg_info
[0.701s] writing ../../build/rpa/rpa.egg-info/PKG-INFO
[0.702s] writing dependency_links to ../../build/rpa/rpa.egg-info/dependency_links.txt
[0.703s] writing entry points to ../../build/rpa/rpa.egg-info/entry_points.txt
[0.703s] writing requirements to ../../build/rpa/rpa.egg-info/requires.txt
[0.704s] writing top-level names to ../../build/rpa/rpa.egg-info/top_level.txt
[0.729s] reading manifest file '../../build/rpa/rpa.egg-info/SOURCES.txt'
[0.731s] writing manifest file '../../build/rpa/rpa.egg-info/SOURCES.txt'
[0.732s] running build
[0.734s] running build_py
[0.737s] running install
[0.737s] running install_lib
[0.743s] running install_data
[0.744s] running install_egg_info
[0.745s] removing '/root/ros2_bunker_dev/install/rpa/lib/python3.8/site-packages/rpa-0.0.0-py3.8.egg-info' (and everything under it)
[0.750s] Copying ../../build/rpa/rpa.egg-info to /root/ros2_bunker_dev/install/rpa/lib/python3.8/site-packages/rpa-0.0.0-py3.8.egg-info
[0.761s] running install_scripts
[0.772s] Installing slam_processor script to /root/ros2_bunker_dev/install/rpa/lib/rpa
[0.774s] writing list of installed files to '/root/ros2_bunker_dev/build/rpa/install.log'
[0.803s] Invoked command in '/root/ros2_bunker_dev/src/rpa' returned '0': PYTHONPATH=/root/ros2_bunker_dev/build/rpa/prefix_override:/root/ros2_bunker_dev/install/rpa/lib/python3.8/site-packages:${PYTHONPATH} /usr/bin/python3 setup.py egg_info --egg-base ../../build/rpa build --build-base /root/ros2_bunker_dev/build/rpa/build install --record /root/ros2_bunker_dev/build/rpa/install.log --single-version-externally-managed
