[0.135s] DEBUG:colcon:Command line arguments: ['/usr/bin/colcon', 'build']
[0.135s] DEBUG:colcon:Parsed command line arguments: Namespace(ament_cmake_args=None, base_paths=['.'], build_base='build', catkin_cmake_args=None, catkin_skip_building_tests=False, cmake_args=None, cmake_clean_cache=False, cmake_clean_first=False, cmake_force_configure=False, cmake_target=None, cmake_target_skip_unavailable=False, continue_on_error=False, event_handlers=None, executor='parallel', ignore_user_meta=False, install_base='install', log_base=None, log_level=None, main=<bound method BuildVerb.main of <colcon_core.verb.build.BuildVerb object at 0xffff8d92bac0>>, merge_install=False, metas=['./colcon.meta'], mixin=None, mixin_files=None, mixin_verb=('build',), packages_above=None, packages_above_and_dependencies=None, packages_above_depth=None, packages_end=None, packages_ignore=None, packages_ignore_regex=None, packages_select=None, packages_select_build_failed=False, packages_select_by_dep=None, packages_select_regex=None, packages_select_test_failures=False, packages_skip=None, packages_skip_build_finished=False, packages_skip_by_dep=None, packages_skip_regex=None, packages_skip_test_passed=False, packages_skip_up_to=None, packages_start=None, packages_up_to=None, packages_up_to_regex=None, parallel_workers=8, paths=None, symlink_install=False, test_result_base=None, verb_extension=<colcon_core.verb.build.BuildVerb object at 0xffff8d92bac0>, verb_name='build', verb_parser=<colcon_mixin.mixin.mixin_argument.MixinArgumentDecorator object at 0xffff8d9350d0>)
[0.151s] Level 1:colcon.colcon_core.package_discovery:discover_packages(colcon_meta) check parameters
[0.151s] INFO:colcon.colcon_metadata.package_discovery.colcon_meta:Using configuration from '/root/.colcon/metadata/default/Gazebo.meta'
[0.151s] INFO:colcon.colcon_metadata.package_discovery.colcon_meta:Using configuration from '/root/.colcon/metadata/default/fastrtps.meta'
[0.151s] Level 1:colcon.colcon_core.package_discovery:discover_packages(recursive) check parameters
[0.151s] Level 1:colcon.colcon_core.package_discovery:discover_packages(ignore) check parameters
[0.152s] Level 1:colcon.colcon_core.package_discovery:discover_packages(path) check parameters
[0.152s] Level 1:colcon.colcon_core.package_discovery:discover_packages(colcon_meta) discover
[0.152s] Level 1:colcon.colcon_core.package_discovery:discover_packages(recursive) discover
[0.152s] INFO:colcon.colcon_core.package_discovery:Crawling recursively for packages in '/root/ros2_bunker_dev'
[0.152s] Level 1:colcon.colcon_core.package_identification:_identify(.) by extensions ['ignore', 'ignore_ament_install']
[0.152s] Level 1:colcon.colcon_core.package_identification:_identify(.) by extension 'ignore'
[0.152s] Level 1:colcon.colcon_core.package_identification:_identify(.) by extension 'ignore_ament_install'
[0.152s] Level 1:colcon.colcon_core.package_identification:_identify(.) by extensions ['colcon_pkg']
[0.152s] Level 1:colcon.colcon_core.package_identification:_identify(.) by extension 'colcon_pkg'
[0.153s] Level 1:colcon.colcon_core.package_identification:_identify(.) by extensions ['colcon_meta']
[0.153s] Level 1:colcon.colcon_core.package_identification:_identify(.) by extension 'colcon_meta'
[0.153s] Level 1:colcon.colcon_core.package_identification:_identify(.) by extensions ['ros']
[0.153s] Level 1:colcon.colcon_core.package_identification:_identify(.) by extension 'ros'
[0.160s] Level 1:colcon.colcon_core.package_identification:_identify(.) by extensions ['cmake', 'python']
[0.160s] Level 1:colcon.colcon_core.package_identification:_identify(.) by extension 'cmake'
[0.160s] Level 1:colcon.colcon_core.package_identification:_identify(.) by extension 'python'
[0.160s] Level 1:colcon.colcon_core.package_identification:_identify(.) by extensions ['python_setup_py']
[0.160s] Level 1:colcon.colcon_core.package_identification:_identify(.) by extension 'python_setup_py'
[0.161s] Level 1:colcon.colcon_core.package_identification:_identify(build) by extensions ['ignore', 'ignore_ament_install']
[0.161s] Level 1:colcon.colcon_core.package_identification:_identify(build) by extension 'ignore'
[0.161s] Level 1:colcon.colcon_core.package_identification:_identify(build) ignored
[0.161s] Level 1:colcon.colcon_core.package_identification:_identify(install) by extensions ['ignore', 'ignore_ament_install']
[0.162s] Level 1:colcon.colcon_core.package_identification:_identify(install) by extension 'ignore'
[0.162s] Level 1:colcon.colcon_core.package_identification:_identify(install) ignored
[0.162s] Level 1:colcon.colcon_core.package_identification:_identify(log) by extensions ['ignore', 'ignore_ament_install']
[0.162s] Level 1:colcon.colcon_core.package_identification:_identify(log) by extension 'ignore'
[0.162s] Level 1:colcon.colcon_core.package_identification:_identify(log) ignored
[0.162s] Level 1:colcon.colcon_core.package_identification:_identify(src) by extensions ['ignore', 'ignore_ament_install']
[0.162s] Level 1:colcon.colcon_core.package_identification:_identify(src) by extension 'ignore'
[0.162s] Level 1:colcon.colcon_core.package_identification:_identify(src) by extension 'ignore_ament_install'
[0.163s] Level 1:colcon.colcon_core.package_identification:_identify(src) by extensions ['colcon_pkg']
[0.163s] Level 1:colcon.colcon_core.package_identification:_identify(src) by extension 'colcon_pkg'
[0.163s] Level 1:colcon.colcon_core.package_identification:_identify(src) by extensions ['colcon_meta']
[0.163s] Level 1:colcon.colcon_core.package_identification:_identify(src) by extension 'colcon_meta'
[0.163s] Level 1:colcon.colcon_core.package_identification:_identify(src) by extensions ['ros']
[0.163s] Level 1:colcon.colcon_core.package_identification:_identify(src) by extension 'ros'
[0.163s] Level 1:colcon.colcon_core.package_identification:_identify(src) by extensions ['cmake', 'python']
[0.163s] Level 1:colcon.colcon_core.package_identification:_identify(src) by extension 'cmake'
[0.163s] Level 1:colcon.colcon_core.package_identification:_identify(src) by extension 'python'
[0.163s] Level 1:colcon.colcon_core.package_identification:_identify(src) by extensions ['python_setup_py']
[0.163s] Level 1:colcon.colcon_core.package_identification:_identify(src) by extension 'python_setup_py'
[0.163s] Level 1:colcon.colcon_core.package_identification:_identify(src/bunker_ros2) by extensions ['ignore', 'ignore_ament_install']
[0.164s] Level 1:colcon.colcon_core.package_identification:_identify(src/bunker_ros2) by extension 'ignore'
[0.164s] Level 1:colcon.colcon_core.package_identification:_identify(src/bunker_ros2) by extension 'ignore_ament_install'
[0.164s] Level 1:colcon.colcon_core.package_identification:_identify(src/bunker_ros2) by extensions ['colcon_pkg']
[0.164s] Level 1:colcon.colcon_core.package_identification:_identify(src/bunker_ros2) by extension 'colcon_pkg'
[0.164s] Level 1:colcon.colcon_core.package_identification:_identify(src/bunker_ros2) by extensions ['colcon_meta']
[0.164s] Level 1:colcon.colcon_core.package_identification:_identify(src/bunker_ros2) by extension 'colcon_meta'
[0.164s] Level 1:colcon.colcon_core.package_identification:_identify(src/bunker_ros2) by extensions ['ros']
[0.164s] Level 1:colcon.colcon_core.package_identification:_identify(src/bunker_ros2) by extension 'ros'
[0.164s] Level 1:colcon.colcon_core.package_identification:_identify(src/bunker_ros2) by extensions ['cmake', 'python']
[0.164s] Level 1:colcon.colcon_core.package_identification:_identify(src/bunker_ros2) by extension 'cmake'
[0.164s] Level 1:colcon.colcon_core.package_identification:_identify(src/bunker_ros2) by extension 'python'
[0.164s] Level 1:colcon.colcon_core.package_identification:_identify(src/bunker_ros2) by extensions ['python_setup_py']
[0.164s] Level 1:colcon.colcon_core.package_identification:_identify(src/bunker_ros2) by extension 'python_setup_py'
[0.165s] Level 1:colcon.colcon_core.package_identification:_identify(src/bunker_ros2/bunker_base) by extensions ['ignore', 'ignore_ament_install']
[0.165s] Level 1:colcon.colcon_core.package_identification:_identify(src/bunker_ros2/bunker_base) by extension 'ignore'
[0.165s] Level 1:colcon.colcon_core.package_identification:_identify(src/bunker_ros2/bunker_base) by extension 'ignore_ament_install'
[0.165s] Level 1:colcon.colcon_core.package_identification:_identify(src/bunker_ros2/bunker_base) by extensions ['colcon_pkg']
[0.165s] Level 1:colcon.colcon_core.package_identification:_identify(src/bunker_ros2/bunker_base) by extension 'colcon_pkg'
[0.165s] Level 1:colcon.colcon_core.package_identification:_identify(src/bunker_ros2/bunker_base) by extensions ['colcon_meta']
[0.165s] Level 1:colcon.colcon_core.package_identification:_identify(src/bunker_ros2/bunker_base) by extension 'colcon_meta'
[0.165s] Level 1:colcon.colcon_core.package_identification:_identify(src/bunker_ros2/bunker_base) by extensions ['ros']
[0.165s] Level 1:colcon.colcon_core.package_identification:_identify(src/bunker_ros2/bunker_base) by extension 'ros'
[0.171s] DEBUG:colcon.colcon_core.package_identification:Package 'src/bunker_ros2/bunker_base' with type 'ros.ament_cmake' and name 'bunker_base'
[0.171s] Level 1:colcon.colcon_core.package_identification:_identify(src/bunker_ros2/bunker_msgs) by extensions ['ignore', 'ignore_ament_install']
[0.171s] Level 1:colcon.colcon_core.package_identification:_identify(src/bunker_ros2/bunker_msgs) by extension 'ignore'
[0.171s] Level 1:colcon.colcon_core.package_identification:_identify(src/bunker_ros2/bunker_msgs) by extension 'ignore_ament_install'
[0.171s] Level 1:colcon.colcon_core.package_identification:_identify(src/bunker_ros2/bunker_msgs) by extensions ['colcon_pkg']
[0.171s] Level 1:colcon.colcon_core.package_identification:_identify(src/bunker_ros2/bunker_msgs) by extension 'colcon_pkg'
[0.172s] Level 1:colcon.colcon_core.package_identification:_identify(src/bunker_ros2/bunker_msgs) by extensions ['colcon_meta']
[0.172s] Level 1:colcon.colcon_core.package_identification:_identify(src/bunker_ros2/bunker_msgs) by extension 'colcon_meta'
[0.172s] Level 1:colcon.colcon_core.package_identification:_identify(src/bunker_ros2/bunker_msgs) by extensions ['ros']
[0.172s] Level 1:colcon.colcon_core.package_identification:_identify(src/bunker_ros2/bunker_msgs) by extension 'ros'
[0.172s] DEBUG:colcon.colcon_core.package_identification:Package 'src/bunker_ros2/bunker_msgs' with type 'ros.ament_cmake' and name 'bunker_msgs'
[0.173s] Level 1:colcon.colcon_core.package_identification:_identify(src/custom_bunker_controller) by extensions ['ignore', 'ignore_ament_install']
[0.173s] Level 1:colcon.colcon_core.package_identification:_identify(src/custom_bunker_controller) by extension 'ignore'
[0.173s] Level 1:colcon.colcon_core.package_identification:_identify(src/custom_bunker_controller) by extension 'ignore_ament_install'
[0.173s] Level 1:colcon.colcon_core.package_identification:_identify(src/custom_bunker_controller) by extensions ['colcon_pkg']
[0.173s] Level 1:colcon.colcon_core.package_identification:_identify(src/custom_bunker_controller) by extension 'colcon_pkg'
[0.173s] Level 1:colcon.colcon_core.package_identification:_identify(src/custom_bunker_controller) by extensions ['colcon_meta']
[0.173s] Level 1:colcon.colcon_core.package_identification:_identify(src/custom_bunker_controller) by extension 'colcon_meta'
[0.173s] Level 1:colcon.colcon_core.package_identification:_identify(src/custom_bunker_controller) by extensions ['ros']
[0.173s] Level 1:colcon.colcon_core.package_identification:_identify(src/custom_bunker_controller) by extension 'ros'
[0.174s] DEBUG:colcon.colcon_core.package_identification:Package 'src/custom_bunker_controller' with type 'ros.ament_cmake' and name 'custom_bunker_controller'
[0.174s] Level 1:colcon.colcon_core.package_identification:_identify(src/rpa) by extensions ['ignore', 'ignore_ament_install']
[0.175s] Level 1:colcon.colcon_core.package_identification:_identify(src/rpa) by extension 'ignore'
[0.175s] Level 1:colcon.colcon_core.package_identification:_identify(src/rpa) by extension 'ignore_ament_install'
[0.175s] Level 1:colcon.colcon_core.package_identification:_identify(src/rpa) by extensions ['colcon_pkg']
[0.175s] Level 1:colcon.colcon_core.package_identification:_identify(src/rpa) by extension 'colcon_pkg'
[0.175s] Level 1:colcon.colcon_core.package_identification:_identify(src/rpa) by extensions ['colcon_meta']
[0.175s] Level 1:colcon.colcon_core.package_identification:_identify(src/rpa) by extension 'colcon_meta'
[0.175s] Level 1:colcon.colcon_core.package_identification:_identify(src/rpa) by extensions ['ros']
[0.175s] Level 1:colcon.colcon_core.package_identification:_identify(src/rpa) by extension 'ros'
[0.176s] DEBUG:colcon.colcon_core.package_identification:Package 'src/rpa' with type 'ros.ament_python' and name 'rpa'
[0.177s] Level 1:colcon.colcon_core.package_identification:_identify(src/ugv_sdk) by extensions ['ignore', 'ignore_ament_install']
[0.177s] Level 1:colcon.colcon_core.package_identification:_identify(src/ugv_sdk) by extension 'ignore'
[0.177s] Level 1:colcon.colcon_core.package_identification:_identify(src/ugv_sdk) by extension 'ignore_ament_install'
[0.177s] Level 1:colcon.colcon_core.package_identification:_identify(src/ugv_sdk) by extensions ['colcon_pkg']
[0.177s] Level 1:colcon.colcon_core.package_identification:_identify(src/ugv_sdk) by extension 'colcon_pkg'
[0.177s] Level 1:colcon.colcon_core.package_identification:_identify(src/ugv_sdk) by extensions ['colcon_meta']
[0.177s] Level 1:colcon.colcon_core.package_identification:_identify(src/ugv_sdk) by extension 'colcon_meta'
[0.177s] Level 1:colcon.colcon_core.package_identification:_identify(src/ugv_sdk) by extensions ['ros']
[0.177s] Level 1:colcon.colcon_core.package_identification:_identify(src/ugv_sdk) by extension 'ros'
[0.177s] DEBUG:colcon.colcon_core.package_identification:Package 'src/ugv_sdk' with type 'ros.catkin' and name 'ugv_sdk'
[0.177s] Level 1:colcon.colcon_core.package_discovery:discover_packages(recursive) using defaults
[0.178s] Level 1:colcon.colcon_core.package_discovery:discover_packages(ignore) discover
[0.178s] Level 1:colcon.colcon_core.package_discovery:discover_packages(ignore) using defaults
[0.178s] Level 1:colcon.colcon_core.package_discovery:discover_packages(path) discover
[0.178s] Level 1:colcon.colcon_core.package_discovery:discover_packages(path) using defaults
[0.188s] Level 5:colcon.colcon_core.verb:set package 'bunker_msgs' build argument 'cmake_args' from command line to 'None'
[0.188s] Level 5:colcon.colcon_core.verb:set package 'bunker_msgs' build argument 'cmake_target' from command line to 'None'
[0.188s] Level 5:colcon.colcon_core.verb:set package 'bunker_msgs' build argument 'cmake_target_skip_unavailable' from command line to 'False'
[0.188s] Level 5:colcon.colcon_core.verb:set package 'bunker_msgs' build argument 'cmake_clean_cache' from command line to 'False'
[0.188s] Level 5:colcon.colcon_core.verb:set package 'bunker_msgs' build argument 'cmake_clean_first' from command line to 'False'
[0.188s] Level 5:colcon.colcon_core.verb:set package 'bunker_msgs' build argument 'cmake_force_configure' from command line to 'False'
[0.188s] Level 5:colcon.colcon_core.verb:set package 'bunker_msgs' build argument 'ament_cmake_args' from command line to 'None'
[0.188s] Level 5:colcon.colcon_core.verb:set package 'bunker_msgs' build argument 'catkin_cmake_args' from command line to 'None'
[0.188s] Level 5:colcon.colcon_core.verb:set package 'bunker_msgs' build argument 'catkin_skip_building_tests' from command line to 'False'
[0.188s] DEBUG:colcon.colcon_core.verb:Building package 'bunker_msgs' with the following arguments: {'ament_cmake_args': None, 'build_base': '/root/ros2_bunker_dev/build/bunker_msgs', 'catkin_cmake_args': None, 'catkin_skip_building_tests': False, 'cmake_args': None, 'cmake_clean_cache': False, 'cmake_clean_first': False, 'cmake_force_configure': False, 'cmake_target': None, 'cmake_target_skip_unavailable': False, 'install_base': '/root/ros2_bunker_dev/install/bunker_msgs', 'merge_install': False, 'path': '/root/ros2_bunker_dev/src/bunker_ros2/bunker_msgs', 'symlink_install': False, 'test_result_base': None}
[0.188s] Level 5:colcon.colcon_core.verb:set package 'custom_bunker_controller' build argument 'cmake_args' from command line to 'None'
[0.188s] Level 5:colcon.colcon_core.verb:set package 'custom_bunker_controller' build argument 'cmake_target' from command line to 'None'
[0.189s] Level 5:colcon.colcon_core.verb:set package 'custom_bunker_controller' build argument 'cmake_target_skip_unavailable' from command line to 'False'
[0.189s] Level 5:colcon.colcon_core.verb:set package 'custom_bunker_controller' build argument 'cmake_clean_cache' from command line to 'False'
[0.189s] Level 5:colcon.colcon_core.verb:set package 'custom_bunker_controller' build argument 'cmake_clean_first' from command line to 'False'
[0.189s] Level 5:colcon.colcon_core.verb:set package 'custom_bunker_controller' build argument 'cmake_force_configure' from command line to 'False'
[0.189s] Level 5:colcon.colcon_core.verb:set package 'custom_bunker_controller' build argument 'ament_cmake_args' from command line to 'None'
[0.189s] Level 5:colcon.colcon_core.verb:set package 'custom_bunker_controller' build argument 'catkin_cmake_args' from command line to 'None'
[0.189s] Level 5:colcon.colcon_core.verb:set package 'custom_bunker_controller' build argument 'catkin_skip_building_tests' from command line to 'False'
[0.189s] DEBUG:colcon.colcon_core.verb:Building package 'custom_bunker_controller' with the following arguments: {'ament_cmake_args': None, 'build_base': '/root/ros2_bunker_dev/build/custom_bunker_controller', 'catkin_cmake_args': None, 'catkin_skip_building_tests': False, 'cmake_args': None, 'cmake_clean_cache': False, 'cmake_clean_first': False, 'cmake_force_configure': False, 'cmake_target': None, 'cmake_target_skip_unavailable': False, 'install_base': '/root/ros2_bunker_dev/install/custom_bunker_controller', 'merge_install': False, 'path': '/root/ros2_bunker_dev/src/custom_bunker_controller', 'symlink_install': False, 'test_result_base': None}
[0.189s] Level 5:colcon.colcon_core.verb:set package 'rpa' build argument 'cmake_args' from command line to 'None'
[0.189s] Level 5:colcon.colcon_core.verb:set package 'rpa' build argument 'cmake_target' from command line to 'None'
[0.189s] Level 5:colcon.colcon_core.verb:set package 'rpa' build argument 'cmake_target_skip_unavailable' from command line to 'False'
[0.189s] Level 5:colcon.colcon_core.verb:set package 'rpa' build argument 'cmake_clean_cache' from command line to 'False'
[0.189s] Level 5:colcon.colcon_core.verb:set package 'rpa' build argument 'cmake_clean_first' from command line to 'False'
[0.189s] Level 5:colcon.colcon_core.verb:set package 'rpa' build argument 'cmake_force_configure' from command line to 'False'
[0.189s] Level 5:colcon.colcon_core.verb:set package 'rpa' build argument 'ament_cmake_args' from command line to 'None'
[0.189s] Level 5:colcon.colcon_core.verb:set package 'rpa' build argument 'catkin_cmake_args' from command line to 'None'
[0.189s] Level 5:colcon.colcon_core.verb:set package 'rpa' build argument 'catkin_skip_building_tests' from command line to 'False'
[0.189s] DEBUG:colcon.colcon_core.verb:Building package 'rpa' with the following arguments: {'ament_cmake_args': None, 'build_base': '/root/ros2_bunker_dev/build/rpa', 'catkin_cmake_args': None, 'catkin_skip_building_tests': False, 'cmake_args': None, 'cmake_clean_cache': False, 'cmake_clean_first': False, 'cmake_force_configure': False, 'cmake_target': None, 'cmake_target_skip_unavailable': False, 'install_base': '/root/ros2_bunker_dev/install/rpa', 'merge_install': False, 'path': '/root/ros2_bunker_dev/src/rpa', 'symlink_install': False, 'test_result_base': None}
[0.190s] Level 5:colcon.colcon_core.verb:set package 'ugv_sdk' build argument 'cmake_args' from command line to 'None'
[0.190s] Level 5:colcon.colcon_core.verb:set package 'ugv_sdk' build argument 'cmake_target' from command line to 'None'
[0.190s] Level 5:colcon.colcon_core.verb:set package 'ugv_sdk' build argument 'cmake_target_skip_unavailable' from command line to 'False'
[0.190s] Level 5:colcon.colcon_core.verb:set package 'ugv_sdk' build argument 'cmake_clean_cache' from command line to 'False'
[0.190s] Level 5:colcon.colcon_core.verb:set package 'ugv_sdk' build argument 'cmake_clean_first' from command line to 'False'
[0.190s] Level 5:colcon.colcon_core.verb:set package 'ugv_sdk' build argument 'cmake_force_configure' from command line to 'False'
[0.190s] Level 5:colcon.colcon_core.verb:set package 'ugv_sdk' build argument 'ament_cmake_args' from command line to 'None'
[0.190s] Level 5:colcon.colcon_core.verb:set package 'ugv_sdk' build argument 'catkin_cmake_args' from command line to 'None'
[0.190s] Level 5:colcon.colcon_core.verb:set package 'ugv_sdk' build argument 'catkin_skip_building_tests' from command line to 'False'
[0.190s] DEBUG:colcon.colcon_core.verb:Building package 'ugv_sdk' with the following arguments: {'ament_cmake_args': None, 'build_base': '/root/ros2_bunker_dev/build/ugv_sdk', 'catkin_cmake_args': None, 'catkin_skip_building_tests': False, 'cmake_args': None, 'cmake_clean_cache': False, 'cmake_clean_first': False, 'cmake_force_configure': False, 'cmake_target': None, 'cmake_target_skip_unavailable': False, 'install_base': '/root/ros2_bunker_dev/install/ugv_sdk', 'merge_install': False, 'path': '/root/ros2_bunker_dev/src/ugv_sdk', 'symlink_install': False, 'test_result_base': None}
[0.190s] Level 5:colcon.colcon_core.verb:set package 'bunker_base' build argument 'cmake_args' from command line to 'None'
[0.190s] Level 5:colcon.colcon_core.verb:set package 'bunker_base' build argument 'cmake_target' from command line to 'None'
[0.190s] Level 5:colcon.colcon_core.verb:set package 'bunker_base' build argument 'cmake_target_skip_unavailable' from command line to 'False'
[0.190s] Level 5:colcon.colcon_core.verb:set package 'bunker_base' build argument 'cmake_clean_cache' from command line to 'False'
[0.190s] Level 5:colcon.colcon_core.verb:set package 'bunker_base' build argument 'cmake_clean_first' from command line to 'False'
[0.190s] Level 5:colcon.colcon_core.verb:set package 'bunker_base' build argument 'cmake_force_configure' from command line to 'False'
[0.190s] Level 5:colcon.colcon_core.verb:set package 'bunker_base' build argument 'ament_cmake_args' from command line to 'None'
[0.190s] Level 5:colcon.colcon_core.verb:set package 'bunker_base' build argument 'catkin_cmake_args' from command line to 'None'
[0.190s] Level 5:colcon.colcon_core.verb:set package 'bunker_base' build argument 'catkin_skip_building_tests' from command line to 'False'
[0.190s] DEBUG:colcon.colcon_core.verb:Building package 'bunker_base' with the following arguments: {'ament_cmake_args': None, 'build_base': '/root/ros2_bunker_dev/build/bunker_base', 'catkin_cmake_args': None, 'catkin_skip_building_tests': False, 'cmake_args': None, 'cmake_clean_cache': False, 'cmake_clean_first': False, 'cmake_force_configure': False, 'cmake_target': None, 'cmake_target_skip_unavailable': False, 'install_base': '/root/ros2_bunker_dev/install/bunker_base', 'merge_install': False, 'path': '/root/ros2_bunker_dev/src/bunker_ros2/bunker_base', 'symlink_install': False, 'test_result_base': None}
[0.191s] INFO:colcon.colcon_core.executor:Executing jobs using 'parallel' executor
[0.192s] DEBUG:colcon.colcon_parallel_executor.executor.parallel:run_until_complete
[0.192s] INFO:colcon.colcon_ros.task.ament_cmake.build:Building ROS package in '/root/ros2_bunker_dev/src/bunker_ros2/bunker_msgs' with build type 'ament_cmake'
[0.192s] INFO:colcon.colcon_cmake.task.cmake.build:Building CMake package in '/root/ros2_bunker_dev/src/bunker_ros2/bunker_msgs'
[0.194s] INFO:colcon.colcon_core.plugin_system:Skipping extension 'colcon_core.shell.bat': Not used on non-Windows systems
[0.194s] INFO:colcon.colcon_core.shell:Skip shell extension 'powershell' for command environment: Not usable outside of PowerShell
[0.195s] DEBUG:colcon.colcon_core.shell:Skip shell extension 'dsv' for command environment
[0.207s] INFO:colcon.colcon_ros.task.catkin.build:Building ROS package in '/root/ros2_bunker_dev/src/ugv_sdk' with build type 'catkin'
[0.207s] INFO:colcon.colcon_cmake.task.cmake.build:Building CMake package in '/root/ros2_bunker_dev/src/ugv_sdk'
[0.208s] INFO:colcon.colcon_core.shell:Skip shell extension 'powershell' for command environment: Not usable outside of PowerShell
[0.208s] DEBUG:colcon.colcon_core.shell:Skip shell extension 'dsv' for command environment
[0.211s] INFO:colcon.colcon_ros.task.ament_cmake.build:Building ROS package in '/root/ros2_bunker_dev/src/custom_bunker_controller' with build type 'ament_cmake'
[0.211s] INFO:colcon.colcon_cmake.task.cmake.build:Building CMake package in '/root/ros2_bunker_dev/src/custom_bunker_controller'
[0.212s] INFO:colcon.colcon_core.shell:Skip shell extension 'powershell' for command environment: Not usable outside of PowerShell
[0.212s] DEBUG:colcon.colcon_core.shell:Skip shell extension 'dsv' for command environment
[0.215s] INFO:colcon.colcon_ros.task.ament_python.build:Building ROS package in '/root/ros2_bunker_dev/src/rpa' with build type 'ament_python'
[0.215s] Level 1:colcon.colcon_core.shell:create_environment_hook('rpa', 'ament_prefix_path')
[0.216s] INFO:colcon.colcon_core.shell:Creating environment hook '/root/ros2_bunker_dev/install/rpa/share/rpa/hook/ament_prefix_path.ps1'
[0.217s] INFO:colcon.colcon_core.shell:Creating environment descriptor '/root/ros2_bunker_dev/install/rpa/share/rpa/hook/ament_prefix_path.dsv'
[0.217s] INFO:colcon.colcon_core.shell:Creating environment hook '/root/ros2_bunker_dev/install/rpa/share/rpa/hook/ament_prefix_path.sh'
[0.218s] INFO:colcon.colcon_core.shell:Skip shell extension 'powershell' for command environment: Not usable outside of PowerShell
[0.218s] DEBUG:colcon.colcon_core.shell:Skip shell extension 'dsv' for command environment
[0.228s] DEBUG:colcon.colcon_core.event_handler.log_command:Invoking command in '/root/ros2_bunker_dev/build/bunker_msgs': CMAKE_PREFIX_PATH=/opt/ros/foxy /usr/bin/cmake --build /root/ros2_bunker_dev/build/bunker_msgs -- -j8 -l8
[0.234s] DEBUG:colcon.colcon_core.event_handler.log_command:Invoking command in '/root/ros2_bunker_dev/build/ugv_sdk': /usr/bin/cmake --build /root/ros2_bunker_dev/build/ugv_sdk -- -j8 -l8
[0.247s] DEBUG:colcon.colcon_core.event_handler.log_command:Invoking command in '/root/ros2_bunker_dev/build/custom_bunker_controller': CMAKE_PREFIX_PATH=/opt/ros/foxy /usr/bin/cmake --build /root/ros2_bunker_dev/build/custom_bunker_controller -- -j8 -l8
[0.368s] INFO:colcon.colcon_core.task.python.build:Building Python package in '/root/ros2_bunker_dev/src/rpa'
[0.369s] INFO:colcon.colcon_core.shell:Skip shell extension 'powershell' for command environment: Not usable outside of PowerShell
[0.369s] DEBUG:colcon.colcon_core.shell:Skip shell extension 'dsv' for command environment
[0.383s] DEBUG:colcon.colcon_core.event_handler.log_command:Invoked command in '/root/ros2_bunker_dev/build/custom_bunker_controller' returned '0': CMAKE_PREFIX_PATH=/opt/ros/foxy /usr/bin/cmake --build /root/ros2_bunker_dev/build/custom_bunker_controller -- -j8 -l8
[0.405s] DEBUG:colcon.colcon_core.event_handler.log_command:Invoking command in '/root/ros2_bunker_dev/build/custom_bunker_controller': CMAKE_PREFIX_PATH=/opt/ros/foxy /usr/bin/cmake --install /root/ros2_bunker_dev/build/custom_bunker_controller
[0.407s] DEBUG:colcon.colcon_core.event_handler.log_command:Invoked command in '/root/ros2_bunker_dev/build/ugv_sdk' returned '0': /usr/bin/cmake --build /root/ros2_bunker_dev/build/ugv_sdk -- -j8 -l8
[0.423s] Level 1:colcon.colcon_core.environment:create_environment_scripts_only(custom_bunker_controller)
[0.425s] DEBUG:colcon.colcon_core.event_handler.log_command:Invoked command in '/root/ros2_bunker_dev/build/custom_bunker_controller' returned '0': CMAKE_PREFIX_PATH=/opt/ros/foxy /usr/bin/cmake --install /root/ros2_bunker_dev/build/custom_bunker_controller
[0.427s] Level 1:colcon.colcon_core.environment:checking '/root/ros2_bunker_dev/install/custom_bunker_controller' for CMake module files
[0.429s] Level 1:colcon.colcon_core.environment:checking '/root/ros2_bunker_dev/install/custom_bunker_controller' for CMake config files
[0.432s] Level 1:colcon.colcon_core.shell:create_environment_hook('custom_bunker_controller', 'cmake_prefix_path')
[0.433s] INFO:colcon.colcon_core.shell:Creating environment hook '/root/ros2_bunker_dev/install/custom_bunker_controller/share/custom_bunker_controller/hook/cmake_prefix_path.ps1'
[0.434s] INFO:colcon.colcon_core.shell:Creating environment descriptor '/root/ros2_bunker_dev/install/custom_bunker_controller/share/custom_bunker_controller/hook/cmake_prefix_path.dsv'
[0.435s] INFO:colcon.colcon_core.shell:Creating environment hook '/root/ros2_bunker_dev/install/custom_bunker_controller/share/custom_bunker_controller/hook/cmake_prefix_path.sh'
[0.435s] Level 1:colcon.colcon_core.environment:checking '/root/ros2_bunker_dev/install/custom_bunker_controller/lib'
[0.436s] Level 1:colcon.colcon_core.environment:checking '/root/ros2_bunker_dev/install/custom_bunker_controller/bin'
[0.436s] Level 1:colcon.colcon_core.environment:checking '/root/ros2_bunker_dev/install/custom_bunker_controller/lib/pkgconfig/custom_bunker_controller.pc'
[0.436s] Level 1:colcon.colcon_core.environment:checking '/root/ros2_bunker_dev/install/custom_bunker_controller/lib/python3.8/site-packages'
[0.436s] Level 1:colcon.colcon_core.environment:checking '/root/ros2_bunker_dev/install/custom_bunker_controller/bin'
[0.437s] INFO:colcon.colcon_core.shell:Creating package script '/root/ros2_bunker_dev/install/custom_bunker_controller/share/custom_bunker_controller/package.ps1'
[0.437s] INFO:colcon.colcon_core.shell:Creating package descriptor '/root/ros2_bunker_dev/install/custom_bunker_controller/share/custom_bunker_controller/package.dsv'
[0.440s] INFO:colcon.colcon_core.shell:Creating package script '/root/ros2_bunker_dev/install/custom_bunker_controller/share/custom_bunker_controller/package.sh'
[0.441s] INFO:colcon.colcon_core.shell:Creating package script '/root/ros2_bunker_dev/install/custom_bunker_controller/share/custom_bunker_controller/package.bash'
[0.444s] INFO:colcon.colcon_core.shell:Creating package script '/root/ros2_bunker_dev/install/custom_bunker_controller/share/custom_bunker_controller/package.zsh'
[0.445s] Level 1:colcon.colcon_core.environment:create_file_with_runtime_dependencies(/root/ros2_bunker_dev/install/custom_bunker_controller/share/colcon-core/packages/custom_bunker_controller)
[0.466s] Level 1:colcon.colcon_core.environment:create_environment_scripts_only(custom_bunker_controller)
[0.468s] Level 1:colcon.colcon_core.environment:checking '/root/ros2_bunker_dev/install/custom_bunker_controller' for CMake module files
[0.474s] Level 1:colcon.colcon_core.environment:checking '/root/ros2_bunker_dev/install/custom_bunker_controller' for CMake config files
[0.476s] Level 1:colcon.colcon_core.shell:create_environment_hook('custom_bunker_controller', 'cmake_prefix_path')
[0.476s] INFO:colcon.colcon_core.shell:Creating environment hook '/root/ros2_bunker_dev/install/custom_bunker_controller/share/custom_bunker_controller/hook/cmake_prefix_path.ps1'
[0.480s] INFO:colcon.colcon_core.shell:Creating environment descriptor '/root/ros2_bunker_dev/install/custom_bunker_controller/share/custom_bunker_controller/hook/cmake_prefix_path.dsv'
[0.481s] INFO:colcon.colcon_core.shell:Creating environment hook '/root/ros2_bunker_dev/install/custom_bunker_controller/share/custom_bunker_controller/hook/cmake_prefix_path.sh'
[0.483s] Level 1:colcon.colcon_core.environment:checking '/root/ros2_bunker_dev/install/custom_bunker_controller/lib'
[0.484s] Level 1:colcon.colcon_core.environment:checking '/root/ros2_bunker_dev/install/custom_bunker_controller/bin'
[0.484s] Level 1:colcon.colcon_core.environment:checking '/root/ros2_bunker_dev/install/custom_bunker_controller/lib/pkgconfig/custom_bunker_controller.pc'
[0.484s] Level 1:colcon.colcon_core.environment:checking '/root/ros2_bunker_dev/install/custom_bunker_controller/lib/python3.8/site-packages'
[0.484s] Level 1:colcon.colcon_core.environment:checking '/root/ros2_bunker_dev/install/custom_bunker_controller/bin'
[0.485s] INFO:colcon.colcon_core.shell:Creating package script '/root/ros2_bunker_dev/install/custom_bunker_controller/share/custom_bunker_controller/package.ps1'
[0.486s] INFO:colcon.colcon_core.shell:Creating package descriptor '/root/ros2_bunker_dev/install/custom_bunker_controller/share/custom_bunker_controller/package.dsv'
[0.487s] INFO:colcon.colcon_core.shell:Creating package script '/root/ros2_bunker_dev/install/custom_bunker_controller/share/custom_bunker_controller/package.sh'
[0.487s] INFO:colcon.colcon_core.shell:Creating package script '/root/ros2_bunker_dev/install/custom_bunker_controller/share/custom_bunker_controller/package.bash'
[0.488s] INFO:colcon.colcon_core.shell:Creating package script '/root/ros2_bunker_dev/install/custom_bunker_controller/share/custom_bunker_controller/package.zsh'
[0.488s] Level 1:colcon.colcon_core.environment:create_file_with_runtime_dependencies(/root/ros2_bunker_dev/install/custom_bunker_controller/share/colcon-core/packages/custom_bunker_controller)
[0.493s] DEBUG:colcon.colcon_core.event_handler.log_command:Invoking command in '/root/ros2_bunker_dev/build/ugv_sdk': /usr/bin/cmake --install /root/ros2_bunker_dev/build/ugv_sdk
[0.506s] DEBUG:colcon.colcon_core.event_handler.log_command:Invoked command in '/root/ros2_bunker_dev/build/bunker_msgs' returned '0': CMAKE_PREFIX_PATH=/opt/ros/foxy /usr/bin/cmake --build /root/ros2_bunker_dev/build/bunker_msgs -- -j8 -l8
[0.521s] DEBUG:colcon.colcon_core.event_handler.log_command:Invoked command in '/root/ros2_bunker_dev/build/ugv_sdk' returned '0': /usr/bin/cmake --install /root/ros2_bunker_dev/build/ugv_sdk
[0.541s] Level 1:colcon.colcon_core.shell:create_environment_hook('ugv_sdk', 'ros_package_path')
[0.542s] INFO:colcon.colcon_core.shell:Creating environment hook '/root/ros2_bunker_dev/install/ugv_sdk/share/ugv_sdk/hook/ros_package_path.ps1'
[0.543s] INFO:colcon.colcon_core.shell:Creating environment descriptor '/root/ros2_bunker_dev/install/ugv_sdk/share/ugv_sdk/hook/ros_package_path.dsv'
[0.543s] INFO:colcon.colcon_core.shell:Creating environment hook '/root/ros2_bunker_dev/install/ugv_sdk/share/ugv_sdk/hook/ros_package_path.sh'
[0.544s] Level 1:colcon.colcon_core.shell:create_environment_hook('ugv_sdk', 'pkg_config_path')
[0.544s] INFO:colcon.colcon_core.shell:Creating environment hook '/root/ros2_bunker_dev/install/ugv_sdk/share/ugv_sdk/hook/pkg_config_path.ps1'
[0.544s] INFO:colcon.colcon_core.shell:Creating environment descriptor '/root/ros2_bunker_dev/install/ugv_sdk/share/ugv_sdk/hook/pkg_config_path.dsv'
[0.545s] INFO:colcon.colcon_core.shell:Creating environment hook '/root/ros2_bunker_dev/install/ugv_sdk/share/ugv_sdk/hook/pkg_config_path.sh'
[0.547s] Level 1:colcon.colcon_core.shell:create_environment_hook('ugv_sdk', 'pkg_config_path_multiarch')
[0.548s] INFO:colcon.colcon_core.shell:Creating environment hook '/root/ros2_bunker_dev/install/ugv_sdk/share/ugv_sdk/hook/pkg_config_path_multiarch.ps1'
[0.549s] INFO:colcon.colcon_core.shell:Creating environment descriptor '/root/ros2_bunker_dev/install/ugv_sdk/share/ugv_sdk/hook/pkg_config_path_multiarch.dsv'
[0.549s] INFO:colcon.colcon_core.shell:Creating environment hook '/root/ros2_bunker_dev/install/ugv_sdk/share/ugv_sdk/hook/pkg_config_path_multiarch.sh'
[0.551s] Level 1:colcon.colcon_core.environment:create_environment_scripts_only(ugv_sdk)
[0.552s] Level 1:colcon.colcon_core.environment:checking '/root/ros2_bunker_dev/install/ugv_sdk' for CMake module files
[0.553s] Level 1:colcon.colcon_core.environment:checking '/root/ros2_bunker_dev/install/ugv_sdk' for CMake config files
[0.555s] Level 1:colcon.colcon_core.shell:create_environment_hook('ugv_sdk', 'cmake_prefix_path')
[0.556s] INFO:colcon.colcon_core.shell:Creating environment hook '/root/ros2_bunker_dev/install/ugv_sdk/share/ugv_sdk/hook/cmake_prefix_path.ps1'
[0.556s] INFO:colcon.colcon_core.shell:Creating environment descriptor '/root/ros2_bunker_dev/install/ugv_sdk/share/ugv_sdk/hook/cmake_prefix_path.dsv'
[0.557s] INFO:colcon.colcon_core.shell:Creating environment hook '/root/ros2_bunker_dev/install/ugv_sdk/share/ugv_sdk/hook/cmake_prefix_path.sh'
[0.557s] Level 1:colcon.colcon_core.environment:checking '/root/ros2_bunker_dev/install/ugv_sdk/lib'
[0.557s] Level 1:colcon.colcon_core.environment:checking '/root/ros2_bunker_dev/install/ugv_sdk/bin'
[0.558s] Level 1:colcon.colcon_core.environment:checking '/root/ros2_bunker_dev/install/ugv_sdk/lib/pkgconfig/ugv_sdk.pc'
[0.558s] Level 1:colcon.colcon_core.environment:checking '/root/ros2_bunker_dev/install/ugv_sdk/lib/python3.8/site-packages'
[0.558s] Level 1:colcon.colcon_core.environment:checking '/root/ros2_bunker_dev/install/ugv_sdk/bin'
[0.559s] INFO:colcon.colcon_core.shell:Creating package script '/root/ros2_bunker_dev/install/ugv_sdk/share/ugv_sdk/package.ps1'
[0.559s] INFO:colcon.colcon_core.shell:Creating package descriptor '/root/ros2_bunker_dev/install/ugv_sdk/share/ugv_sdk/package.dsv'
[0.562s] INFO:colcon.colcon_core.shell:Creating package script '/root/ros2_bunker_dev/install/ugv_sdk/share/ugv_sdk/package.sh'
[0.562s] INFO:colcon.colcon_core.shell:Creating package script '/root/ros2_bunker_dev/install/ugv_sdk/share/ugv_sdk/package.bash'
[0.562s] INFO:colcon.colcon_core.shell:Creating package script '/root/ros2_bunker_dev/install/ugv_sdk/share/ugv_sdk/package.zsh'
[0.563s] Level 1:colcon.colcon_core.environment:create_file_with_runtime_dependencies(/root/ros2_bunker_dev/install/ugv_sdk/share/colcon-core/packages/ugv_sdk)
[0.566s] DEBUG:colcon.colcon_core.event_handler.log_command:Invoking command in '/root/ros2_bunker_dev/build/bunker_msgs': CMAKE_PREFIX_PATH=/opt/ros/foxy /usr/bin/cmake --install /root/ros2_bunker_dev/build/bunker_msgs
[0.569s] DEBUG:colcon.colcon_core.event_handler.log_command:Invoking command in '/root/ros2_bunker_dev/src/rpa': PYTHONPATH=/root/ros2_bunker_dev/build/rpa/prefix_override:/root/ros2_bunker_dev/install/rpa/lib/python3.8/site-packages:${PYTHONPATH} /usr/bin/python3 setup.py egg_info --egg-base ../../build/rpa build --build-base /root/ros2_bunker_dev/build/rpa/build install --record /root/ros2_bunker_dev/build/rpa/install.log --single-version-externally-managed
[0.669s] Level 1:colcon.colcon_core.environment:create_environment_scripts_only(bunker_msgs)
[0.670s] Level 1:colcon.colcon_core.environment:checking '/root/ros2_bunker_dev/install/bunker_msgs' for CMake module files
[0.671s] DEBUG:colcon.colcon_core.event_handler.log_command:Invoked command in '/root/ros2_bunker_dev/build/bunker_msgs' returned '0': CMAKE_PREFIX_PATH=/opt/ros/foxy /usr/bin/cmake --install /root/ros2_bunker_dev/build/bunker_msgs
[0.673s] Level 1:colcon.colcon_core.environment:checking '/root/ros2_bunker_dev/install/bunker_msgs' for CMake config files
[0.676s] Level 1:colcon.colcon_core.shell:create_environment_hook('bunker_msgs', 'cmake_prefix_path')
[0.677s] INFO:colcon.colcon_core.shell:Creating environment hook '/root/ros2_bunker_dev/install/bunker_msgs/share/bunker_msgs/hook/cmake_prefix_path.ps1'
[0.677s] INFO:colcon.colcon_core.shell:Creating environment descriptor '/root/ros2_bunker_dev/install/bunker_msgs/share/bunker_msgs/hook/cmake_prefix_path.dsv'
[0.677s] INFO:colcon.colcon_core.shell:Creating environment hook '/root/ros2_bunker_dev/install/bunker_msgs/share/bunker_msgs/hook/cmake_prefix_path.sh'
[0.678s] Level 1:colcon.colcon_core.environment:checking '/root/ros2_bunker_dev/install/bunker_msgs/lib'
[0.678s] Level 1:colcon.colcon_core.shell:create_environment_hook('bunker_msgs', 'ld_library_path_lib')
[0.678s] INFO:colcon.colcon_core.shell:Creating environment hook '/root/ros2_bunker_dev/install/bunker_msgs/share/bunker_msgs/hook/ld_library_path_lib.ps1'
[0.679s] INFO:colcon.colcon_core.shell:Creating environment descriptor '/root/ros2_bunker_dev/install/bunker_msgs/share/bunker_msgs/hook/ld_library_path_lib.dsv'
[0.679s] INFO:colcon.colcon_core.shell:Creating environment hook '/root/ros2_bunker_dev/install/bunker_msgs/share/bunker_msgs/hook/ld_library_path_lib.sh'
[0.679s] Level 1:colcon.colcon_core.environment:checking '/root/ros2_bunker_dev/install/bunker_msgs/bin'
[0.680s] Level 1:colcon.colcon_core.environment:checking '/root/ros2_bunker_dev/install/bunker_msgs/lib/pkgconfig/bunker_msgs.pc'
[0.680s] Level 1:colcon.colcon_core.environment:checking '/root/ros2_bunker_dev/install/bunker_msgs/lib/python3.8/site-packages'
[0.680s] Level 1:colcon.colcon_core.shell:create_environment_hook('bunker_msgs', 'pythonpath')
[0.680s] INFO:colcon.colcon_core.shell:Creating environment hook '/root/ros2_bunker_dev/install/bunker_msgs/share/bunker_msgs/hook/pythonpath.ps1'
[0.681s] INFO:colcon.colcon_core.shell:Creating environment descriptor '/root/ros2_bunker_dev/install/bunker_msgs/share/bunker_msgs/hook/pythonpath.dsv'
[0.681s] INFO:colcon.colcon_core.shell:Creating environment hook '/root/ros2_bunker_dev/install/bunker_msgs/share/bunker_msgs/hook/pythonpath.sh'
[0.681s] Level 1:colcon.colcon_core.environment:checking '/root/ros2_bunker_dev/install/bunker_msgs/bin'
[0.682s] INFO:colcon.colcon_core.shell:Creating package script '/root/ros2_bunker_dev/install/bunker_msgs/share/bunker_msgs/package.ps1'
[0.682s] INFO:colcon.colcon_core.shell:Creating package descriptor '/root/ros2_bunker_dev/install/bunker_msgs/share/bunker_msgs/package.dsv'
[0.683s] INFO:colcon.colcon_core.shell:Creating package script '/root/ros2_bunker_dev/install/bunker_msgs/share/bunker_msgs/package.sh'
[0.683s] INFO:colcon.colcon_core.shell:Creating package script '/root/ros2_bunker_dev/install/bunker_msgs/share/bunker_msgs/package.bash'
[0.683s] INFO:colcon.colcon_core.shell:Creating package script '/root/ros2_bunker_dev/install/bunker_msgs/share/bunker_msgs/package.zsh'
[0.684s] Level 1:colcon.colcon_core.environment:create_file_with_runtime_dependencies(/root/ros2_bunker_dev/install/bunker_msgs/share/colcon-core/packages/bunker_msgs)
[0.718s] Level 1:colcon.colcon_core.environment:create_environment_scripts_only(bunker_msgs)
[0.720s] Level 1:colcon.colcon_core.environment:checking '/root/ros2_bunker_dev/install/bunker_msgs' for CMake module files
[0.722s] Level 1:colcon.colcon_core.environment:checking '/root/ros2_bunker_dev/install/bunker_msgs' for CMake config files
[0.725s] Level 1:colcon.colcon_core.shell:create_environment_hook('bunker_msgs', 'cmake_prefix_path')
[0.725s] INFO:colcon.colcon_core.shell:Creating environment hook '/root/ros2_bunker_dev/install/bunker_msgs/share/bunker_msgs/hook/cmake_prefix_path.ps1'
[0.726s] INFO:colcon.colcon_core.shell:Creating environment descriptor '/root/ros2_bunker_dev/install/bunker_msgs/share/bunker_msgs/hook/cmake_prefix_path.dsv'
[0.726s] INFO:colcon.colcon_core.shell:Creating environment hook '/root/ros2_bunker_dev/install/bunker_msgs/share/bunker_msgs/hook/cmake_prefix_path.sh'
[0.727s] Level 1:colcon.colcon_core.environment:checking '/root/ros2_bunker_dev/install/bunker_msgs/lib'
[0.727s] Level 1:colcon.colcon_core.shell:create_environment_hook('bunker_msgs', 'ld_library_path_lib')
[0.727s] INFO:colcon.colcon_core.shell:Creating environment hook '/root/ros2_bunker_dev/install/bunker_msgs/share/bunker_msgs/hook/ld_library_path_lib.ps1'
[0.728s] INFO:colcon.colcon_core.shell:Creating environment descriptor '/root/ros2_bunker_dev/install/bunker_msgs/share/bunker_msgs/hook/ld_library_path_lib.dsv'
[0.728s] INFO:colcon.colcon_core.shell:Creating environment hook '/root/ros2_bunker_dev/install/bunker_msgs/share/bunker_msgs/hook/ld_library_path_lib.sh'
[0.728s] Level 1:colcon.colcon_core.environment:checking '/root/ros2_bunker_dev/install/bunker_msgs/bin'
[0.728s] Level 1:colcon.colcon_core.environment:checking '/root/ros2_bunker_dev/install/bunker_msgs/lib/pkgconfig/bunker_msgs.pc'
[0.728s] Level 1:colcon.colcon_core.environment:checking '/root/ros2_bunker_dev/install/bunker_msgs/lib/python3.8/site-packages'
[0.728s] Level 1:colcon.colcon_core.shell:create_environment_hook('bunker_msgs', 'pythonpath')
[0.729s] INFO:colcon.colcon_core.shell:Creating environment hook '/root/ros2_bunker_dev/install/bunker_msgs/share/bunker_msgs/hook/pythonpath.ps1'
[0.729s] INFO:colcon.colcon_core.shell:Creating environment descriptor '/root/ros2_bunker_dev/install/bunker_msgs/share/bunker_msgs/hook/pythonpath.dsv'
[0.729s] INFO:colcon.colcon_core.shell:Creating environment hook '/root/ros2_bunker_dev/install/bunker_msgs/share/bunker_msgs/hook/pythonpath.sh'
[0.730s] Level 1:colcon.colcon_core.environment:checking '/root/ros2_bunker_dev/install/bunker_msgs/bin'
[0.730s] INFO:colcon.colcon_core.shell:Creating package script '/root/ros2_bunker_dev/install/bunker_msgs/share/bunker_msgs/package.ps1'
[0.731s] INFO:colcon.colcon_core.shell:Creating package descriptor '/root/ros2_bunker_dev/install/bunker_msgs/share/bunker_msgs/package.dsv'
[0.731s] INFO:colcon.colcon_core.shell:Creating package script '/root/ros2_bunker_dev/install/bunker_msgs/share/bunker_msgs/package.sh'
[0.732s] INFO:colcon.colcon_core.shell:Creating package script '/root/ros2_bunker_dev/install/bunker_msgs/share/bunker_msgs/package.bash'
[0.732s] INFO:colcon.colcon_core.shell:Creating package script '/root/ros2_bunker_dev/install/bunker_msgs/share/bunker_msgs/package.zsh'
[0.732s] Level 1:colcon.colcon_core.environment:create_file_with_runtime_dependencies(/root/ros2_bunker_dev/install/bunker_msgs/share/colcon-core/packages/bunker_msgs)
[0.733s] INFO:colcon.colcon_ros.task.ament_cmake.build:Building ROS package in '/root/ros2_bunker_dev/src/bunker_ros2/bunker_base' with build type 'ament_cmake'
[0.733s] INFO:colcon.colcon_cmake.task.cmake.build:Building CMake package in '/root/ros2_bunker_dev/src/bunker_ros2/bunker_base'
[0.734s] INFO:colcon.colcon_core.shell:Skip shell extension 'powershell' for command environment: Not usable outside of PowerShell
[0.734s] DEBUG:colcon.colcon_core.shell:Skip shell extension 'dsv' for command environment
[0.738s] Level 1:colcon.colcon_core.environment:checking '/root/ros2_bunker_dev/install/rpa' for CMake module files
[0.739s] DEBUG:colcon.colcon_core.event_handler.log_command:Invoked command in '/root/ros2_bunker_dev/src/rpa' returned '0': PYTHONPATH=/root/ros2_bunker_dev/build/rpa/prefix_override:/root/ros2_bunker_dev/install/rpa/lib/python3.8/site-packages:${PYTHONPATH} /usr/bin/python3 setup.py egg_info --egg-base ../../build/rpa build --build-base /root/ros2_bunker_dev/build/rpa/build install --record /root/ros2_bunker_dev/build/rpa/install.log --single-version-externally-managed
[0.741s] Level 1:colcon.colcon_core.environment:checking '/root/ros2_bunker_dev/install/rpa' for CMake config files
[0.743s] Level 1:colcon.colcon_core.environment:checking '/root/ros2_bunker_dev/install/rpa/lib'
[0.744s] Level 1:colcon.colcon_core.environment:checking '/root/ros2_bunker_dev/install/rpa/bin'
[0.744s] Level 1:colcon.colcon_core.environment:checking '/root/ros2_bunker_dev/install/rpa/lib/pkgconfig/rpa.pc'
[0.744s] Level 1:colcon.colcon_core.environment:checking '/root/ros2_bunker_dev/install/rpa/lib/python3.8/site-packages'
[0.744s] Level 1:colcon.colcon_core.shell:create_environment_hook('rpa', 'pythonpath')
[0.744s] INFO:colcon.colcon_core.shell:Creating environment hook '/root/ros2_bunker_dev/install/rpa/share/rpa/hook/pythonpath.ps1'
[0.745s] INFO:colcon.colcon_core.shell:Creating environment descriptor '/root/ros2_bunker_dev/install/rpa/share/rpa/hook/pythonpath.dsv'
[0.745s] INFO:colcon.colcon_core.shell:Creating environment hook '/root/ros2_bunker_dev/install/rpa/share/rpa/hook/pythonpath.sh'
[0.746s] Level 1:colcon.colcon_core.environment:checking '/root/ros2_bunker_dev/install/rpa/bin'
[0.746s] Level 1:colcon.colcon_core.environment:create_environment_scripts_only(rpa)
[0.746s] INFO:colcon.colcon_core.shell:Creating package script '/root/ros2_bunker_dev/install/rpa/share/rpa/package.ps1'
[0.746s] INFO:colcon.colcon_core.shell:Creating package descriptor '/root/ros2_bunker_dev/install/rpa/share/rpa/package.dsv'
[0.747s] INFO:colcon.colcon_core.shell:Creating package script '/root/ros2_bunker_dev/install/rpa/share/rpa/package.sh'
[0.747s] INFO:colcon.colcon_core.shell:Creating package script '/root/ros2_bunker_dev/install/rpa/share/rpa/package.bash'
[0.747s] INFO:colcon.colcon_core.shell:Creating package script '/root/ros2_bunker_dev/install/rpa/share/rpa/package.zsh'
[0.748s] Level 1:colcon.colcon_core.environment:create_file_with_runtime_dependencies(/root/ros2_bunker_dev/install/rpa/share/colcon-core/packages/rpa)
[0.755s] DEBUG:colcon.colcon_core.event_handler.log_command:Invoking command in '/root/ros2_bunker_dev/build/bunker_base': AMENT_PREFIX_PATH=/root/ros2_bunker_dev/install/bunker_msgs:${AMENT_PREFIX_PATH} CMAKE_PREFIX_PATH=/opt/ros/foxy:/root/ros2_bunker_dev/install/ugv_sdk:/root/ros2_bunker_dev/install/bunker_msgs LD_LIBRARY_PATH=/root/ros2_bunker_dev/install/bunker_msgs/lib:${LD_LIBRARY_PATH} PKG_CONFIG_PATH=/root/ros2_bunker_dev/install/ugv_sdk/lib/aarch64-linux-gnu/pkgconfig:/root/ros2_bunker_dev/install/ugv_sdk/lib/pkgconfig PYTHONPATH=/root/ros2_bunker_dev/install/bunker_msgs/lib/python3.8/site-packages:${PYTHONPATH} ROS_PACKAGE_PATH=/root/ros2_bunker_dev/install/ugv_sdk/share /usr/bin/cmake --build /root/ros2_bunker_dev/build/bunker_base -- -j8 -l8
[4.570s] DEBUG:colcon.colcon_core.event_handler.log_command:Invoked command in '/root/ros2_bunker_dev/build/bunker_base' returned '0': AMENT_PREFIX_PATH=/root/ros2_bunker_dev/install/bunker_msgs:${AMENT_PREFIX_PATH} CMAKE_PREFIX_PATH=/opt/ros/foxy:/root/ros2_bunker_dev/install/ugv_sdk:/root/ros2_bunker_dev/install/bunker_msgs LD_LIBRARY_PATH=/root/ros2_bunker_dev/install/bunker_msgs/lib:${LD_LIBRARY_PATH} PKG_CONFIG_PATH=/root/ros2_bunker_dev/install/ugv_sdk/lib/aarch64-linux-gnu/pkgconfig:/root/ros2_bunker_dev/install/ugv_sdk/lib/pkgconfig PYTHONPATH=/root/ros2_bunker_dev/install/bunker_msgs/lib/python3.8/site-packages:${PYTHONPATH} ROS_PACKAGE_PATH=/root/ros2_bunker_dev/install/ugv_sdk/share /usr/bin/cmake --build /root/ros2_bunker_dev/build/bunker_base -- -j8 -l8
[4.599s] DEBUG:colcon.colcon_core.event_handler.log_command:Invoking command in '/root/ros2_bunker_dev/build/bunker_base': AMENT_PREFIX_PATH=/root/ros2_bunker_dev/install/bunker_msgs:${AMENT_PREFIX_PATH} CMAKE_PREFIX_PATH=/opt/ros/foxy:/root/ros2_bunker_dev/install/ugv_sdk:/root/ros2_bunker_dev/install/bunker_msgs LD_LIBRARY_PATH=/root/ros2_bunker_dev/install/bunker_msgs/lib:${LD_LIBRARY_PATH} PKG_CONFIG_PATH=/root/ros2_bunker_dev/install/ugv_sdk/lib/aarch64-linux-gnu/pkgconfig:/root/ros2_bunker_dev/install/ugv_sdk/lib/pkgconfig PYTHONPATH=/root/ros2_bunker_dev/install/bunker_msgs/lib/python3.8/site-packages:${PYTHONPATH} ROS_PACKAGE_PATH=/root/ros2_bunker_dev/install/ugv_sdk/share /usr/bin/cmake --install /root/ros2_bunker_dev/build/bunker_base
[4.652s] Level 1:colcon.colcon_core.environment:create_environment_scripts_only(bunker_base)
[4.655s] Level 1:colcon.colcon_core.environment:checking '/root/ros2_bunker_dev/install/bunker_base' for CMake module files
[4.655s] DEBUG:colcon.colcon_core.event_handler.log_command:Invoked command in '/root/ros2_bunker_dev/build/bunker_base' returned '0': AMENT_PREFIX_PATH=/root/ros2_bunker_dev/install/bunker_msgs:${AMENT_PREFIX_PATH} CMAKE_PREFIX_PATH=/opt/ros/foxy:/root/ros2_bunker_dev/install/ugv_sdk:/root/ros2_bunker_dev/install/bunker_msgs LD_LIBRARY_PATH=/root/ros2_bunker_dev/install/bunker_msgs/lib:${LD_LIBRARY_PATH} PKG_CONFIG_PATH=/root/ros2_bunker_dev/install/ugv_sdk/lib/aarch64-linux-gnu/pkgconfig:/root/ros2_bunker_dev/install/ugv_sdk/lib/pkgconfig PYTHONPATH=/root/ros2_bunker_dev/install/bunker_msgs/lib/python3.8/site-packages:${PYTHONPATH} ROS_PACKAGE_PATH=/root/ros2_bunker_dev/install/ugv_sdk/share /usr/bin/cmake --install /root/ros2_bunker_dev/build/bunker_base
[4.657s] Level 1:colcon.colcon_core.environment:checking '/root/ros2_bunker_dev/install/bunker_base' for CMake config files
[4.657s] Level 1:colcon.colcon_core.shell:create_environment_hook('bunker_base', 'cmake_prefix_path')
[4.658s] INFO:colcon.colcon_core.shell:Creating environment hook '/root/ros2_bunker_dev/install/bunker_base/share/bunker_base/hook/cmake_prefix_path.ps1'
[4.660s] INFO:colcon.colcon_core.shell:Creating environment descriptor '/root/ros2_bunker_dev/install/bunker_base/share/bunker_base/hook/cmake_prefix_path.dsv'
[4.660s] INFO:colcon.colcon_core.shell:Creating environment hook '/root/ros2_bunker_dev/install/bunker_base/share/bunker_base/hook/cmake_prefix_path.sh'
[4.661s] Level 1:colcon.colcon_core.environment:checking '/root/ros2_bunker_dev/install/bunker_base/lib'
[4.661s] Level 1:colcon.colcon_core.environment:checking '/root/ros2_bunker_dev/install/bunker_base/bin'
[4.661s] Level 1:colcon.colcon_core.environment:checking '/root/ros2_bunker_dev/install/bunker_base/lib/pkgconfig/bunker_base.pc'
[4.662s] Level 1:colcon.colcon_core.environment:checking '/root/ros2_bunker_dev/install/bunker_base/lib/python3.8/site-packages'
[4.662s] Level 1:colcon.colcon_core.environment:checking '/root/ros2_bunker_dev/install/bunker_base/bin'
[4.663s] INFO:colcon.colcon_core.shell:Creating package script '/root/ros2_bunker_dev/install/bunker_base/share/bunker_base/package.ps1'
[4.663s] INFO:colcon.colcon_core.shell:Creating package descriptor '/root/ros2_bunker_dev/install/bunker_base/share/bunker_base/package.dsv'
[4.663s] INFO:colcon.colcon_core.shell:Creating package script '/root/ros2_bunker_dev/install/bunker_base/share/bunker_base/package.sh'
[4.664s] INFO:colcon.colcon_core.shell:Creating package script '/root/ros2_bunker_dev/install/bunker_base/share/bunker_base/package.bash'
[4.664s] INFO:colcon.colcon_core.shell:Creating package script '/root/ros2_bunker_dev/install/bunker_base/share/bunker_base/package.zsh'
[4.665s] Level 1:colcon.colcon_core.environment:create_file_with_runtime_dependencies(/root/ros2_bunker_dev/install/bunker_base/share/colcon-core/packages/bunker_base)
[4.677s] Level 1:colcon.colcon_core.environment:create_environment_scripts_only(bunker_base)
[4.678s] Level 1:colcon.colcon_core.environment:checking '/root/ros2_bunker_dev/install/bunker_base' for CMake module files
[4.679s] Level 1:colcon.colcon_core.environment:checking '/root/ros2_bunker_dev/install/bunker_base' for CMake config files
[4.680s] Level 1:colcon.colcon_core.shell:create_environment_hook('bunker_base', 'cmake_prefix_path')
[4.680s] INFO:colcon.colcon_core.shell:Creating environment hook '/root/ros2_bunker_dev/install/bunker_base/share/bunker_base/hook/cmake_prefix_path.ps1'
[4.681s] INFO:colcon.colcon_core.shell:Creating environment descriptor '/root/ros2_bunker_dev/install/bunker_base/share/bunker_base/hook/cmake_prefix_path.dsv'
[4.681s] INFO:colcon.colcon_core.shell:Creating environment hook '/root/ros2_bunker_dev/install/bunker_base/share/bunker_base/hook/cmake_prefix_path.sh'
[4.682s] Level 1:colcon.colcon_core.environment:checking '/root/ros2_bunker_dev/install/bunker_base/lib'
[4.682s] Level 1:colcon.colcon_core.environment:checking '/root/ros2_bunker_dev/install/bunker_base/bin'
[4.682s] Level 1:colcon.colcon_core.environment:checking '/root/ros2_bunker_dev/install/bunker_base/lib/pkgconfig/bunker_base.pc'
[4.682s] Level 1:colcon.colcon_core.environment:checking '/root/ros2_bunker_dev/install/bunker_base/lib/python3.8/site-packages'
[4.682s] Level 1:colcon.colcon_core.environment:checking '/root/ros2_bunker_dev/install/bunker_base/bin'
[4.683s] INFO:colcon.colcon_core.shell:Creating package script '/root/ros2_bunker_dev/install/bunker_base/share/bunker_base/package.ps1'
[4.683s] INFO:colcon.colcon_core.shell:Creating package descriptor '/root/ros2_bunker_dev/install/bunker_base/share/bunker_base/package.dsv'
[4.684s] INFO:colcon.colcon_core.shell:Creating package script '/root/ros2_bunker_dev/install/bunker_base/share/bunker_base/package.sh'
[4.684s] INFO:colcon.colcon_core.shell:Creating package script '/root/ros2_bunker_dev/install/bunker_base/share/bunker_base/package.bash'
[4.684s] INFO:colcon.colcon_core.shell:Creating package script '/root/ros2_bunker_dev/install/bunker_base/share/bunker_base/package.zsh'
[4.685s] Level 1:colcon.colcon_core.environment:create_file_with_runtime_dependencies(/root/ros2_bunker_dev/install/bunker_base/share/colcon-core/packages/bunker_base)
[4.685s] DEBUG:colcon.colcon_parallel_executor.executor.parallel:closing loop
[4.685s] DEBUG:colcon.colcon_parallel_executor.executor.parallel:loop closed
[4.685s] DEBUG:colcon.colcon_parallel_executor.executor.parallel:run_until_complete finished with '0'
[4.686s] DEBUG:colcon.colcon_core.event_reactor:joining thread
[4.693s] INFO:colcon.colcon_core.plugin_system:Skipping extension 'colcon_notification.desktop_notification.notify_send': Could not find 'notify-send'
[4.693s] INFO:colcon.colcon_core.plugin_system:Skipping extension 'colcon_notification.desktop_notification.terminal_notifier': Not used on non-Darwin systems
[4.693s] INFO:colcon.colcon_core.plugin_system:Skipping extension 'colcon_notification.desktop_notification.win32': Not used on non-Windows systems
[4.693s] INFO:colcon.colcon_notification.desktop_notification:Sending desktop notification using 'notify2'
[4.694s] DEBUG:colcon.colcon_notification.desktop_notification.notify2:Failed to initialize notify2: org.freedesktop.DBus.Error.Spawn.ExecFailed: /usr/bin/dbus-launch terminated abnormally without any error message
[4.694s] DEBUG:colcon.colcon_core.event_reactor:joined thread
[4.695s] INFO:colcon.colcon_core.shell:Creating prefix script '/root/ros2_bunker_dev/install/local_setup.ps1'
[4.696s] INFO:colcon.colcon_core.shell:Creating prefix util module '/root/ros2_bunker_dev/install/_local_setup_util_ps1.py'
[4.697s] INFO:colcon.colcon_core.shell:Creating prefix chain script '/root/ros2_bunker_dev/install/setup.ps1'
[4.698s] INFO:colcon.colcon_core.shell:Creating prefix script '/root/ros2_bunker_dev/install/local_setup.sh'
[4.699s] INFO:colcon.colcon_core.shell:Creating prefix util module '/root/ros2_bunker_dev/install/_local_setup_util_sh.py'
[4.699s] INFO:colcon.colcon_core.shell:Creating prefix chain script '/root/ros2_bunker_dev/install/setup.sh'
[4.700s] INFO:colcon.colcon_core.shell:Creating prefix script '/root/ros2_bunker_dev/install/local_setup.bash'
[4.700s] INFO:colcon.colcon_core.shell:Creating prefix chain script '/root/ros2_bunker_dev/install/setup.bash'
[4.701s] INFO:colcon.colcon_core.shell:Creating prefix script '/root/ros2_bunker_dev/install/local_setup.zsh'
[4.701s] INFO:colcon.colcon_core.shell:Creating prefix chain script '/root/ros2_bunker_dev/install/setup.zsh'
