[  2%] Built target bunker_msgs__cpp
[ 12%] Built target bunker_msgs__rosidl_generator_c
[ 36%] Built target bunker_msgs__rosidl_typesupport_cpp
[ 40%] Built target bunker_msgs__rosidl_typesupport_introspection_cpp
[ 46%] Built target bunker_msgs__rosidl_typesupport_fastrtps_cpp
[ 65%] Built target bunker_msgs__rosidl_typesupport_introspection_c
[ 65%] Built target bunker_msgs__rosidl_typesupport_c
[ 76%] Built target bunker_msgs__rosidl_typesupport_fastrtps_c
[ 76%] Built target bunker_msgs
[ 78%] Built target bunker_msgs__py
[ 87%] Built target bunker_msgs__python
[ 95%] Built target bunker_msgs__rosidl_typesupport_fastrtps_c__pyext
[ 95%] Built target bunker_msgs__rosidl_typesupport_c__pyext
[100%] Built target bunker_msgs__rosidl_typesupport_introspection_c__pyext
-- Install configuration: ""
-- Up-to-date: /root/ros2_bunker_dev/install/bunker_msgs/share/ament_index/resource_index/rosidl_interfaces/bunker_msgs
-- Up-to-date: /root/ros2_bunker_dev/install/bunker_msgs/include/bunker_msgs
-- Up-to-date: /root/ros2_bunker_dev/install/bunker_msgs/include/bunker_msgs/msg
-- Up-to-date: /root/ros2_bunker_dev/install/bunker_msgs/include/bunker_msgs/msg/rosidl_generator_c__visibility_control.h
-- Up-to-date: /root/ros2_bunker_dev/install/bunker_msgs/include/bunker_msgs/msg/bunker_status.h
-- Up-to-date: /root/ros2_bunker_dev/install/bunker_msgs/include/bunker_msgs/msg/bunker_actuator_state.h
-- Up-to-date: /root/ros2_bunker_dev/install/bunker_msgs/include/bunker_msgs/msg/detail
-- Up-to-date: /root/ros2_bunker_dev/install/bunker_msgs/include/bunker_msgs/msg/detail/bunker_status__type_support.h
-- Up-to-date: /root/ros2_bunker_dev/install/bunker_msgs/include/bunker_msgs/msg/detail/bunker_actuator_state__functions.c
-- Up-to-date: /root/ros2_bunker_dev/install/bunker_msgs/include/bunker_msgs/msg/detail/bunker_rc_state__functions.c
-- Up-to-date: /root/ros2_bunker_dev/install/bunker_msgs/include/bunker_msgs/msg/detail/bunker_status__struct.h
-- Up-to-date: /root/ros2_bunker_dev/install/bunker_msgs/include/bunker_msgs/msg/detail/bunker_status__functions.c
-- Up-to-date: /root/ros2_bunker_dev/install/bunker_msgs/include/bunker_msgs/msg/detail/bunker_actuator_state__struct.h
-- Up-to-date: /root/ros2_bunker_dev/install/bunker_msgs/include/bunker_msgs/msg/detail/bunker_rc_state__functions.h
-- Up-to-date: /root/ros2_bunker_dev/install/bunker_msgs/include/bunker_msgs/msg/detail/bunker_actuator_state__functions.h
-- Up-to-date: /root/ros2_bunker_dev/install/bunker_msgs/include/bunker_msgs/msg/detail/bunker_status__functions.h
-- Up-to-date: /root/ros2_bunker_dev/install/bunker_msgs/include/bunker_msgs/msg/detail/bunker_rc_state__type_support.h
-- Up-to-date: /root/ros2_bunker_dev/install/bunker_msgs/include/bunker_msgs/msg/detail/bunker_actuator_state__type_support.h
-- Up-to-date: /root/ros2_bunker_dev/install/bunker_msgs/include/bunker_msgs/msg/detail/bunker_rc_state__struct.h
-- Up-to-date: /root/ros2_bunker_dev/install/bunker_msgs/include/bunker_msgs/msg/bunker_rc_state.h
-- Up-to-date: /root/ros2_bunker_dev/install/bunker_msgs/share/bunker_msgs/environment/library_path.sh
-- Up-to-date: /root/ros2_bunker_dev/install/bunker_msgs/share/bunker_msgs/environment/library_path.dsv
-- Up-to-date: /root/ros2_bunker_dev/install/bunker_msgs/lib/libbunker_msgs__rosidl_generator_c.so
-- Up-to-date: /root/ros2_bunker_dev/install/bunker_msgs/include/bunker_msgs
-- Up-to-date: /root/ros2_bunker_dev/install/bunker_msgs/include/bunker_msgs/msg
-- Up-to-date: /root/ros2_bunker_dev/install/bunker_msgs/include/bunker_msgs/msg/detail
-- Up-to-date: /root/ros2_bunker_dev/install/bunker_msgs/include/bunker_msgs/msg/detail/bunker_rc_state__rosidl_typesupport_fastrtps_c.h
-- Up-to-date: /root/ros2_bunker_dev/install/bunker_msgs/include/bunker_msgs/msg/detail/bunker_actuator_state__rosidl_typesupport_fastrtps_c.h
-- Up-to-date: /root/ros2_bunker_dev/install/bunker_msgs/include/bunker_msgs/msg/detail/bunker_status__rosidl_typesupport_fastrtps_c.h
-- Up-to-date: /root/ros2_bunker_dev/install/bunker_msgs/include/bunker_msgs/msg/rosidl_typesupport_fastrtps_c__visibility_control.h
-- Up-to-date: /root/ros2_bunker_dev/install/bunker_msgs/lib/libbunker_msgs__rosidl_typesupport_fastrtps_c.so
-- Up-to-date: /root/ros2_bunker_dev/install/bunker_msgs/include/bunker_msgs
-- Up-to-date: /root/ros2_bunker_dev/install/bunker_msgs/include/bunker_msgs/msg
-- Up-to-date: /root/ros2_bunker_dev/install/bunker_msgs/include/bunker_msgs/msg/rosidl_typesupport_fastrtps_cpp__visibility_control.h
-- Up-to-date: /root/ros2_bunker_dev/install/bunker_msgs/include/bunker_msgs/msg/detail
-- Up-to-date: /root/ros2_bunker_dev/install/bunker_msgs/include/bunker_msgs/msg/detail/bunker_rc_state__rosidl_typesupport_fastrtps_cpp.hpp
-- Up-to-date: /root/ros2_bunker_dev/install/bunker_msgs/include/bunker_msgs/msg/detail/bunker_status__rosidl_typesupport_fastrtps_cpp.hpp
-- Up-to-date: /root/ros2_bunker_dev/install/bunker_msgs/include/bunker_msgs/msg/detail/bunker_actuator_state__rosidl_typesupport_fastrtps_cpp.hpp
-- Up-to-date: /root/ros2_bunker_dev/install/bunker_msgs/include/bunker_msgs/msg/detail/dds_fastrtps
-- Up-to-date: /root/ros2_bunker_dev/install/bunker_msgs/lib/libbunker_msgs__rosidl_typesupport_fastrtps_cpp.so
-- Up-to-date: /root/ros2_bunker_dev/install/bunker_msgs/include/bunker_msgs
-- Up-to-date: /root/ros2_bunker_dev/install/bunker_msgs/include/bunker_msgs/msg
-- Up-to-date: /root/ros2_bunker_dev/install/bunker_msgs/include/bunker_msgs/msg/detail
-- Up-to-date: /root/ros2_bunker_dev/install/bunker_msgs/include/bunker_msgs/msg/detail/bunker_actuator_state__rosidl_typesupport_introspection_c.h
-- Up-to-date: /root/ros2_bunker_dev/install/bunker_msgs/include/bunker_msgs/msg/detail/bunker_rc_state__rosidl_typesupport_introspection_c.h
-- Up-to-date: /root/ros2_bunker_dev/install/bunker_msgs/include/bunker_msgs/msg/detail/bunker_actuator_state__type_support.c
-- Up-to-date: /root/ros2_bunker_dev/install/bunker_msgs/include/bunker_msgs/msg/detail/bunker_rc_state__type_support.c
-- Up-to-date: /root/ros2_bunker_dev/install/bunker_msgs/include/bunker_msgs/msg/detail/bunker_status__type_support.c
-- Up-to-date: /root/ros2_bunker_dev/install/bunker_msgs/include/bunker_msgs/msg/detail/bunker_status__rosidl_typesupport_introspection_c.h
-- Up-to-date: /root/ros2_bunker_dev/install/bunker_msgs/include/bunker_msgs/msg/rosidl_typesupport_introspection_c__visibility_control.h
-- Up-to-date: /root/ros2_bunker_dev/install/bunker_msgs/lib/libbunker_msgs__rosidl_typesupport_introspection_c.so
-- Up-to-date: /root/ros2_bunker_dev/install/bunker_msgs/lib/libbunker_msgs__rosidl_typesupport_c.so
-- Up-to-date: /root/ros2_bunker_dev/install/bunker_msgs/include/bunker_msgs
-- Up-to-date: /root/ros2_bunker_dev/install/bunker_msgs/include/bunker_msgs/msg
-- Up-to-date: /root/ros2_bunker_dev/install/bunker_msgs/include/bunker_msgs/msg/bunker_status.hpp
-- Up-to-date: /root/ros2_bunker_dev/install/bunker_msgs/include/bunker_msgs/msg/detail
-- Up-to-date: /root/ros2_bunker_dev/install/bunker_msgs/include/bunker_msgs/msg/detail/bunker_status__builder.hpp
-- Up-to-date: /root/ros2_bunker_dev/install/bunker_msgs/include/bunker_msgs/msg/detail/bunker_rc_state__traits.hpp
-- Up-to-date: /root/ros2_bunker_dev/install/bunker_msgs/include/bunker_msgs/msg/detail/bunker_status__traits.hpp
-- Up-to-date: /root/ros2_bunker_dev/install/bunker_msgs/include/bunker_msgs/msg/detail/bunker_status__type_support.hpp
-- Up-to-date: /root/ros2_bunker_dev/install/bunker_msgs/include/bunker_msgs/msg/detail/bunker_actuator_state__builder.hpp
-- Up-to-date: /root/ros2_bunker_dev/install/bunker_msgs/include/bunker_msgs/msg/detail/bunker_actuator_state__traits.hpp
-- Up-to-date: /root/ros2_bunker_dev/install/bunker_msgs/include/bunker_msgs/msg/detail/bunker_rc_state__builder.hpp
-- Up-to-date: /root/ros2_bunker_dev/install/bunker_msgs/include/bunker_msgs/msg/detail/bunker_rc_state__type_support.hpp
-- Up-to-date: /root/ros2_bunker_dev/install/bunker_msgs/include/bunker_msgs/msg/detail/bunker_rc_state__struct.hpp
-- Up-to-date: /root/ros2_bunker_dev/install/bunker_msgs/include/bunker_msgs/msg/detail/bunker_actuator_state__type_support.hpp
-- Up-to-date: /root/ros2_bunker_dev/install/bunker_msgs/include/bunker_msgs/msg/detail/bunker_status__struct.hpp
-- Up-to-date: /root/ros2_bunker_dev/install/bunker_msgs/include/bunker_msgs/msg/detail/bunker_actuator_state__struct.hpp
-- Up-to-date: /root/ros2_bunker_dev/install/bunker_msgs/include/bunker_msgs/msg/rosidl_generator_cpp__visibility_control.hpp
-- Up-to-date: /root/ros2_bunker_dev/install/bunker_msgs/include/bunker_msgs/msg/bunker_rc_state.hpp
-- Up-to-date: /root/ros2_bunker_dev/install/bunker_msgs/include/bunker_msgs/msg/bunker_actuator_state.hpp
-- Up-to-date: /root/ros2_bunker_dev/install/bunker_msgs/include/bunker_msgs
-- Up-to-date: /root/ros2_bunker_dev/install/bunker_msgs/include/bunker_msgs/msg
-- Up-to-date: /root/ros2_bunker_dev/install/bunker_msgs/include/bunker_msgs/msg/detail
-- Up-to-date: /root/ros2_bunker_dev/install/bunker_msgs/include/bunker_msgs/msg/detail/bunker_rc_state__type_support.cpp
-- Up-to-date: /root/ros2_bunker_dev/install/bunker_msgs/include/bunker_msgs/msg/detail/bunker_status__rosidl_typesupport_introspection_cpp.hpp
-- Up-to-date: /root/ros2_bunker_dev/install/bunker_msgs/include/bunker_msgs/msg/detail/bunker_actuator_state__type_support.cpp
-- Up-to-date: /root/ros2_bunker_dev/install/bunker_msgs/include/bunker_msgs/msg/detail/bunker_status__type_support.cpp
-- Up-to-date: /root/ros2_bunker_dev/install/bunker_msgs/include/bunker_msgs/msg/detail/bunker_rc_state__rosidl_typesupport_introspection_cpp.hpp
-- Up-to-date: /root/ros2_bunker_dev/install/bunker_msgs/include/bunker_msgs/msg/detail/bunker_actuator_state__rosidl_typesupport_introspection_cpp.hpp
-- Up-to-date: /root/ros2_bunker_dev/install/bunker_msgs/lib/libbunker_msgs__rosidl_typesupport_introspection_cpp.so
-- Up-to-date: /root/ros2_bunker_dev/install/bunker_msgs/lib/libbunker_msgs__rosidl_typesupport_cpp.so
-- Up-to-date: /root/ros2_bunker_dev/install/bunker_msgs/share/bunker_msgs/environment/pythonpath.sh
-- Up-to-date: /root/ros2_bunker_dev/install/bunker_msgs/share/bunker_msgs/environment/pythonpath.dsv
-- Up-to-date: /root/ros2_bunker_dev/install/bunker_msgs/lib/python3.8/site-packages/bunker_msgs/__init__.py
-- Up-to-date: /root/ros2_bunker_dev/install/bunker_msgs/lib/python3.8/site-packages/bunker_msgs/msg
-- Up-to-date: /root/ros2_bunker_dev/install/bunker_msgs/lib/python3.8/site-packages/bunker_msgs/msg/_bunker_status.py
-- Up-to-date: /root/ros2_bunker_dev/install/bunker_msgs/lib/python3.8/site-packages/bunker_msgs/msg/_bunker_actuator_state.py
-- Up-to-date: /root/ros2_bunker_dev/install/bunker_msgs/lib/python3.8/site-packages/bunker_msgs/msg/_bunker_rc_state.py
-- Up-to-date: /root/ros2_bunker_dev/install/bunker_msgs/lib/python3.8/site-packages/bunker_msgs/msg/__init__.py
-- Up-to-date: /root/ros2_bunker_dev/install/bunker_msgs/lib/python3.8/site-packages/bunker_msgs/msg/_bunker_status_s.c
-- Up-to-date: /root/ros2_bunker_dev/install/bunker_msgs/lib/python3.8/site-packages/bunker_msgs/msg/_bunker_rc_state_s.c
-- Up-to-date: /root/ros2_bunker_dev/install/bunker_msgs/lib/python3.8/site-packages/bunker_msgs/msg/_bunker_actuator_state_s.c
-- Up-to-date: /root/ros2_bunker_dev/install/bunker_msgs/lib/python3.8/site-packages/bunker_msgs/bunker_msgs_s__rosidl_typesupport_fastrtps_c.cpython-38-aarch64-linux-gnu.so
-- Up-to-date: /root/ros2_bunker_dev/install/bunker_msgs/lib/python3.8/site-packages/bunker_msgs/bunker_msgs_s__rosidl_typesupport_introspection_c.cpython-38-aarch64-linux-gnu.so
-- Up-to-date: /root/ros2_bunker_dev/install/bunker_msgs/lib/python3.8/site-packages/bunker_msgs/bunker_msgs_s__rosidl_typesupport_c.cpython-38-aarch64-linux-gnu.so
-- Up-to-date: /root/ros2_bunker_dev/install/bunker_msgs/lib/libbunker_msgs__python.so
-- Up-to-date: /root/ros2_bunker_dev/install/bunker_msgs/share/bunker_msgs/msg/BunkerActuatorState.idl
-- Up-to-date: /root/ros2_bunker_dev/install/bunker_msgs/share/bunker_msgs/msg/BunkerRCState.idl
-- Up-to-date: /root/ros2_bunker_dev/install/bunker_msgs/share/bunker_msgs/msg/BunkerStatus.idl
-- Up-to-date: /root/ros2_bunker_dev/install/bunker_msgs/share/bunker_msgs/msg/BunkerActuatorState.msg
-- Up-to-date: /root/ros2_bunker_dev/install/bunker_msgs/share/bunker_msgs/msg/BunkerRCState.msg
-- Up-to-date: /root/ros2_bunker_dev/install/bunker_msgs/share/bunker_msgs/msg/BunkerStatus.msg
-- Up-to-date: /root/ros2_bunker_dev/install/bunker_msgs/share/ament_index/resource_index/package_run_dependencies/bunker_msgs
-- Up-to-date: /root/ros2_bunker_dev/install/bunker_msgs/share/ament_index/resource_index/parent_prefix_path/bunker_msgs
-- Up-to-date: /root/ros2_bunker_dev/install/bunker_msgs/share/bunker_msgs/environment/ament_prefix_path.sh
-- Up-to-date: /root/ros2_bunker_dev/install/bunker_msgs/share/bunker_msgs/environment/ament_prefix_path.dsv
-- Up-to-date: /root/ros2_bunker_dev/install/bunker_msgs/share/bunker_msgs/environment/path.sh
-- Up-to-date: /root/ros2_bunker_dev/install/bunker_msgs/share/bunker_msgs/environment/path.dsv
-- Up-to-date: /root/ros2_bunker_dev/install/bunker_msgs/share/bunker_msgs/local_setup.bash
-- Up-to-date: /root/ros2_bunker_dev/install/bunker_msgs/share/bunker_msgs/local_setup.sh
-- Up-to-date: /root/ros2_bunker_dev/install/bunker_msgs/share/bunker_msgs/local_setup.zsh
-- Up-to-date: /root/ros2_bunker_dev/install/bunker_msgs/share/bunker_msgs/local_setup.dsv
-- Installing: /root/ros2_bunker_dev/install/bunker_msgs/share/bunker_msgs/package.dsv
-- Up-to-date: /root/ros2_bunker_dev/install/bunker_msgs/share/ament_index/resource_index/packages/bunker_msgs
-- Up-to-date: /root/ros2_bunker_dev/install/bunker_msgs/share/bunker_msgs/cmake/bunker_msgs__rosidl_generator_cExport.cmake
-- Up-to-date: /root/ros2_bunker_dev/install/bunker_msgs/share/bunker_msgs/cmake/bunker_msgs__rosidl_generator_cExport-noconfig.cmake
-- Up-to-date: /root/ros2_bunker_dev/install/bunker_msgs/share/bunker_msgs/cmake/bunker_msgs__rosidl_typesupport_introspection_cExport.cmake
-- Up-to-date: /root/ros2_bunker_dev/install/bunker_msgs/share/bunker_msgs/cmake/bunker_msgs__rosidl_typesupport_introspection_cExport-noconfig.cmake
-- Up-to-date: /root/ros2_bunker_dev/install/bunker_msgs/share/bunker_msgs/cmake/bunker_msgs__rosidl_typesupport_cExport.cmake
-- Up-to-date: /root/ros2_bunker_dev/install/bunker_msgs/share/bunker_msgs/cmake/bunker_msgs__rosidl_typesupport_cExport-noconfig.cmake
-- Up-to-date: /root/ros2_bunker_dev/install/bunker_msgs/share/bunker_msgs/cmake/bunker_msgs__rosidl_generator_cppExport.cmake
-- Up-to-date: /root/ros2_bunker_dev/install/bunker_msgs/share/bunker_msgs/cmake/bunker_msgs__rosidl_typesupport_introspection_cppExport.cmake
-- Up-to-date: /root/ros2_bunker_dev/install/bunker_msgs/share/bunker_msgs/cmake/bunker_msgs__rosidl_typesupport_introspection_cppExport-noconfig.cmake
-- Up-to-date: /root/ros2_bunker_dev/install/bunker_msgs/share/bunker_msgs/cmake/bunker_msgs__rosidl_typesupport_cppExport.cmake
-- Up-to-date: /root/ros2_bunker_dev/install/bunker_msgs/share/bunker_msgs/cmake/bunker_msgs__rosidl_typesupport_cppExport-noconfig.cmake
-- Up-to-date: /root/ros2_bunker_dev/install/bunker_msgs/share/bunker_msgs/cmake/rosidl_cmake-extras.cmake
-- Up-to-date: /root/ros2_bunker_dev/install/bunker_msgs/share/bunker_msgs/cmake/ament_cmake_export_dependencies-extras.cmake
-- Up-to-date: /root/ros2_bunker_dev/install/bunker_msgs/share/bunker_msgs/cmake/ament_cmake_export_libraries-extras.cmake
-- Up-to-date: /root/ros2_bunker_dev/install/bunker_msgs/share/bunker_msgs/cmake/ament_cmake_export_targets-extras.cmake
-- Up-to-date: /root/ros2_bunker_dev/install/bunker_msgs/share/bunker_msgs/cmake/ament_cmake_export_include_directories-extras.cmake
-- Up-to-date: /root/ros2_bunker_dev/install/bunker_msgs/share/bunker_msgs/cmake/rosidl_cmake_export_typesupport_libraries-extras.cmake
-- Up-to-date: /root/ros2_bunker_dev/install/bunker_msgs/share/bunker_msgs/cmake/rosidl_cmake_export_typesupport_targets-extras.cmake
-- Up-to-date: /root/ros2_bunker_dev/install/bunker_msgs/share/bunker_msgs/cmake/bunker_msgsConfig.cmake
-- Up-to-date: /root/ros2_bunker_dev/install/bunker_msgs/share/bunker_msgs/cmake/bunker_msgsConfig-version.cmake
-- Up-to-date: /root/ros2_bunker_dev/install/bunker_msgs/share/bunker_msgs/package.xml
