[0.055s] Invoking command in '/root/ros2_bunker_dev/build/ugv_sdk': /usr/bin/cmake --build /root/ros2_bunker_dev/build/ugv_sdk -- -j8 -l8
[0.208s] [ 42%] Built target ugv_sdk
[0.289s] [ 50%] Built target demo_bunker_robot
[0.312s] [ 57%] Built target demo_scout_mini_omni_robot
[0.314s] [ 75%] Built target demo_protocol_detector
[0.315s] [ 75%] Built target demo_ranger_robot
[0.318s] [ 82%] Built target demo_tracer_robot
[0.319s] [ 96%] Built target demo_hunter_robot
[0.319s] [100%] Built target demo_scout_robot
[0.320s] [100%] Built target demo_robot_version
[0.358s] Invoked command in '/root/ros2_bunker_dev/build/ugv_sdk' returned '0': /usr/bin/cmake --build /root/ros2_bunker_dev/build/ugv_sdk -- -j8 -l8
[0.503s] Invoking command in '/root/ros2_bunker_dev/build/ugv_sdk': /usr/bin/cmake --install /root/ros2_bunker_dev/build/ugv_sdk
[0.508s] -- Install configuration: "Release"
[0.508s] -- Up-to-date: /root/ros2_bunker_dev/install/ugv_sdk/lib/libugv_sdk.a
[0.509s] -- Up-to-date: /root/ros2_bunker_dev/install/ugv_sdk/include/ugv_sdk
[0.509s] -- Up-to-date: /root/ros2_bunker_dev/install/ugv_sdk/include/ugv_sdk/details
[0.510s] -- Up-to-date: /root/ros2_bunker_dev/install/ugv_sdk/include/ugv_sdk/details/interface
[0.511s] -- Up-to-date: /root/ros2_bunker_dev/install/ugv_sdk/include/ugv_sdk/details/interface/robot_common_interface.hpp
[0.512s] -- Up-to-date: /root/ros2_bunker_dev/install/ugv_sdk/include/ugv_sdk/details/interface/tracer_interface.hpp
[0.512s] -- Up-to-date: /root/ros2_bunker_dev/install/ugv_sdk/include/ugv_sdk/details/interface/ranger_interface.hpp
[0.513s] -- Up-to-date: /root/ros2_bunker_dev/install/ugv_sdk/include/ugv_sdk/details/interface/scout_interface.hpp
[0.514s] -- Up-to-date: /root/ros2_bunker_dev/install/ugv_sdk/include/ugv_sdk/details/interface/hunter_interface.hpp
[0.515s] -- Up-to-date: /root/ros2_bunker_dev/install/ugv_sdk/include/ugv_sdk/details/interface/titan_interface.hpp
[0.516s] -- Up-to-date: /root/ros2_bunker_dev/install/ugv_sdk/include/ugv_sdk/details/interface/agilex_message.h
[0.519s] -- Up-to-date: /root/ros2_bunker_dev/install/ugv_sdk/include/ugv_sdk/details/interface/agilex_types.h
[0.520s] -- Up-to-date: /root/ros2_bunker_dev/install/ugv_sdk/include/ugv_sdk/details/interface/bunker_interface.hpp
[0.521s] -- Up-to-date: /root/ros2_bunker_dev/install/ugv_sdk/include/ugv_sdk/details/parser_base.hpp
[0.521s] -- Up-to-date: /root/ros2_bunker_dev/install/ugv_sdk/include/ugv_sdk/details/protocol_v2
[0.522s] -- Up-to-date: /root/ros2_bunker_dev/install/ugv_sdk/include/ugv_sdk/details/protocol_v2/protocol_v2_parser.hpp
[0.523s] -- Up-to-date: /root/ros2_bunker_dev/install/ugv_sdk/include/ugv_sdk/details/robot_base
[0.524s] -- Up-to-date: /root/ros2_bunker_dev/install/ugv_sdk/include/ugv_sdk/details/robot_base/scout_base.hpp
[0.525s] -- Up-to-date: /root/ros2_bunker_dev/install/ugv_sdk/include/ugv_sdk/details/robot_base/hunter_base.hpp
[0.525s] -- Up-to-date: /root/ros2_bunker_dev/install/ugv_sdk/include/ugv_sdk/details/robot_base/agilex_base.hpp
[0.526s] -- Up-to-date: /root/ros2_bunker_dev/install/ugv_sdk/include/ugv_sdk/details/robot_base/bunker_base.hpp
[0.526s] -- Up-to-date: /root/ros2_bunker_dev/install/ugv_sdk/include/ugv_sdk/details/robot_base/titan_base.hpp
[0.526s] -- Up-to-date: /root/ros2_bunker_dev/install/ugv_sdk/include/ugv_sdk/details/robot_base/ranger_base.hpp
[0.527s] -- Up-to-date: /root/ros2_bunker_dev/install/ugv_sdk/include/ugv_sdk/details/robot_base/tracer_base.hpp
[0.528s] -- Up-to-date: /root/ros2_bunker_dev/install/ugv_sdk/include/ugv_sdk/details/async_port
[0.528s] -- Up-to-date: /root/ros2_bunker_dev/install/ugv_sdk/include/ugv_sdk/details/async_port/async_can.hpp
[0.529s] -- Up-to-date: /root/ros2_bunker_dev/install/ugv_sdk/include/ugv_sdk/details/async_port/async_serial.hpp
[0.529s] -- Up-to-date: /root/ros2_bunker_dev/install/ugv_sdk/include/ugv_sdk/details/async_port/ring_buffer.hpp
[0.530s] -- Up-to-date: /root/ros2_bunker_dev/install/ugv_sdk/include/ugv_sdk/details/protocol_v1
[0.530s] -- Up-to-date: /root/ros2_bunker_dev/install/ugv_sdk/include/ugv_sdk/details/protocol_v1/robot_limits.hpp
[0.531s] -- Up-to-date: /root/ros2_bunker_dev/install/ugv_sdk/include/ugv_sdk/details/protocol_v1/agilex_msg_parser_v1.h
[0.532s] -- Up-to-date: /root/ros2_bunker_dev/install/ugv_sdk/include/ugv_sdk/details/protocol_v1/protocol_v1_parser.hpp
[0.533s] -- Up-to-date: /root/ros2_bunker_dev/install/ugv_sdk/include/ugv_sdk/utilities
[0.535s] -- Up-to-date: /root/ros2_bunker_dev/install/ugv_sdk/include/ugv_sdk/utilities/protocol_detector.hpp
[0.539s] -- Up-to-date: /root/ros2_bunker_dev/install/ugv_sdk/include/ugv_sdk/mobile_robot
[0.541s] -- Up-to-date: /root/ros2_bunker_dev/install/ugv_sdk/include/ugv_sdk/mobile_robot/tracer_robot.hpp
[0.541s] -- Up-to-date: /root/ros2_bunker_dev/install/ugv_sdk/include/ugv_sdk/mobile_robot/scout_robot.hpp
[0.542s] -- Up-to-date: /root/ros2_bunker_dev/install/ugv_sdk/include/ugv_sdk/mobile_robot/titan_robot.hpp
[0.543s] -- Up-to-date: /root/ros2_bunker_dev/install/ugv_sdk/include/ugv_sdk/mobile_robot/bunker_robot.hpp
[0.543s] -- Up-to-date: /root/ros2_bunker_dev/install/ugv_sdk/include/ugv_sdk/mobile_robot/ranger_robot.hpp
[0.544s] -- Up-to-date: /root/ros2_bunker_dev/install/ugv_sdk/include/ugv_sdk/mobile_robot/hunter_robot.hpp
[0.545s] -- Up-to-date: /root/ros2_bunker_dev/install/ugv_sdk/lib/cmake/ugv_sdk/ugv_sdkTargets.cmake
[0.545s] -- Up-to-date: /root/ros2_bunker_dev/install/ugv_sdk/lib/cmake/ugv_sdk/ugv_sdkTargets-release.cmake
[0.546s] -- Up-to-date: /root/ros2_bunker_dev/install/ugv_sdk/lib/cmake/ugv_sdk/ugv_sdkConfig.cmake
[0.546s] -- Up-to-date: /root/ros2_bunker_dev/install/ugv_sdk/lib/cmake/ugv_sdk/ugv_sdkConfigVersion.cmake
[0.550s] Invoked command in '/root/ros2_bunker_dev/build/ugv_sdk' returned '0': /usr/bin/cmake --install /root/ros2_bunker_dev/build/ugv_sdk
