[0.044s] Invoking command in '/root/ros2_bunker_dev/build/custom_bunker_controller': CMAKE_PREFIX_PATH=/opt/ros/foxy /usr/bin/cmake /root/ros2_bunker_dev/src/custom_bunker_controller -DCMAKE_INSTALL_PREFIX=/root/ros2_bunker_dev/install/custom_bunker_controller
[0.119s] -- The C compiler identification is GNU 9.4.0
[0.179s] -- The CXX compiler identification is GNU 9.4.0
[0.184s] -- Check for working C compiler: /usr/bin/cc
[0.260s] -- Check for working C compiler: /usr/bin/cc -- works
[0.262s] -- Detecting C compiler ABI info
[0.372s] -- Detecting C compiler ABI info - done
[0.388s] -- Detecting C compile features
[0.388s] -- Detecting C compile features - done
[0.393s] -- Check for working CXX compiler: /usr/bin/c++
[0.479s] -- Check for working CXX compiler: /usr/bin/c++ -- works
[0.566s] -- Detecting CXX compiler ABI info
[0.711s] -- Detecting CXX compiler ABI info - done
[0.721s] -- Detecting CXX compile features
[0.722s] -- Detecting CXX compile features - done
[0.730s] -- Found ament_cmake: 0.9.12 (/opt/ros/foxy/share/ament_cmake/cmake)
[0.745s] -- Found PythonInterp: /usr/bin/python3 (found suitable version "3.8.10", minimum required is "3") 
[0.746s] -- Using PYTHON_EXECUTABLE: /usr/bin/python3
[0.831s] -- Found rclcpp: 2.4.3 (/opt/ros/foxy/share/rclcpp/cmake)
[0.854s] -- Using all available rosidl_typesupport_c: rosidl_typesupport_fastrtps_c;rosidl_typesupport_introspection_c
[0.860s] -- Found rosidl_adapter: 1.3.1 (/opt/ros/foxy/share/rosidl_adapter/cmake)
[0.888s] -- Found OpenSSL: /usr/lib/aarch64-linux-gnu/libcrypto.so (found version "1.1.1f")  
[0.900s] -- Found FastRTPS: /opt/ros/foxy/include  
[0.936s] -- Using all available rosidl_typesupport_cpp: rosidl_typesupport_fastrtps_cpp;rosidl_typesupport_introspection_cpp
[0.965s] -- Found rmw_implementation_cmake: 1.0.4 (/opt/ros/foxy/share/rmw_implementation_cmake/cmake)
[0.966s] -- Using RMW implementation 'rmw_fastrtps_cpp' as default
[0.970s] -- Looking for pthread.h
[1.058s] -- Looking for pthread.h - found
[1.059s] -- Performing Test CMAKE_HAVE_LIBC_PTHREAD
[1.147s] -- Performing Test CMAKE_HAVE_LIBC_PTHREAD - Failed
[1.152s] -- Looking for pthread_create in pthreads
[1.205s] -- Looking for pthread_create in pthreads - not found
[1.206s] -- Looking for pthread_create in pthread
[1.324s] -- Looking for pthread_create in pthread - found
[1.326s] -- Found Threads: TRUE  
[1.490s] -- Found geometry_msgs: 2.0.5 (/opt/ros/foxy/share/geometry_msgs/cmake)
[1.491s] -- Found ament_lint_auto: 0.9.8 (/opt/ros/foxy/share/ament_lint_auto/cmake)
[1.566s] -- Added test 'copyright' to check source files copyright and LICENSE
[1.587s] -- Added test 'cppcheck' to perform static code analysis on C / C++ code
[1.588s] -- Configured cppcheck include dirs: 
[1.588s] -- Configured cppcheck exclude dirs and/or files: 
[1.599s] -- Added test 'cpplint' to check C / C++ code against the Google style
[1.600s] -- Configured cpplint exclude dirs and/or files: 
[1.603s] -- Added test 'lint_cmake' to check CMake code style
[1.616s] -- Added test 'uncrustify' to check C / C++ code style
[1.617s] -- Configured uncrustify additional arguments: 
[1.618s] -- Added test 'xmllint' to check XML markup files
[1.630s] -- Configuring done
[1.669s] -- Generating done
[1.682s] -- Build files have been written to: /root/ros2_bunker_dev/build/custom_bunker_controller
[1.683s] Invoked command in '/root/ros2_bunker_dev/build/custom_bunker_controller' returned '0': CMAKE_PREFIX_PATH=/opt/ros/foxy /usr/bin/cmake /root/ros2_bunker_dev/src/custom_bunker_controller -DCMAKE_INSTALL_PREFIX=/root/ros2_bunker_dev/install/custom_bunker_controller
[1.686s] Invoking command in '/root/ros2_bunker_dev/build/custom_bunker_controller': CMAKE_PREFIX_PATH=/opt/ros/foxy /usr/bin/cmake --build /root/ros2_bunker_dev/build/custom_bunker_controller -- -j8 -l8
[1.716s] [35m[1mScanning dependencies of target custom_controller[0m
[2.342s] [ 50%] [32mBuilding CXX object CMakeFiles/custom_controller.dir/src/custom_controller.cpp.o[0m
[7.067s] [100%] [32m[1mLinking CXX executable custom_controller[0m
[7.255s] [100%] Built target custom_controller
[7.272s] Invoked command in '/root/ros2_bunker_dev/build/custom_bunker_controller' returned '0': CMAKE_PREFIX_PATH=/opt/ros/foxy /usr/bin/cmake --build /root/ros2_bunker_dev/build/custom_bunker_controller -- -j8 -l8
[7.329s] Invoking command in '/root/ros2_bunker_dev/build/custom_bunker_controller': CMAKE_PREFIX_PATH=/opt/ros/foxy /usr/bin/cmake --install /root/ros2_bunker_dev/build/custom_bunker_controller
[7.341s] -- Install configuration: ""
[7.342s] -- Installing: /root/ros2_bunker_dev/install/custom_bunker_controller/lib/custom_bunker_controller/custom_controller
[7.363s] -- Set runtime path of "/root/ros2_bunker_dev/install/custom_bunker_controller/lib/custom_bunker_controller/custom_controller" to ""
[7.365s] -- Installing: /root/ros2_bunker_dev/install/custom_bunker_controller/share/ament_index/resource_index/package_run_dependencies/custom_bunker_controller
[7.370s] -- Installing: /root/ros2_bunker_dev/install/custom_bunker_controller/share/ament_index/resource_index/parent_prefix_path/custom_bunker_controller
[7.373s] -- Installing: /root/ros2_bunker_dev/install/custom_bunker_controller/share/custom_bunker_controller/environment/ament_prefix_path.sh
[7.376s] -- Installing: /root/ros2_bunker_dev/install/custom_bunker_controller/share/custom_bunker_controller/environment/ament_prefix_path.dsv
[7.378s] -- Installing: /root/ros2_bunker_dev/install/custom_bunker_controller/share/custom_bunker_controller/environment/path.sh
[7.381s] -- Installing: /root/ros2_bunker_dev/install/custom_bunker_controller/share/custom_bunker_controller/environment/path.dsv
[7.384s] -- Installing: /root/ros2_bunker_dev/install/custom_bunker_controller/share/custom_bunker_controller/local_setup.bash
[7.391s] -- Installing: /root/ros2_bunker_dev/install/custom_bunker_controller/share/custom_bunker_controller/local_setup.sh
[7.396s] -- Installing: /root/ros2_bunker_dev/install/custom_bunker_controller/share/custom_bunker_controller/local_setup.zsh
[7.399s] -- Installing: /root/ros2_bunker_dev/install/custom_bunker_controller/share/custom_bunker_controller/local_setup.dsv
[7.401s] -- Installing: /root/ros2_bunker_dev/install/custom_bunker_controller/share/custom_bunker_controller/package.dsv
[7.409s] -- Installing: /root/ros2_bunker_dev/install/custom_bunker_controller/share/ament_index/resource_index/packages/custom_bunker_controller
[7.413s] -- Installing: /root/ros2_bunker_dev/install/custom_bunker_controller/share/custom_bunker_controller/cmake/custom_bunker_controllerConfig.cmake
[7.415s] -- Installing: /root/ros2_bunker_dev/install/custom_bunker_controller/share/custom_bunker_controller/cmake/custom_bunker_controllerConfig-version.cmake
[7.417s] -- Installing: /root/ros2_bunker_dev/install/custom_bunker_controller/share/custom_bunker_controller/package.xml
[7.430s] Invoked command in '/root/ros2_bunker_dev/build/custom_bunker_controller' returned '0': CMAKE_PREFIX_PATH=/opt/ros/foxy /usr/bin/cmake --install /root/ros2_bunker_dev/build/custom_bunker_controller
