[0.154s] DEBUG:colcon:Command line arguments: ['/usr/bin/colcon', 'build']
[0.154s] DEBUG:colcon:Parsed command line arguments: Namespace(ament_cmake_args=None, base_paths=['.'], build_base='build', catkin_cmake_args=None, catkin_skip_building_tests=False, cmake_args=None, cmake_clean_cache=False, cmake_clean_first=False, cmake_force_configure=False, cmake_target=None, cmake_target_skip_unavailable=False, continue_on_error=False, event_handlers=None, executor='parallel', ignore_user_meta=False, install_base='install', log_base=None, log_level=None, main=<bound method BuildVerb.main of <colcon_core.verb.build.BuildVerb object at 0xffffb90d5dc0>>, merge_install=False, metas=['./colcon.meta'], mixin=None, mixin_files=None, mixin_verb=('build',), packages_above=None, packages_above_and_dependencies=None, packages_above_depth=None, packages_end=None, packages_ignore=None, packages_ignore_regex=None, packages_select=None, packages_select_build_failed=False, packages_select_by_dep=None, packages_select_regex=None, packages_select_test_failures=False, packages_skip=None, packages_skip_build_finished=False, packages_skip_by_dep=None, packages_skip_regex=None, packages_skip_test_passed=False, packages_skip_up_to=None, packages_start=None, packages_up_to=None, packages_up_to_regex=None, parallel_workers=8, paths=None, symlink_install=False, test_result_base=None, verb_extension=<colcon_core.verb.build.BuildVerb object at 0xffffb90d5dc0>, verb_name='build', verb_parser=<colcon_mixin.mixin.mixin_argument.MixinArgumentDecorator object at 0xffffb90e03d0>)
[0.183s] Level 1:colcon.colcon_core.package_discovery:discover_packages(colcon_meta) check parameters
[0.183s] INFO:colcon.colcon_metadata.package_discovery.colcon_meta:Using configuration from '/root/.colcon/metadata/default/Gazebo.meta'
[0.184s] INFO:colcon.colcon_metadata.package_discovery.colcon_meta:Using configuration from '/root/.colcon/metadata/default/fastrtps.meta'
[0.184s] Level 1:colcon.colcon_core.package_discovery:discover_packages(recursive) check parameters
[0.184s] Level 1:colcon.colcon_core.package_discovery:discover_packages(ignore) check parameters
[0.184s] Level 1:colcon.colcon_core.package_discovery:discover_packages(path) check parameters
[0.184s] Level 1:colcon.colcon_core.package_discovery:discover_packages(colcon_meta) discover
[0.184s] Level 1:colcon.colcon_core.package_discovery:discover_packages(recursive) discover
[0.185s] INFO:colcon.colcon_core.package_discovery:Crawling recursively for packages in '/root/ros2_bunker_dev'
[0.185s] Level 1:colcon.colcon_core.package_identification:_identify(.) by extensions ['ignore', 'ignore_ament_install']
[0.185s] Level 1:colcon.colcon_core.package_identification:_identify(.) by extension 'ignore'
[0.185s] Level 1:colcon.colcon_core.package_identification:_identify(.) by extension 'ignore_ament_install'
[0.186s] Level 1:colcon.colcon_core.package_identification:_identify(.) by extensions ['colcon_pkg']
[0.186s] Level 1:colcon.colcon_core.package_identification:_identify(.) by extension 'colcon_pkg'
[0.186s] Level 1:colcon.colcon_core.package_identification:_identify(.) by extensions ['colcon_meta']
[0.186s] Level 1:colcon.colcon_core.package_identification:_identify(.) by extension 'colcon_meta'
[0.186s] Level 1:colcon.colcon_core.package_identification:_identify(.) by extensions ['ros']
[0.186s] Level 1:colcon.colcon_core.package_identification:_identify(.) by extension 'ros'
[0.195s] Level 1:colcon.colcon_core.package_identification:_identify(.) by extensions ['cmake', 'python']
[0.196s] Level 1:colcon.colcon_core.package_identification:_identify(.) by extension 'cmake'
[0.196s] Level 1:colcon.colcon_core.package_identification:_identify(.) by extension 'python'
[0.196s] Level 1:colcon.colcon_core.package_identification:_identify(.) by extensions ['python_setup_py']
[0.196s] Level 1:colcon.colcon_core.package_identification:_identify(.) by extension 'python_setup_py'
[0.197s] Level 1:colcon.colcon_core.package_identification:_identify(build) by extensions ['ignore', 'ignore_ament_install']
[0.197s] Level 1:colcon.colcon_core.package_identification:_identify(build) by extension 'ignore'
[0.197s] Level 1:colcon.colcon_core.package_identification:_identify(build) ignored
[0.198s] Level 1:colcon.colcon_core.package_identification:_identify(install) by extensions ['ignore', 'ignore_ament_install']
[0.198s] Level 1:colcon.colcon_core.package_identification:_identify(install) by extension 'ignore'
[0.198s] Level 1:colcon.colcon_core.package_identification:_identify(install) ignored
[0.198s] Level 1:colcon.colcon_core.package_identification:_identify(log) by extensions ['ignore', 'ignore_ament_install']
[0.198s] Level 1:colcon.colcon_core.package_identification:_identify(log) by extension 'ignore'
[0.199s] Level 1:colcon.colcon_core.package_identification:_identify(log) ignored
[0.199s] Level 1:colcon.colcon_core.package_identification:_identify(src) by extensions ['ignore', 'ignore_ament_install']
[0.199s] Level 1:colcon.colcon_core.package_identification:_identify(src) by extension 'ignore'
[0.199s] Level 1:colcon.colcon_core.package_identification:_identify(src) by extension 'ignore_ament_install'
[0.199s] Level 1:colcon.colcon_core.package_identification:_identify(src) by extensions ['colcon_pkg']
[0.199s] Level 1:colcon.colcon_core.package_identification:_identify(src) by extension 'colcon_pkg'
[0.199s] Level 1:colcon.colcon_core.package_identification:_identify(src) by extensions ['colcon_meta']
[0.199s] Level 1:colcon.colcon_core.package_identification:_identify(src) by extension 'colcon_meta'
[0.199s] Level 1:colcon.colcon_core.package_identification:_identify(src) by extensions ['ros']
[0.199s] Level 1:colcon.colcon_core.package_identification:_identify(src) by extension 'ros'
[0.199s] Level 1:colcon.colcon_core.package_identification:_identify(src) by extensions ['cmake', 'python']
[0.199s] Level 1:colcon.colcon_core.package_identification:_identify(src) by extension 'cmake'
[0.199s] Level 1:colcon.colcon_core.package_identification:_identify(src) by extension 'python'
[0.200s] Level 1:colcon.colcon_core.package_identification:_identify(src) by extensions ['python_setup_py']
[0.200s] Level 1:colcon.colcon_core.package_identification:_identify(src) by extension 'python_setup_py'
[0.200s] Level 1:colcon.colcon_core.package_identification:_identify(src/bunker_ros2) by extensions ['ignore', 'ignore_ament_install']
[0.200s] Level 1:colcon.colcon_core.package_identification:_identify(src/bunker_ros2) by extension 'ignore'
[0.200s] Level 1:colcon.colcon_core.package_identification:_identify(src/bunker_ros2) by extension 'ignore_ament_install'
[0.200s] Level 1:colcon.colcon_core.package_identification:_identify(src/bunker_ros2) by extensions ['colcon_pkg']
[0.200s] Level 1:colcon.colcon_core.package_identification:_identify(src/bunker_ros2) by extension 'colcon_pkg'
[0.200s] Level 1:colcon.colcon_core.package_identification:_identify(src/bunker_ros2) by extensions ['colcon_meta']
[0.200s] Level 1:colcon.colcon_core.package_identification:_identify(src/bunker_ros2) by extension 'colcon_meta'
[0.200s] Level 1:colcon.colcon_core.package_identification:_identify(src/bunker_ros2) by extensions ['ros']
[0.200s] Level 1:colcon.colcon_core.package_identification:_identify(src/bunker_ros2) by extension 'ros'
[0.200s] Level 1:colcon.colcon_core.package_identification:_identify(src/bunker_ros2) by extensions ['cmake', 'python']
[0.200s] Level 1:colcon.colcon_core.package_identification:_identify(src/bunker_ros2) by extension 'cmake'
[0.200s] Level 1:colcon.colcon_core.package_identification:_identify(src/bunker_ros2) by extension 'python'
[0.200s] Level 1:colcon.colcon_core.package_identification:_identify(src/bunker_ros2) by extensions ['python_setup_py']
[0.201s] Level 1:colcon.colcon_core.package_identification:_identify(src/bunker_ros2) by extension 'python_setup_py'
[0.201s] Level 1:colcon.colcon_core.package_identification:_identify(src/bunker_ros2/bunker_base) by extensions ['ignore', 'ignore_ament_install']
[0.201s] Level 1:colcon.colcon_core.package_identification:_identify(src/bunker_ros2/bunker_base) by extension 'ignore'
[0.201s] Level 1:colcon.colcon_core.package_identification:_identify(src/bunker_ros2/bunker_base) by extension 'ignore_ament_install'
[0.201s] Level 1:colcon.colcon_core.package_identification:_identify(src/bunker_ros2/bunker_base) by extensions ['colcon_pkg']
[0.201s] Level 1:colcon.colcon_core.package_identification:_identify(src/bunker_ros2/bunker_base) by extension 'colcon_pkg'
[0.201s] Level 1:colcon.colcon_core.package_identification:_identify(src/bunker_ros2/bunker_base) by extensions ['colcon_meta']
[0.201s] Level 1:colcon.colcon_core.package_identification:_identify(src/bunker_ros2/bunker_base) by extension 'colcon_meta'
[0.201s] Level 1:colcon.colcon_core.package_identification:_identify(src/bunker_ros2/bunker_base) by extensions ['ros']
[0.201s] Level 1:colcon.colcon_core.package_identification:_identify(src/bunker_ros2/bunker_base) by extension 'ros'
[0.267s] DEBUG:colcon.colcon_core.package_identification:Package 'src/bunker_ros2/bunker_base' with type 'ros.ament_cmake' and name 'bunker_base'
[0.274s] Level 1:colcon.colcon_core.package_identification:_identify(src/bunker_ros2/bunker_msgs) by extensions ['ignore', 'ignore_ament_install']
[0.276s] Level 1:colcon.colcon_core.package_identification:_identify(src/bunker_ros2/bunker_msgs) by extension 'ignore'
[0.276s] Level 1:colcon.colcon_core.package_identification:_identify(src/bunker_ros2/bunker_msgs) by extension 'ignore_ament_install'
[0.277s] Level 1:colcon.colcon_core.package_identification:_identify(src/bunker_ros2/bunker_msgs) by extensions ['colcon_pkg']
[0.277s] Level 1:colcon.colcon_core.package_identification:_identify(src/bunker_ros2/bunker_msgs) by extension 'colcon_pkg'
[0.277s] Level 1:colcon.colcon_core.package_identification:_identify(src/bunker_ros2/bunker_msgs) by extensions ['colcon_meta']
[0.277s] Level 1:colcon.colcon_core.package_identification:_identify(src/bunker_ros2/bunker_msgs) by extension 'colcon_meta'
[0.277s] Level 1:colcon.colcon_core.package_identification:_identify(src/bunker_ros2/bunker_msgs) by extensions ['ros']
[0.277s] Level 1:colcon.colcon_core.package_identification:_identify(src/bunker_ros2/bunker_msgs) by extension 'ros'
[0.287s] DEBUG:colcon.colcon_core.package_identification:Package 'src/bunker_ros2/bunker_msgs' with type 'ros.ament_cmake' and name 'bunker_msgs'
[0.288s] Level 1:colcon.colcon_core.package_identification:_identify(src/custom_bunker_controller) by extensions ['ignore', 'ignore_ament_install']
[0.288s] Level 1:colcon.colcon_core.package_identification:_identify(src/custom_bunker_controller) by extension 'ignore'
[0.288s] Level 1:colcon.colcon_core.package_identification:_identify(src/custom_bunker_controller) by extension 'ignore_ament_install'
[0.288s] Level 1:colcon.colcon_core.package_identification:_identify(src/custom_bunker_controller) by extensions ['colcon_pkg']
[0.288s] Level 1:colcon.colcon_core.package_identification:_identify(src/custom_bunker_controller) by extension 'colcon_pkg'
[0.289s] Level 1:colcon.colcon_core.package_identification:_identify(src/custom_bunker_controller) by extensions ['colcon_meta']
[0.289s] Level 1:colcon.colcon_core.package_identification:_identify(src/custom_bunker_controller) by extension 'colcon_meta'
[0.289s] Level 1:colcon.colcon_core.package_identification:_identify(src/custom_bunker_controller) by extensions ['ros']
[0.294s] Level 1:colcon.colcon_core.package_identification:_identify(src/custom_bunker_controller) by extension 'ros'
[0.303s] DEBUG:colcon.colcon_core.package_identification:Package 'src/custom_bunker_controller' with type 'ros.ament_cmake' and name 'custom_bunker_controller'
[0.304s] Level 1:colcon.colcon_core.package_identification:_identify(src/rpa) by extensions ['ignore', 'ignore_ament_install']
[0.305s] Level 1:colcon.colcon_core.package_identification:_identify(src/rpa) by extension 'ignore'
[0.305s] Level 1:colcon.colcon_core.package_identification:_identify(src/rpa) by extension 'ignore_ament_install'
[0.305s] Level 1:colcon.colcon_core.package_identification:_identify(src/rpa) by extensions ['colcon_pkg']
[0.305s] Level 1:colcon.colcon_core.package_identification:_identify(src/rpa) by extension 'colcon_pkg'
[0.305s] Level 1:colcon.colcon_core.package_identification:_identify(src/rpa) by extensions ['colcon_meta']
[0.305s] Level 1:colcon.colcon_core.package_identification:_identify(src/rpa) by extension 'colcon_meta'
[0.305s] Level 1:colcon.colcon_core.package_identification:_identify(src/rpa) by extensions ['ros']
[0.305s] Level 1:colcon.colcon_core.package_identification:_identify(src/rpa) by extension 'ros'
[0.306s] DEBUG:colcon.colcon_core.package_identification:Package 'src/rpa' with type 'ros.ament_python' and name 'rpa'
[0.307s] Level 1:colcon.colcon_core.package_identification:_identify(src/ugv_sdk) by extensions ['ignore', 'ignore_ament_install']
[0.307s] Level 1:colcon.colcon_core.package_identification:_identify(src/ugv_sdk) by extension 'ignore'
[0.307s] Level 1:colcon.colcon_core.package_identification:_identify(src/ugv_sdk) by extension 'ignore_ament_install'
[0.307s] Level 1:colcon.colcon_core.package_identification:_identify(src/ugv_sdk) by extensions ['colcon_pkg']
[0.307s] Level 1:colcon.colcon_core.package_identification:_identify(src/ugv_sdk) by extension 'colcon_pkg'
[0.307s] Level 1:colcon.colcon_core.package_identification:_identify(src/ugv_sdk) by extensions ['colcon_meta']
[0.307s] Level 1:colcon.colcon_core.package_identification:_identify(src/ugv_sdk) by extension 'colcon_meta'
[0.307s] Level 1:colcon.colcon_core.package_identification:_identify(src/ugv_sdk) by extensions ['ros']
[0.307s] Level 1:colcon.colcon_core.package_identification:_identify(src/ugv_sdk) by extension 'ros'
[0.308s] DEBUG:colcon.colcon_core.package_identification:Package 'src/ugv_sdk' with type 'ros.catkin' and name 'ugv_sdk'
[0.308s] Level 1:colcon.colcon_core.package_discovery:discover_packages(recursive) using defaults
[0.308s] Level 1:colcon.colcon_core.package_discovery:discover_packages(ignore) discover
[0.308s] Level 1:colcon.colcon_core.package_discovery:discover_packages(ignore) using defaults
[0.308s] Level 1:colcon.colcon_core.package_discovery:discover_packages(path) discover
[0.308s] Level 1:colcon.colcon_core.package_discovery:discover_packages(path) using defaults
[0.331s] Level 5:colcon.colcon_core.verb:set package 'bunker_msgs' build argument 'cmake_args' from command line to 'None'
[0.331s] Level 5:colcon.colcon_core.verb:set package 'bunker_msgs' build argument 'cmake_target' from command line to 'None'
[0.331s] Level 5:colcon.colcon_core.verb:set package 'bunker_msgs' build argument 'cmake_target_skip_unavailable' from command line to 'False'
[0.331s] Level 5:colcon.colcon_core.verb:set package 'bunker_msgs' build argument 'cmake_clean_cache' from command line to 'False'
[0.331s] Level 5:colcon.colcon_core.verb:set package 'bunker_msgs' build argument 'cmake_clean_first' from command line to 'False'
[0.331s] Level 5:colcon.colcon_core.verb:set package 'bunker_msgs' build argument 'cmake_force_configure' from command line to 'False'
[0.331s] Level 5:colcon.colcon_core.verb:set package 'bunker_msgs' build argument 'ament_cmake_args' from command line to 'None'
[0.331s] Level 5:colcon.colcon_core.verb:set package 'bunker_msgs' build argument 'catkin_cmake_args' from command line to 'None'
[0.331s] Level 5:colcon.colcon_core.verb:set package 'bunker_msgs' build argument 'catkin_skip_building_tests' from command line to 'False'
[0.331s] DEBUG:colcon.colcon_core.verb:Building package 'bunker_msgs' with the following arguments: {'ament_cmake_args': None, 'build_base': '/root/ros2_bunker_dev/build/bunker_msgs', 'catkin_cmake_args': None, 'catkin_skip_building_tests': False, 'cmake_args': None, 'cmake_clean_cache': False, 'cmake_clean_first': False, 'cmake_force_configure': False, 'cmake_target': None, 'cmake_target_skip_unavailable': False, 'install_base': '/root/ros2_bunker_dev/install/bunker_msgs', 'merge_install': False, 'path': '/root/ros2_bunker_dev/src/bunker_ros2/bunker_msgs', 'symlink_install': False, 'test_result_base': None}
[0.332s] Level 5:colcon.colcon_core.verb:set package 'custom_bunker_controller' build argument 'cmake_args' from command line to 'None'
[0.332s] Level 5:colcon.colcon_core.verb:set package 'custom_bunker_controller' build argument 'cmake_target' from command line to 'None'
[0.332s] Level 5:colcon.colcon_core.verb:set package 'custom_bunker_controller' build argument 'cmake_target_skip_unavailable' from command line to 'False'
[0.332s] Level 5:colcon.colcon_core.verb:set package 'custom_bunker_controller' build argument 'cmake_clean_cache' from command line to 'False'
[0.332s] Level 5:colcon.colcon_core.verb:set package 'custom_bunker_controller' build argument 'cmake_clean_first' from command line to 'False'
[0.332s] Level 5:colcon.colcon_core.verb:set package 'custom_bunker_controller' build argument 'cmake_force_configure' from command line to 'False'
[0.332s] Level 5:colcon.colcon_core.verb:set package 'custom_bunker_controller' build argument 'ament_cmake_args' from command line to 'None'
[0.332s] Level 5:colcon.colcon_core.verb:set package 'custom_bunker_controller' build argument 'catkin_cmake_args' from command line to 'None'
[0.332s] Level 5:colcon.colcon_core.verb:set package 'custom_bunker_controller' build argument 'catkin_skip_building_tests' from command line to 'False'
[0.332s] DEBUG:colcon.colcon_core.verb:Building package 'custom_bunker_controller' with the following arguments: {'ament_cmake_args': None, 'build_base': '/root/ros2_bunker_dev/build/custom_bunker_controller', 'catkin_cmake_args': None, 'catkin_skip_building_tests': False, 'cmake_args': None, 'cmake_clean_cache': False, 'cmake_clean_first': False, 'cmake_force_configure': False, 'cmake_target': None, 'cmake_target_skip_unavailable': False, 'install_base': '/root/ros2_bunker_dev/install/custom_bunker_controller', 'merge_install': False, 'path': '/root/ros2_bunker_dev/src/custom_bunker_controller', 'symlink_install': False, 'test_result_base': None}
[0.333s] Level 5:colcon.colcon_core.verb:set package 'rpa' build argument 'cmake_args' from command line to 'None'
[0.333s] Level 5:colcon.colcon_core.verb:set package 'rpa' build argument 'cmake_target' from command line to 'None'
[0.333s] Level 5:colcon.colcon_core.verb:set package 'rpa' build argument 'cmake_target_skip_unavailable' from command line to 'False'
[0.333s] Level 5:colcon.colcon_core.verb:set package 'rpa' build argument 'cmake_clean_cache' from command line to 'False'
[0.333s] Level 5:colcon.colcon_core.verb:set package 'rpa' build argument 'cmake_clean_first' from command line to 'False'
[0.333s] Level 5:colcon.colcon_core.verb:set package 'rpa' build argument 'cmake_force_configure' from command line to 'False'
[0.333s] Level 5:colcon.colcon_core.verb:set package 'rpa' build argument 'ament_cmake_args' from command line to 'None'
[0.333s] Level 5:colcon.colcon_core.verb:set package 'rpa' build argument 'catkin_cmake_args' from command line to 'None'
[0.333s] Level 5:colcon.colcon_core.verb:set package 'rpa' build argument 'catkin_skip_building_tests' from command line to 'False'
[0.333s] DEBUG:colcon.colcon_core.verb:Building package 'rpa' with the following arguments: {'ament_cmake_args': None, 'build_base': '/root/ros2_bunker_dev/build/rpa', 'catkin_cmake_args': None, 'catkin_skip_building_tests': False, 'cmake_args': None, 'cmake_clean_cache': False, 'cmake_clean_first': False, 'cmake_force_configure': False, 'cmake_target': None, 'cmake_target_skip_unavailable': False, 'install_base': '/root/ros2_bunker_dev/install/rpa', 'merge_install': False, 'path': '/root/ros2_bunker_dev/src/rpa', 'symlink_install': False, 'test_result_base': None}
[0.333s] Level 5:colcon.colcon_core.verb:set package 'ugv_sdk' build argument 'cmake_args' from command line to 'None'
[0.333s] Level 5:colcon.colcon_core.verb:set package 'ugv_sdk' build argument 'cmake_target' from command line to 'None'
[0.333s] Level 5:colcon.colcon_core.verb:set package 'ugv_sdk' build argument 'cmake_target_skip_unavailable' from command line to 'False'
[0.334s] Level 5:colcon.colcon_core.verb:set package 'ugv_sdk' build argument 'cmake_clean_cache' from command line to 'False'
[0.334s] Level 5:colcon.colcon_core.verb:set package 'ugv_sdk' build argument 'cmake_clean_first' from command line to 'False'
[0.334s] Level 5:colcon.colcon_core.verb:set package 'ugv_sdk' build argument 'cmake_force_configure' from command line to 'False'
[0.334s] Level 5:colcon.colcon_core.verb:set package 'ugv_sdk' build argument 'ament_cmake_args' from command line to 'None'
[0.334s] Level 5:colcon.colcon_core.verb:set package 'ugv_sdk' build argument 'catkin_cmake_args' from command line to 'None'
[0.334s] Level 5:colcon.colcon_core.verb:set package 'ugv_sdk' build argument 'catkin_skip_building_tests' from command line to 'False'
[0.334s] DEBUG:colcon.colcon_core.verb:Building package 'ugv_sdk' with the following arguments: {'ament_cmake_args': None, 'build_base': '/root/ros2_bunker_dev/build/ugv_sdk', 'catkin_cmake_args': None, 'catkin_skip_building_tests': False, 'cmake_args': None, 'cmake_clean_cache': False, 'cmake_clean_first': False, 'cmake_force_configure': False, 'cmake_target': None, 'cmake_target_skip_unavailable': False, 'install_base': '/root/ros2_bunker_dev/install/ugv_sdk', 'merge_install': False, 'path': '/root/ros2_bunker_dev/src/ugv_sdk', 'symlink_install': False, 'test_result_base': None}
[0.334s] Level 5:colcon.colcon_core.verb:set package 'bunker_base' build argument 'cmake_args' from command line to 'None'
[0.334s] Level 5:colcon.colcon_core.verb:set package 'bunker_base' build argument 'cmake_target' from command line to 'None'
[0.334s] Level 5:colcon.colcon_core.verb:set package 'bunker_base' build argument 'cmake_target_skip_unavailable' from command line to 'False'
[0.334s] Level 5:colcon.colcon_core.verb:set package 'bunker_base' build argument 'cmake_clean_cache' from command line to 'False'
[0.334s] Level 5:colcon.colcon_core.verb:set package 'bunker_base' build argument 'cmake_clean_first' from command line to 'False'
[0.334s] Level 5:colcon.colcon_core.verb:set package 'bunker_base' build argument 'cmake_force_configure' from command line to 'False'
[0.334s] Level 5:colcon.colcon_core.verb:set package 'bunker_base' build argument 'ament_cmake_args' from command line to 'None'
[0.334s] Level 5:colcon.colcon_core.verb:set package 'bunker_base' build argument 'catkin_cmake_args' from command line to 'None'
[0.334s] Level 5:colcon.colcon_core.verb:set package 'bunker_base' build argument 'catkin_skip_building_tests' from command line to 'False'
[0.334s] DEBUG:colcon.colcon_core.verb:Building package 'bunker_base' with the following arguments: {'ament_cmake_args': None, 'build_base': '/root/ros2_bunker_dev/build/bunker_base', 'catkin_cmake_args': None, 'catkin_skip_building_tests': False, 'cmake_args': None, 'cmake_clean_cache': False, 'cmake_clean_first': False, 'cmake_force_configure': False, 'cmake_target': None, 'cmake_target_skip_unavailable': False, 'install_base': '/root/ros2_bunker_dev/install/bunker_base', 'merge_install': False, 'path': '/root/ros2_bunker_dev/src/bunker_ros2/bunker_base', 'symlink_install': False, 'test_result_base': None}
[0.335s] INFO:colcon.colcon_core.executor:Executing jobs using 'parallel' executor
[0.337s] DEBUG:colcon.colcon_parallel_executor.executor.parallel:run_until_complete
[0.337s] INFO:colcon.colcon_ros.task.ament_cmake.build:Building ROS package in '/root/ros2_bunker_dev/src/bunker_ros2/bunker_msgs' with build type 'ament_cmake'
[0.337s] INFO:colcon.colcon_cmake.task.cmake.build:Building CMake package in '/root/ros2_bunker_dev/src/bunker_ros2/bunker_msgs'
[0.340s] INFO:colcon.colcon_core.plugin_system:Skipping extension 'colcon_core.shell.bat': Not used on non-Windows systems
[0.340s] INFO:colcon.colcon_core.shell:Skip shell extension 'powershell' for command environment: Not usable outside of PowerShell
[0.340s] DEBUG:colcon.colcon_core.shell:Skip shell extension 'dsv' for command environment
[0.347s] INFO:colcon.colcon_ros.task.catkin.build:Building ROS package in '/root/ros2_bunker_dev/src/ugv_sdk' with build type 'catkin'
[0.347s] INFO:colcon.colcon_cmake.task.cmake.build:Building CMake package in '/root/ros2_bunker_dev/src/ugv_sdk'
[0.349s] INFO:colcon.colcon_core.shell:Skip shell extension 'powershell' for command environment: Not usable outside of PowerShell
[0.349s] DEBUG:colcon.colcon_core.shell:Skip shell extension 'dsv' for command environment
[0.353s] INFO:colcon.colcon_ros.task.ament_cmake.build:Building ROS package in '/root/ros2_bunker_dev/src/custom_bunker_controller' with build type 'ament_cmake'
[0.354s] INFO:colcon.colcon_cmake.task.cmake.build:Building CMake package in '/root/ros2_bunker_dev/src/custom_bunker_controller'
[0.356s] INFO:colcon.colcon_core.shell:Skip shell extension 'powershell' for command environment: Not usable outside of PowerShell
[0.356s] DEBUG:colcon.colcon_core.shell:Skip shell extension 'dsv' for command environment
[0.359s] INFO:colcon.colcon_ros.task.ament_python.build:Building ROS package in '/root/ros2_bunker_dev/src/rpa' with build type 'ament_python'
[0.359s] Level 1:colcon.colcon_core.shell:create_environment_hook('rpa', 'ament_prefix_path')
[0.360s] INFO:colcon.colcon_core.shell:Creating environment hook '/root/ros2_bunker_dev/install/rpa/share/rpa/hook/ament_prefix_path.ps1'
[0.361s] INFO:colcon.colcon_core.shell:Creating environment descriptor '/root/ros2_bunker_dev/install/rpa/share/rpa/hook/ament_prefix_path.dsv'
[0.363s] INFO:colcon.colcon_core.shell:Creating environment hook '/root/ros2_bunker_dev/install/rpa/share/rpa/hook/ament_prefix_path.sh'
[0.364s] INFO:colcon.colcon_core.shell:Skip shell extension 'powershell' for command environment: Not usable outside of PowerShell
[0.364s] DEBUG:colcon.colcon_core.shell:Skip shell extension 'dsv' for command environment
[0.384s] DEBUG:colcon.colcon_core.event_handler.log_command:Invoking command in '/root/ros2_bunker_dev/build/bunker_msgs': CMAKE_PREFIX_PATH=/opt/ros/foxy /usr/bin/cmake --build /root/ros2_bunker_dev/build/bunker_msgs -- -j8 -l8
[0.402s] DEBUG:colcon.colcon_core.event_handler.log_command:Invoking command in '/root/ros2_bunker_dev/build/ugv_sdk': /usr/bin/cmake --build /root/ros2_bunker_dev/build/ugv_sdk -- -j8 -l8
[0.421s] DEBUG:colcon.colcon_core.event_handler.log_command:Invoking command in '/root/ros2_bunker_dev/build/custom_bunker_controller': CMAKE_PREFIX_PATH=/opt/ros/foxy /usr/bin/cmake --build /root/ros2_bunker_dev/build/custom_bunker_controller -- -j8 -l8
[0.598s] INFO:colcon.colcon_core.task.python.build:Building Python package in '/root/ros2_bunker_dev/src/rpa'
[0.600s] INFO:colcon.colcon_core.shell:Skip shell extension 'powershell' for command environment: Not usable outside of PowerShell
[0.600s] DEBUG:colcon.colcon_core.shell:Skip shell extension 'dsv' for command environment
[0.655s] DEBUG:colcon.colcon_core.event_handler.log_command:Invoked command in '/root/ros2_bunker_dev/build/custom_bunker_controller' returned '0': CMAKE_PREFIX_PATH=/opt/ros/foxy /usr/bin/cmake --build /root/ros2_bunker_dev/build/custom_bunker_controller -- -j8 -l8
[0.690s] DEBUG:colcon.colcon_core.event_handler.log_command:Invoking command in '/root/ros2_bunker_dev/build/custom_bunker_controller': CMAKE_PREFIX_PATH=/opt/ros/foxy /usr/bin/cmake --install /root/ros2_bunker_dev/build/custom_bunker_controller
[0.706s] DEBUG:colcon.colcon_core.event_handler.log_command:Invoked command in '/root/ros2_bunker_dev/build/ugv_sdk' returned '0': /usr/bin/cmake --build /root/ros2_bunker_dev/build/ugv_sdk -- -j8 -l8
[0.728s] Level 1:colcon.colcon_core.environment:create_environment_scripts_only(custom_bunker_controller)
[0.730s] DEBUG:colcon.colcon_core.event_handler.log_command:Invoked command in '/root/ros2_bunker_dev/build/custom_bunker_controller' returned '0': CMAKE_PREFIX_PATH=/opt/ros/foxy /usr/bin/cmake --install /root/ros2_bunker_dev/build/custom_bunker_controller
[0.731s] Level 1:colcon.colcon_core.environment:checking '/root/ros2_bunker_dev/install/custom_bunker_controller' for CMake module files
[0.744s] Level 1:colcon.colcon_core.environment:checking '/root/ros2_bunker_dev/install/custom_bunker_controller' for CMake config files
[0.747s] Level 1:colcon.colcon_core.shell:create_environment_hook('custom_bunker_controller', 'cmake_prefix_path')
[0.747s] INFO:colcon.colcon_core.shell:Creating environment hook '/root/ros2_bunker_dev/install/custom_bunker_controller/share/custom_bunker_controller/hook/cmake_prefix_path.ps1'
[0.750s] INFO:colcon.colcon_core.shell:Creating environment descriptor '/root/ros2_bunker_dev/install/custom_bunker_controller/share/custom_bunker_controller/hook/cmake_prefix_path.dsv'
[0.752s] INFO:colcon.colcon_core.shell:Creating environment hook '/root/ros2_bunker_dev/install/custom_bunker_controller/share/custom_bunker_controller/hook/cmake_prefix_path.sh'
[0.755s] Level 1:colcon.colcon_core.environment:checking '/root/ros2_bunker_dev/install/custom_bunker_controller/lib'
[0.756s] Level 1:colcon.colcon_core.environment:checking '/root/ros2_bunker_dev/install/custom_bunker_controller/bin'
[0.756s] Level 1:colcon.colcon_core.environment:checking '/root/ros2_bunker_dev/install/custom_bunker_controller/lib/pkgconfig/custom_bunker_controller.pc'
[0.756s] Level 1:colcon.colcon_core.environment:checking '/root/ros2_bunker_dev/install/custom_bunker_controller/lib/python3.8/site-packages'
[0.756s] Level 1:colcon.colcon_core.environment:checking '/root/ros2_bunker_dev/install/custom_bunker_controller/bin'
[0.757s] INFO:colcon.colcon_core.shell:Creating package script '/root/ros2_bunker_dev/install/custom_bunker_controller/share/custom_bunker_controller/package.ps1'
[0.758s] INFO:colcon.colcon_core.shell:Creating package descriptor '/root/ros2_bunker_dev/install/custom_bunker_controller/share/custom_bunker_controller/package.dsv'
[0.758s] INFO:colcon.colcon_core.shell:Creating package script '/root/ros2_bunker_dev/install/custom_bunker_controller/share/custom_bunker_controller/package.sh'
[0.759s] INFO:colcon.colcon_core.shell:Creating package script '/root/ros2_bunker_dev/install/custom_bunker_controller/share/custom_bunker_controller/package.bash'
[0.760s] INFO:colcon.colcon_core.shell:Creating package script '/root/ros2_bunker_dev/install/custom_bunker_controller/share/custom_bunker_controller/package.zsh'
[0.763s] Level 1:colcon.colcon_core.environment:create_file_with_runtime_dependencies(/root/ros2_bunker_dev/install/custom_bunker_controller/share/colcon-core/packages/custom_bunker_controller)
[0.787s] Level 1:colcon.colcon_core.environment:create_environment_scripts_only(custom_bunker_controller)
[0.788s] Level 1:colcon.colcon_core.environment:checking '/root/ros2_bunker_dev/install/custom_bunker_controller' for CMake module files
[0.799s] Level 1:colcon.colcon_core.environment:checking '/root/ros2_bunker_dev/install/custom_bunker_controller' for CMake config files
[0.803s] Level 1:colcon.colcon_core.shell:create_environment_hook('custom_bunker_controller', 'cmake_prefix_path')
[0.805s] INFO:colcon.colcon_core.shell:Creating environment hook '/root/ros2_bunker_dev/install/custom_bunker_controller/share/custom_bunker_controller/hook/cmake_prefix_path.ps1'
[0.810s] INFO:colcon.colcon_core.shell:Creating environment descriptor '/root/ros2_bunker_dev/install/custom_bunker_controller/share/custom_bunker_controller/hook/cmake_prefix_path.dsv'
[0.814s] INFO:colcon.colcon_core.shell:Creating environment hook '/root/ros2_bunker_dev/install/custom_bunker_controller/share/custom_bunker_controller/hook/cmake_prefix_path.sh'
[0.816s] Level 1:colcon.colcon_core.environment:checking '/root/ros2_bunker_dev/install/custom_bunker_controller/lib'
[0.818s] Level 1:colcon.colcon_core.environment:checking '/root/ros2_bunker_dev/install/custom_bunker_controller/bin'
[0.818s] Level 1:colcon.colcon_core.environment:checking '/root/ros2_bunker_dev/install/custom_bunker_controller/lib/pkgconfig/custom_bunker_controller.pc'
[0.821s] Level 1:colcon.colcon_core.environment:checking '/root/ros2_bunker_dev/install/custom_bunker_controller/lib/python3.8/site-packages'
[0.822s] Level 1:colcon.colcon_core.environment:checking '/root/ros2_bunker_dev/install/custom_bunker_controller/bin'
[0.824s] INFO:colcon.colcon_core.shell:Creating package script '/root/ros2_bunker_dev/install/custom_bunker_controller/share/custom_bunker_controller/package.ps1'
[0.829s] INFO:colcon.colcon_core.shell:Creating package descriptor '/root/ros2_bunker_dev/install/custom_bunker_controller/share/custom_bunker_controller/package.dsv'
[0.832s] INFO:colcon.colcon_core.shell:Creating package script '/root/ros2_bunker_dev/install/custom_bunker_controller/share/custom_bunker_controller/package.sh'
[0.836s] INFO:colcon.colcon_core.shell:Creating package script '/root/ros2_bunker_dev/install/custom_bunker_controller/share/custom_bunker_controller/package.bash'
[0.838s] INFO:colcon.colcon_core.shell:Creating package script '/root/ros2_bunker_dev/install/custom_bunker_controller/share/custom_bunker_controller/package.zsh'
[0.840s] Level 1:colcon.colcon_core.environment:create_file_with_runtime_dependencies(/root/ros2_bunker_dev/install/custom_bunker_controller/share/colcon-core/packages/custom_bunker_controller)
[0.850s] DEBUG:colcon.colcon_core.event_handler.log_command:Invoking command in '/root/ros2_bunker_dev/build/ugv_sdk': /usr/bin/cmake --install /root/ros2_bunker_dev/build/ugv_sdk
[0.885s] DEBUG:colcon.colcon_core.event_handler.log_command:Invoked command in '/root/ros2_bunker_dev/build/bunker_msgs' returned '0': CMAKE_PREFIX_PATH=/opt/ros/foxy /usr/bin/cmake --build /root/ros2_bunker_dev/build/bunker_msgs -- -j8 -l8
[0.898s] DEBUG:colcon.colcon_core.event_handler.log_command:Invoked command in '/root/ros2_bunker_dev/build/ugv_sdk' returned '0': /usr/bin/cmake --install /root/ros2_bunker_dev/build/ugv_sdk
[0.911s] DEBUG:colcon.colcon_core.event_handler.log_command:Invoking command in '/root/ros2_bunker_dev/src/rpa': PYTHONPATH=/root/ros2_bunker_dev/build/rpa/prefix_override:/root/ros2_bunker_dev/install/rpa/lib/python3.8/site-packages:${PYTHONPATH} /usr/bin/python3 setup.py egg_info --egg-base ../../build/rpa build --build-base /root/ros2_bunker_dev/build/rpa/build install --record /root/ros2_bunker_dev/build/rpa/install.log --single-version-externally-managed
[0.927s] Level 1:colcon.colcon_core.shell:create_environment_hook('ugv_sdk', 'ros_package_path')
[0.929s] INFO:colcon.colcon_core.shell:Creating environment hook '/root/ros2_bunker_dev/install/ugv_sdk/share/ugv_sdk/hook/ros_package_path.ps1'
[0.931s] INFO:colcon.colcon_core.shell:Creating environment descriptor '/root/ros2_bunker_dev/install/ugv_sdk/share/ugv_sdk/hook/ros_package_path.dsv'
[0.937s] INFO:colcon.colcon_core.shell:Creating environment hook '/root/ros2_bunker_dev/install/ugv_sdk/share/ugv_sdk/hook/ros_package_path.sh'
[0.938s] Level 1:colcon.colcon_core.shell:create_environment_hook('ugv_sdk', 'pkg_config_path')
[0.939s] INFO:colcon.colcon_core.shell:Creating environment hook '/root/ros2_bunker_dev/install/ugv_sdk/share/ugv_sdk/hook/pkg_config_path.ps1'
[0.939s] INFO:colcon.colcon_core.shell:Creating environment descriptor '/root/ros2_bunker_dev/install/ugv_sdk/share/ugv_sdk/hook/pkg_config_path.dsv'
[0.940s] INFO:colcon.colcon_core.shell:Creating environment hook '/root/ros2_bunker_dev/install/ugv_sdk/share/ugv_sdk/hook/pkg_config_path.sh'
[0.944s] Level 1:colcon.colcon_core.shell:create_environment_hook('ugv_sdk', 'pkg_config_path_multiarch')
[0.945s] INFO:colcon.colcon_core.shell:Creating environment hook '/root/ros2_bunker_dev/install/ugv_sdk/share/ugv_sdk/hook/pkg_config_path_multiarch.ps1'
[0.946s] INFO:colcon.colcon_core.shell:Creating environment descriptor '/root/ros2_bunker_dev/install/ugv_sdk/share/ugv_sdk/hook/pkg_config_path_multiarch.dsv'
[0.946s] INFO:colcon.colcon_core.shell:Creating environment hook '/root/ros2_bunker_dev/install/ugv_sdk/share/ugv_sdk/hook/pkg_config_path_multiarch.sh'
[0.948s] Level 1:colcon.colcon_core.environment:create_environment_scripts_only(ugv_sdk)
[0.949s] Level 1:colcon.colcon_core.environment:checking '/root/ros2_bunker_dev/install/ugv_sdk' for CMake module files
[0.951s] Level 1:colcon.colcon_core.environment:checking '/root/ros2_bunker_dev/install/ugv_sdk' for CMake config files
[0.954s] Level 1:colcon.colcon_core.shell:create_environment_hook('ugv_sdk', 'cmake_prefix_path')
[0.954s] INFO:colcon.colcon_core.shell:Creating environment hook '/root/ros2_bunker_dev/install/ugv_sdk/share/ugv_sdk/hook/cmake_prefix_path.ps1'
[0.955s] INFO:colcon.colcon_core.shell:Creating environment descriptor '/root/ros2_bunker_dev/install/ugv_sdk/share/ugv_sdk/hook/cmake_prefix_path.dsv'
[0.956s] INFO:colcon.colcon_core.shell:Creating environment hook '/root/ros2_bunker_dev/install/ugv_sdk/share/ugv_sdk/hook/cmake_prefix_path.sh'
[0.957s] Level 1:colcon.colcon_core.environment:checking '/root/ros2_bunker_dev/install/ugv_sdk/lib'
[0.957s] Level 1:colcon.colcon_core.environment:checking '/root/ros2_bunker_dev/install/ugv_sdk/bin'
[0.957s] Level 1:colcon.colcon_core.environment:checking '/root/ros2_bunker_dev/install/ugv_sdk/lib/pkgconfig/ugv_sdk.pc'
[0.958s] Level 1:colcon.colcon_core.environment:checking '/root/ros2_bunker_dev/install/ugv_sdk/lib/python3.8/site-packages'
[0.959s] Level 1:colcon.colcon_core.environment:checking '/root/ros2_bunker_dev/install/ugv_sdk/bin'
[0.960s] INFO:colcon.colcon_core.shell:Creating package script '/root/ros2_bunker_dev/install/ugv_sdk/share/ugv_sdk/package.ps1'
[0.961s] INFO:colcon.colcon_core.shell:Creating package descriptor '/root/ros2_bunker_dev/install/ugv_sdk/share/ugv_sdk/package.dsv'
[0.961s] INFO:colcon.colcon_core.shell:Creating package script '/root/ros2_bunker_dev/install/ugv_sdk/share/ugv_sdk/package.sh'
[0.962s] INFO:colcon.colcon_core.shell:Creating package script '/root/ros2_bunker_dev/install/ugv_sdk/share/ugv_sdk/package.bash'
[0.962s] INFO:colcon.colcon_core.shell:Creating package script '/root/ros2_bunker_dev/install/ugv_sdk/share/ugv_sdk/package.zsh'
[0.963s] Level 1:colcon.colcon_core.environment:create_file_with_runtime_dependencies(/root/ros2_bunker_dev/install/ugv_sdk/share/colcon-core/packages/ugv_sdk)
[0.975s] DEBUG:colcon.colcon_core.event_handler.log_command:Invoking command in '/root/ros2_bunker_dev/build/bunker_msgs': CMAKE_PREFIX_PATH=/opt/ros/foxy /usr/bin/cmake --install /root/ros2_bunker_dev/build/bunker_msgs
[1.127s] Level 1:colcon.colcon_core.environment:create_environment_scripts_only(bunker_msgs)
[1.128s] Level 1:colcon.colcon_core.environment:checking '/root/ros2_bunker_dev/install/bunker_msgs' for CMake module files
[1.128s] DEBUG:colcon.colcon_core.event_handler.log_command:Invoked command in '/root/ros2_bunker_dev/build/bunker_msgs' returned '0': CMAKE_PREFIX_PATH=/opt/ros/foxy /usr/bin/cmake --install /root/ros2_bunker_dev/build/bunker_msgs
[1.131s] Level 1:colcon.colcon_core.environment:checking '/root/ros2_bunker_dev/install/bunker_msgs' for CMake config files
[1.141s] Level 1:colcon.colcon_core.shell:create_environment_hook('bunker_msgs', 'cmake_prefix_path')
[1.143s] INFO:colcon.colcon_core.shell:Creating environment hook '/root/ros2_bunker_dev/install/bunker_msgs/share/bunker_msgs/hook/cmake_prefix_path.ps1'
[1.149s] INFO:colcon.colcon_core.shell:Creating environment descriptor '/root/ros2_bunker_dev/install/bunker_msgs/share/bunker_msgs/hook/cmake_prefix_path.dsv'
[1.150s] INFO:colcon.colcon_core.shell:Creating environment hook '/root/ros2_bunker_dev/install/bunker_msgs/share/bunker_msgs/hook/cmake_prefix_path.sh'
[1.150s] Level 1:colcon.colcon_core.environment:checking '/root/ros2_bunker_dev/install/bunker_msgs/lib'
[1.151s] Level 1:colcon.colcon_core.shell:create_environment_hook('bunker_msgs', 'ld_library_path_lib')
[1.151s] INFO:colcon.colcon_core.shell:Creating environment hook '/root/ros2_bunker_dev/install/bunker_msgs/share/bunker_msgs/hook/ld_library_path_lib.ps1'
[1.152s] INFO:colcon.colcon_core.shell:Creating environment descriptor '/root/ros2_bunker_dev/install/bunker_msgs/share/bunker_msgs/hook/ld_library_path_lib.dsv'
[1.152s] INFO:colcon.colcon_core.shell:Creating environment hook '/root/ros2_bunker_dev/install/bunker_msgs/share/bunker_msgs/hook/ld_library_path_lib.sh'
[1.152s] Level 1:colcon.colcon_core.environment:checking '/root/ros2_bunker_dev/install/bunker_msgs/bin'
[1.152s] Level 1:colcon.colcon_core.environment:checking '/root/ros2_bunker_dev/install/bunker_msgs/lib/pkgconfig/bunker_msgs.pc'
[1.153s] Level 1:colcon.colcon_core.environment:checking '/root/ros2_bunker_dev/install/bunker_msgs/lib/python3.8/site-packages'
[1.153s] Level 1:colcon.colcon_core.shell:create_environment_hook('bunker_msgs', 'pythonpath')
[1.153s] INFO:colcon.colcon_core.shell:Creating environment hook '/root/ros2_bunker_dev/install/bunker_msgs/share/bunker_msgs/hook/pythonpath.ps1'
[1.154s] INFO:colcon.colcon_core.shell:Creating environment descriptor '/root/ros2_bunker_dev/install/bunker_msgs/share/bunker_msgs/hook/pythonpath.dsv'
[1.154s] INFO:colcon.colcon_core.shell:Creating environment hook '/root/ros2_bunker_dev/install/bunker_msgs/share/bunker_msgs/hook/pythonpath.sh'
[1.154s] Level 1:colcon.colcon_core.environment:checking '/root/ros2_bunker_dev/install/bunker_msgs/bin'
[1.155s] INFO:colcon.colcon_core.shell:Creating package script '/root/ros2_bunker_dev/install/bunker_msgs/share/bunker_msgs/package.ps1'
[1.155s] INFO:colcon.colcon_core.shell:Creating package descriptor '/root/ros2_bunker_dev/install/bunker_msgs/share/bunker_msgs/package.dsv'
[1.156s] INFO:colcon.colcon_core.shell:Creating package script '/root/ros2_bunker_dev/install/bunker_msgs/share/bunker_msgs/package.sh'
[1.156s] INFO:colcon.colcon_core.shell:Creating package script '/root/ros2_bunker_dev/install/bunker_msgs/share/bunker_msgs/package.bash'
[1.157s] INFO:colcon.colcon_core.shell:Creating package script '/root/ros2_bunker_dev/install/bunker_msgs/share/bunker_msgs/package.zsh'
[1.157s] Level 1:colcon.colcon_core.environment:create_file_with_runtime_dependencies(/root/ros2_bunker_dev/install/bunker_msgs/share/colcon-core/packages/bunker_msgs)
[1.162s] Level 1:colcon.colcon_core.environment:checking '/root/ros2_bunker_dev/install/rpa' for CMake module files
[1.163s] DEBUG:colcon.colcon_core.event_handler.log_command:Invoked command in '/root/ros2_bunker_dev/src/rpa' returned '0': PYTHONPATH=/root/ros2_bunker_dev/build/rpa/prefix_override:/root/ros2_bunker_dev/install/rpa/lib/python3.8/site-packages:${PYTHONPATH} /usr/bin/python3 setup.py egg_info --egg-base ../../build/rpa build --build-base /root/ros2_bunker_dev/build/rpa/build install --record /root/ros2_bunker_dev/build/rpa/install.log --single-version-externally-managed
[1.164s] Level 1:colcon.colcon_core.environment:checking '/root/ros2_bunker_dev/install/rpa' for CMake config files
[1.167s] Level 1:colcon.colcon_core.environment:checking '/root/ros2_bunker_dev/install/rpa/lib'
[1.167s] Level 1:colcon.colcon_core.environment:checking '/root/ros2_bunker_dev/install/rpa/bin'
[1.167s] Level 1:colcon.colcon_core.environment:checking '/root/ros2_bunker_dev/install/rpa/lib/pkgconfig/rpa.pc'
[1.167s] Level 1:colcon.colcon_core.environment:checking '/root/ros2_bunker_dev/install/rpa/lib/python3.8/site-packages'
[1.167s] Level 1:colcon.colcon_core.shell:create_environment_hook('rpa', 'pythonpath')
[1.168s] INFO:colcon.colcon_core.shell:Creating environment hook '/root/ros2_bunker_dev/install/rpa/share/rpa/hook/pythonpath.ps1'
[1.169s] INFO:colcon.colcon_core.shell:Creating environment descriptor '/root/ros2_bunker_dev/install/rpa/share/rpa/hook/pythonpath.dsv'
[1.169s] INFO:colcon.colcon_core.shell:Creating environment hook '/root/ros2_bunker_dev/install/rpa/share/rpa/hook/pythonpath.sh'
[1.170s] Level 1:colcon.colcon_core.environment:checking '/root/ros2_bunker_dev/install/rpa/bin'
[1.170s] Level 1:colcon.colcon_core.environment:create_environment_scripts_only(rpa)
[1.170s] INFO:colcon.colcon_core.shell:Creating package script '/root/ros2_bunker_dev/install/rpa/share/rpa/package.ps1'
[1.171s] INFO:colcon.colcon_core.shell:Creating package descriptor '/root/ros2_bunker_dev/install/rpa/share/rpa/package.dsv'
[1.171s] INFO:colcon.colcon_core.shell:Creating package script '/root/ros2_bunker_dev/install/rpa/share/rpa/package.sh'
[1.172s] INFO:colcon.colcon_core.shell:Creating package script '/root/ros2_bunker_dev/install/rpa/share/rpa/package.bash'
[1.172s] INFO:colcon.colcon_core.shell:Creating package script '/root/ros2_bunker_dev/install/rpa/share/rpa/package.zsh'
[1.172s] Level 1:colcon.colcon_core.environment:create_file_with_runtime_dependencies(/root/ros2_bunker_dev/install/rpa/share/colcon-core/packages/rpa)
[1.199s] Level 1:colcon.colcon_core.environment:create_environment_scripts_only(bunker_msgs)
[1.200s] Level 1:colcon.colcon_core.environment:checking '/root/ros2_bunker_dev/install/bunker_msgs' for CMake module files
[1.203s] Level 1:colcon.colcon_core.environment:checking '/root/ros2_bunker_dev/install/bunker_msgs' for CMake config files
[1.206s] Level 1:colcon.colcon_core.shell:create_environment_hook('bunker_msgs', 'cmake_prefix_path')
[1.207s] INFO:colcon.colcon_core.shell:Creating environment hook '/root/ros2_bunker_dev/install/bunker_msgs/share/bunker_msgs/hook/cmake_prefix_path.ps1'
[1.207s] INFO:colcon.colcon_core.shell:Creating environment descriptor '/root/ros2_bunker_dev/install/bunker_msgs/share/bunker_msgs/hook/cmake_prefix_path.dsv'
[1.208s] INFO:colcon.colcon_core.shell:Creating environment hook '/root/ros2_bunker_dev/install/bunker_msgs/share/bunker_msgs/hook/cmake_prefix_path.sh'
[1.208s] Level 1:colcon.colcon_core.environment:checking '/root/ros2_bunker_dev/install/bunker_msgs/lib'
[1.209s] Level 1:colcon.colcon_core.shell:create_environment_hook('bunker_msgs', 'ld_library_path_lib')
[1.209s] INFO:colcon.colcon_core.shell:Creating environment hook '/root/ros2_bunker_dev/install/bunker_msgs/share/bunker_msgs/hook/ld_library_path_lib.ps1'
[1.210s] INFO:colcon.colcon_core.shell:Creating environment descriptor '/root/ros2_bunker_dev/install/bunker_msgs/share/bunker_msgs/hook/ld_library_path_lib.dsv'
[1.210s] INFO:colcon.colcon_core.shell:Creating environment hook '/root/ros2_bunker_dev/install/bunker_msgs/share/bunker_msgs/hook/ld_library_path_lib.sh'
[1.211s] Level 1:colcon.colcon_core.environment:checking '/root/ros2_bunker_dev/install/bunker_msgs/bin'
[1.211s] Level 1:colcon.colcon_core.environment:checking '/root/ros2_bunker_dev/install/bunker_msgs/lib/pkgconfig/bunker_msgs.pc'
[1.211s] Level 1:colcon.colcon_core.environment:checking '/root/ros2_bunker_dev/install/bunker_msgs/lib/python3.8/site-packages'
[1.211s] Level 1:colcon.colcon_core.shell:create_environment_hook('bunker_msgs', 'pythonpath')
[1.212s] INFO:colcon.colcon_core.shell:Creating environment hook '/root/ros2_bunker_dev/install/bunker_msgs/share/bunker_msgs/hook/pythonpath.ps1'
[1.213s] INFO:colcon.colcon_core.shell:Creating environment descriptor '/root/ros2_bunker_dev/install/bunker_msgs/share/bunker_msgs/hook/pythonpath.dsv'
[1.213s] INFO:colcon.colcon_core.shell:Creating environment hook '/root/ros2_bunker_dev/install/bunker_msgs/share/bunker_msgs/hook/pythonpath.sh'
[1.214s] Level 1:colcon.colcon_core.environment:checking '/root/ros2_bunker_dev/install/bunker_msgs/bin'
[1.214s] INFO:colcon.colcon_core.shell:Creating package script '/root/ros2_bunker_dev/install/bunker_msgs/share/bunker_msgs/package.ps1'
[1.215s] INFO:colcon.colcon_core.shell:Creating package descriptor '/root/ros2_bunker_dev/install/bunker_msgs/share/bunker_msgs/package.dsv'
[1.215s] INFO:colcon.colcon_core.shell:Creating package script '/root/ros2_bunker_dev/install/bunker_msgs/share/bunker_msgs/package.sh'
[1.216s] INFO:colcon.colcon_core.shell:Creating package script '/root/ros2_bunker_dev/install/bunker_msgs/share/bunker_msgs/package.bash'
[1.216s] INFO:colcon.colcon_core.shell:Creating package script '/root/ros2_bunker_dev/install/bunker_msgs/share/bunker_msgs/package.zsh'
[1.216s] Level 1:colcon.colcon_core.environment:create_file_with_runtime_dependencies(/root/ros2_bunker_dev/install/bunker_msgs/share/colcon-core/packages/bunker_msgs)
[1.217s] INFO:colcon.colcon_ros.task.ament_cmake.build:Building ROS package in '/root/ros2_bunker_dev/src/bunker_ros2/bunker_base' with build type 'ament_cmake'
[1.217s] INFO:colcon.colcon_cmake.task.cmake.build:Building CMake package in '/root/ros2_bunker_dev/src/bunker_ros2/bunker_base'
[1.218s] INFO:colcon.colcon_core.shell:Skip shell extension 'powershell' for command environment: Not usable outside of PowerShell
[1.218s] DEBUG:colcon.colcon_core.shell:Skip shell extension 'dsv' for command environment
[1.235s] DEBUG:colcon.colcon_core.event_handler.log_command:Invoking command in '/root/ros2_bunker_dev/build/bunker_base': AMENT_PREFIX_PATH=/root/ros2_bunker_dev/install/bunker_msgs:${AMENT_PREFIX_PATH} CMAKE_PREFIX_PATH=/opt/ros/foxy:/root/ros2_bunker_dev/install/ugv_sdk:/root/ros2_bunker_dev/install/bunker_msgs LD_LIBRARY_PATH=/root/ros2_bunker_dev/install/bunker_msgs/lib:${LD_LIBRARY_PATH} PKG_CONFIG_PATH=/root/ros2_bunker_dev/install/ugv_sdk/lib/aarch64-linux-gnu/pkgconfig:/root/ros2_bunker_dev/install/ugv_sdk/lib/pkgconfig PYTHONPATH=/root/ros2_bunker_dev/install/bunker_msgs/lib/python3.8/site-packages:${PYTHONPATH} ROS_PACKAGE_PATH=/root/ros2_bunker_dev/install/ugv_sdk/share /usr/bin/cmake --build /root/ros2_bunker_dev/build/bunker_base -- -j8 -l8
[3.120s] DEBUG:colcon.colcon_core.event_handler.log_command:Invoked command in '/root/ros2_bunker_dev/build/bunker_base' returned '2': AMENT_PREFIX_PATH=/root/ros2_bunker_dev/install/bunker_msgs:${AMENT_PREFIX_PATH} CMAKE_PREFIX_PATH=/opt/ros/foxy:/root/ros2_bunker_dev/install/ugv_sdk:/root/ros2_bunker_dev/install/bunker_msgs LD_LIBRARY_PATH=/root/ros2_bunker_dev/install/bunker_msgs/lib:${LD_LIBRARY_PATH} PKG_CONFIG_PATH=/root/ros2_bunker_dev/install/ugv_sdk/lib/aarch64-linux-gnu/pkgconfig:/root/ros2_bunker_dev/install/ugv_sdk/lib/pkgconfig PYTHONPATH=/root/ros2_bunker_dev/install/bunker_msgs/lib/python3.8/site-packages:${PYTHONPATH} ROS_PACKAGE_PATH=/root/ros2_bunker_dev/install/ugv_sdk/share /usr/bin/cmake --build /root/ros2_bunker_dev/build/bunker_base -- -j8 -l8
[3.141s] Level 1:colcon.colcon_core.environment:create_environment_scripts_only(bunker_base)
[3.142s] Level 1:colcon.colcon_core.environment:checking '/root/ros2_bunker_dev/install/bunker_base' for CMake module files
[3.144s] Level 1:colcon.colcon_core.environment:checking '/root/ros2_bunker_dev/install/bunker_base' for CMake config files
[3.146s] Level 1:colcon.colcon_core.environment:checking '/root/ros2_bunker_dev/install/bunker_base/bin'
[3.146s] Level 1:colcon.colcon_core.environment:checking '/root/ros2_bunker_dev/install/bunker_base/lib/pkgconfig/bunker_base.pc'
[3.146s] Level 1:colcon.colcon_core.environment:checking '/root/ros2_bunker_dev/install/bunker_base/lib/python3.8/site-packages'
[3.146s] Level 1:colcon.colcon_core.environment:checking '/root/ros2_bunker_dev/install/bunker_base/bin'
[3.147s] INFO:colcon.colcon_core.shell:Creating package script '/root/ros2_bunker_dev/install/bunker_base/share/bunker_base/package.ps1'
[3.148s] INFO:colcon.colcon_core.shell:Creating package descriptor '/root/ros2_bunker_dev/install/bunker_base/share/bunker_base/package.dsv'
[3.149s] INFO:colcon.colcon_core.shell:Creating package script '/root/ros2_bunker_dev/install/bunker_base/share/bunker_base/package.sh'
[3.149s] INFO:colcon.colcon_core.shell:Creating package script '/root/ros2_bunker_dev/install/bunker_base/share/bunker_base/package.bash'
[3.149s] INFO:colcon.colcon_core.shell:Creating package script '/root/ros2_bunker_dev/install/bunker_base/share/bunker_base/package.zsh'
[3.150s] Level 1:colcon.colcon_core.environment:create_file_with_runtime_dependencies(/root/ros2_bunker_dev/install/bunker_base/share/colcon-core/packages/bunker_base)
[3.162s] DEBUG:colcon.colcon_parallel_executor.executor.parallel:closing loop
[3.163s] DEBUG:colcon.colcon_parallel_executor.executor.parallel:loop closed
[3.163s] DEBUG:colcon.colcon_parallel_executor.executor.parallel:run_until_complete finished with '2'
[3.164s] DEBUG:colcon.colcon_core.event_reactor:joining thread
[3.172s] INFO:colcon.colcon_core.plugin_system:Skipping extension 'colcon_notification.desktop_notification.notify_send': Could not find 'notify-send'
[3.172s] INFO:colcon.colcon_core.plugin_system:Skipping extension 'colcon_notification.desktop_notification.terminal_notifier': Not used on non-Darwin systems
[3.172s] INFO:colcon.colcon_core.plugin_system:Skipping extension 'colcon_notification.desktop_notification.win32': Not used on non-Windows systems
[3.172s] INFO:colcon.colcon_notification.desktop_notification:Sending desktop notification using 'notify2'
[3.173s] DEBUG:colcon.colcon_notification.desktop_notification.notify2:Failed to initialize notify2: org.freedesktop.DBus.Error.Spawn.ExecFailed: /usr/bin/dbus-launch terminated abnormally without any error message
[3.174s] DEBUG:colcon.colcon_core.event_reactor:joined thread
[3.175s] INFO:colcon.colcon_core.shell:Creating prefix script '/root/ros2_bunker_dev/install/local_setup.ps1'
[3.176s] INFO:colcon.colcon_core.shell:Creating prefix util module '/root/ros2_bunker_dev/install/_local_setup_util_ps1.py'
[3.178s] INFO:colcon.colcon_core.shell:Creating prefix chain script '/root/ros2_bunker_dev/install/setup.ps1'
[3.179s] INFO:colcon.colcon_core.shell:Creating prefix script '/root/ros2_bunker_dev/install/local_setup.sh'
[3.180s] INFO:colcon.colcon_core.shell:Creating prefix util module '/root/ros2_bunker_dev/install/_local_setup_util_sh.py'
[3.180s] INFO:colcon.colcon_core.shell:Creating prefix chain script '/root/ros2_bunker_dev/install/setup.sh'
[3.181s] INFO:colcon.colcon_core.shell:Creating prefix script '/root/ros2_bunker_dev/install/local_setup.bash'
[3.181s] INFO:colcon.colcon_core.shell:Creating prefix chain script '/root/ros2_bunker_dev/install/setup.bash'
[3.182s] INFO:colcon.colcon_core.shell:Creating prefix script '/root/ros2_bunker_dev/install/local_setup.zsh'
[3.183s] INFO:colcon.colcon_core.shell:Creating prefix chain script '/root/ros2_bunker_dev/install/setup.zsh'
