Performing C SOURCE FILE Test CMAKE_HAVE_LIBC_PTHREAD failed with the following output:
Change Dir: /root/ros2_bunker_dev/build/bunker_base/CMakeFiles/CMakeTmp

Run Build Command(s):/usr/bin/make cmTC_6f348/fast && make: Warning: File 'Makefile' has modification time 0.0079 s in the future
/usr/bin/make -f CMakeFiles/cmTC_6f348.dir/build.make CMakeFiles/cmTC_6f348.dir/build
make[1]: Entering directory '/root/ros2_bunker_dev/build/bunker_base/CMakeFiles/CMakeTmp'
make[1]: Warning: File 'CMakeFiles/cmTC_6f348.dir/flags.make' has modification time 0.0062 s in the future
Building C object CMakeFiles/cmTC_6f348.dir/src.c.o
/usr/bin/cc   -DCMAKE_HAVE_LIBC_PTHREAD   -o CMakeFiles/cmTC_6f348.dir/src.c.o   -c /root/ros2_bunker_dev/build/bunker_base/CMakeFiles/CMakeTmp/src.c
Linking C executable cmTC_6f348
/usr/bin/cmake -E cmake_link_script CMakeFiles/cmTC_6f348.dir/link.txt --verbose=1
/usr/bin/cc  -DCMAKE_HAVE_LIBC_PTHREAD    CMakeFiles/cmTC_6f348.dir/src.c.o  -o cmTC_6f348 
/usr/bin/ld: CMakeFiles/cmTC_6f348.dir/src.c.o: in function `main':
src.c:(.text+0x48): undefined reference to `pthread_create'
/usr/bin/ld: src.c:(.text+0x50): undefined reference to `pthread_detach'
/usr/bin/ld: src.c:(.text+0x5c): undefined reference to `pthread_join'
collect2: error: ld returned 1 exit status
make[1]: *** [CMakeFiles/cmTC_6f348.dir/build.make:87: cmTC_6f348] Error 1
make[1]: Leaving directory '/root/ros2_bunker_dev/build/bunker_base/CMakeFiles/CMakeTmp'
make: *** [Makefile:121: cmTC_6f348/fast] Error 2


Source file was:
#include <pthread.h>

void* test_func(void* data)
{
  return data;
}

int main(void)
{
  pthread_t thread;
  pthread_create(&thread, NULL, test_func, NULL);
  pthread_detach(thread);
  pthread_join(thread, NULL);
  pthread_atfork(NULL, NULL, NULL);
  pthread_exit(NULL);

  return 0;
}

Determining if the function pthread_create exists in the pthreads failed with the following output:
Change Dir: /root/ros2_bunker_dev/build/bunker_base/CMakeFiles/CMakeTmp

Run Build Command(s):/usr/bin/make cmTC_15b4e/fast && make: Warning: File 'Makefile' has modification time 0.0077 s in the future
/usr/bin/make -f CMakeFiles/cmTC_15b4e.dir/build.make CMakeFiles/cmTC_15b4e.dir/build
make[1]: Entering directory '/root/ros2_bunker_dev/build/bunker_base/CMakeFiles/CMakeTmp'
make[1]: Warning: File 'CMakeFiles/cmTC_15b4e.dir/flags.make' has modification time 0.0057 s in the future
Building C object CMakeFiles/cmTC_15b4e.dir/CheckFunctionExists.c.o
/usr/bin/cc   -DCHECK_FUNCTION_EXISTS=pthread_create   -o CMakeFiles/cmTC_15b4e.dir/CheckFunctionExists.c.o   -c /usr/share/cmake-3.16/Modules/CheckFunctionExists.c
Linking C executable cmTC_15b4e
/usr/bin/cmake -E cmake_link_script CMakeFiles/cmTC_15b4e.dir/link.txt --verbose=1
/usr/bin/cc  -DCHECK_FUNCTION_EXISTS=pthread_create    CMakeFiles/cmTC_15b4e.dir/CheckFunctionExists.c.o  -o cmTC_15b4e  -lpthreads 
/usr/bin/ld: cannot find -lpthreads
collect2: error: ld returned 1 exit status
make[1]: *** [CMakeFiles/cmTC_15b4e.dir/build.make:87: cmTC_15b4e] Error 1
make[1]: Leaving directory '/root/ros2_bunker_dev/build/bunker_base/CMakeFiles/CMakeTmp'
make: *** [Makefile:121: cmTC_15b4e/fast] Error 2



