[0.265s] DEBUG:colcon:Command line arguments: ['/usr/bin/colcon', 'build']
[0.266s] DEBUG:colcon:Parsed command line arguments: Namespace(ament_cmake_args=None, base_paths=['.'], build_base='build', catkin_cmake_args=None, catkin_skip_building_tests=False, cmake_args=None, cmake_clean_cache=False, cmake_clean_first=False, cmake_force_configure=False, cmake_target=None, cmake_target_skip_unavailable=False, continue_on_error=False, event_handlers=None, executor='parallel', ignore_user_meta=False, install_base='install', log_base=None, log_level=None, main=<bound method BuildVerb.main of <colcon_core.verb.build.BuildVerb object at 0xffff9ec6ab80>>, merge_install=False, metas=['./colcon.meta'], mixin=None, mixin_files=None, mixin_verb=('build',), packages_above=None, packages_above_and_dependencies=None, packages_above_depth=None, packages_end=None, packages_ignore=None, packages_ignore_regex=None, packages_select=None, packages_select_build_failed=False, packages_select_by_dep=None, packages_select_regex=None, packages_select_test_failures=False, packages_skip=None, packages_skip_build_finished=False, packages_skip_by_dep=None, packages_skip_regex=None, packages_skip_test_passed=False, packages_skip_up_to=None, packages_start=None, packages_up_to=None, packages_up_to_regex=None, parallel_workers=8, paths=None, symlink_install=False, test_result_base=None, verb_extension=<colcon_core.verb.build.BuildVerb object at 0xffff9ec6ab80>, verb_name='build', verb_parser=<colcon_mixin.mixin.mixin_argument.MixinArgumentDecorator object at 0xffff9ec74190>)
[0.287s] Level 1:colcon.colcon_core.package_discovery:discover_packages(colcon_meta) check parameters
[0.287s] INFO:colcon.colcon_metadata.package_discovery.colcon_meta:Using configuration from '/root/.colcon/metadata/default/Gazebo.meta'
[0.288s] INFO:colcon.colcon_metadata.package_discovery.colcon_meta:Using configuration from '/root/.colcon/metadata/default/fastrtps.meta'
[0.288s] Level 1:colcon.colcon_core.package_discovery:discover_packages(recursive) check parameters
[0.288s] Level 1:colcon.colcon_core.package_discovery:discover_packages(ignore) check parameters
[0.288s] Level 1:colcon.colcon_core.package_discovery:discover_packages(path) check parameters
[0.290s] Level 1:colcon.colcon_core.package_discovery:discover_packages(colcon_meta) discover
[0.291s] Level 1:colcon.colcon_core.package_discovery:discover_packages(recursive) discover
[0.291s] INFO:colcon.colcon_core.package_discovery:Crawling recursively for packages in '/root/ros2_bunker_dev'
[0.291s] Level 1:colcon.colcon_core.package_identification:_identify(.) by extensions ['ignore', 'ignore_ament_install']
[0.291s] Level 1:colcon.colcon_core.package_identification:_identify(.) by extension 'ignore'
[0.291s] Level 1:colcon.colcon_core.package_identification:_identify(.) by extension 'ignore_ament_install'
[0.291s] Level 1:colcon.colcon_core.package_identification:_identify(.) by extensions ['colcon_pkg']
[0.291s] Level 1:colcon.colcon_core.package_identification:_identify(.) by extension 'colcon_pkg'
[0.291s] Level 1:colcon.colcon_core.package_identification:_identify(.) by extensions ['colcon_meta']
[0.292s] Level 1:colcon.colcon_core.package_identification:_identify(.) by extension 'colcon_meta'
[0.292s] Level 1:colcon.colcon_core.package_identification:_identify(.) by extensions ['ros']
[0.292s] Level 1:colcon.colcon_core.package_identification:_identify(.) by extension 'ros'
[0.300s] Level 1:colcon.colcon_core.package_identification:_identify(.) by extensions ['cmake', 'python']
[0.300s] Level 1:colcon.colcon_core.package_identification:_identify(.) by extension 'cmake'
[0.300s] Level 1:colcon.colcon_core.package_identification:_identify(.) by extension 'python'
[0.300s] Level 1:colcon.colcon_core.package_identification:_identify(.) by extensions ['python_setup_py']
[0.300s] Level 1:colcon.colcon_core.package_identification:_identify(.) by extension 'python_setup_py'
[0.301s] Level 1:colcon.colcon_core.package_identification:_identify(build) by extensions ['ignore', 'ignore_ament_install']
[0.301s] Level 1:colcon.colcon_core.package_identification:_identify(build) by extension 'ignore'
[0.301s] Level 1:colcon.colcon_core.package_identification:_identify(build) ignored
[0.301s] Level 1:colcon.colcon_core.package_identification:_identify(install) by extensions ['ignore', 'ignore_ament_install']
[0.301s] Level 1:colcon.colcon_core.package_identification:_identify(install) by extension 'ignore'
[0.301s] Level 1:colcon.colcon_core.package_identification:_identify(install) ignored
[0.302s] Level 1:colcon.colcon_core.package_identification:_identify(log) by extensions ['ignore', 'ignore_ament_install']
[0.302s] Level 1:colcon.colcon_core.package_identification:_identify(log) by extension 'ignore'
[0.302s] Level 1:colcon.colcon_core.package_identification:_identify(log) ignored
[0.302s] Level 1:colcon.colcon_core.package_identification:_identify(src) by extensions ['ignore', 'ignore_ament_install']
[0.302s] Level 1:colcon.colcon_core.package_identification:_identify(src) by extension 'ignore'
[0.302s] Level 1:colcon.colcon_core.package_identification:_identify(src) by extension 'ignore_ament_install'
[0.302s] Level 1:colcon.colcon_core.package_identification:_identify(src) by extensions ['colcon_pkg']
[0.302s] Level 1:colcon.colcon_core.package_identification:_identify(src) by extension 'colcon_pkg'
[0.302s] Level 1:colcon.colcon_core.package_identification:_identify(src) by extensions ['colcon_meta']
[0.302s] Level 1:colcon.colcon_core.package_identification:_identify(src) by extension 'colcon_meta'
[0.302s] Level 1:colcon.colcon_core.package_identification:_identify(src) by extensions ['ros']
[0.303s] Level 1:colcon.colcon_core.package_identification:_identify(src) by extension 'ros'
[0.303s] Level 1:colcon.colcon_core.package_identification:_identify(src) by extensions ['cmake', 'python']
[0.303s] Level 1:colcon.colcon_core.package_identification:_identify(src) by extension 'cmake'
[0.303s] Level 1:colcon.colcon_core.package_identification:_identify(src) by extension 'python'
[0.303s] Level 1:colcon.colcon_core.package_identification:_identify(src) by extensions ['python_setup_py']
[0.303s] Level 1:colcon.colcon_core.package_identification:_identify(src) by extension 'python_setup_py'
[0.303s] Level 1:colcon.colcon_core.package_identification:_identify(src/bunker_ros2) by extensions ['ignore', 'ignore_ament_install']
[0.304s] Level 1:colcon.colcon_core.package_identification:_identify(src/bunker_ros2) by extension 'ignore'
[0.304s] Level 1:colcon.colcon_core.package_identification:_identify(src/bunker_ros2) by extension 'ignore_ament_install'
[0.304s] Level 1:colcon.colcon_core.package_identification:_identify(src/bunker_ros2) by extensions ['colcon_pkg']
[0.304s] Level 1:colcon.colcon_core.package_identification:_identify(src/bunker_ros2) by extension 'colcon_pkg'
[0.304s] Level 1:colcon.colcon_core.package_identification:_identify(src/bunker_ros2) by extensions ['colcon_meta']
[0.304s] Level 1:colcon.colcon_core.package_identification:_identify(src/bunker_ros2) by extension 'colcon_meta'
[0.304s] Level 1:colcon.colcon_core.package_identification:_identify(src/bunker_ros2) by extensions ['ros']
[0.304s] Level 1:colcon.colcon_core.package_identification:_identify(src/bunker_ros2) by extension 'ros'
[0.304s] Level 1:colcon.colcon_core.package_identification:_identify(src/bunker_ros2) by extensions ['cmake', 'python']
[0.304s] Level 1:colcon.colcon_core.package_identification:_identify(src/bunker_ros2) by extension 'cmake'
[0.304s] Level 1:colcon.colcon_core.package_identification:_identify(src/bunker_ros2) by extension 'python'
[0.305s] Level 1:colcon.colcon_core.package_identification:_identify(src/bunker_ros2) by extensions ['python_setup_py']
[0.305s] Level 1:colcon.colcon_core.package_identification:_identify(src/bunker_ros2) by extension 'python_setup_py'
[0.305s] Level 1:colcon.colcon_core.package_identification:_identify(src/bunker_ros2/bunker_base) by extensions ['ignore', 'ignore_ament_install']
[0.305s] Level 1:colcon.colcon_core.package_identification:_identify(src/bunker_ros2/bunker_base) by extension 'ignore'
[0.305s] Level 1:colcon.colcon_core.package_identification:_identify(src/bunker_ros2/bunker_base) by extension 'ignore_ament_install'
[0.305s] Level 1:colcon.colcon_core.package_identification:_identify(src/bunker_ros2/bunker_base) by extensions ['colcon_pkg']
[0.305s] Level 1:colcon.colcon_core.package_identification:_identify(src/bunker_ros2/bunker_base) by extension 'colcon_pkg'
[0.305s] Level 1:colcon.colcon_core.package_identification:_identify(src/bunker_ros2/bunker_base) by extensions ['colcon_meta']
[0.306s] Level 1:colcon.colcon_core.package_identification:_identify(src/bunker_ros2/bunker_base) by extension 'colcon_meta'
[0.306s] Level 1:colcon.colcon_core.package_identification:_identify(src/bunker_ros2/bunker_base) by extensions ['ros']
[0.306s] Level 1:colcon.colcon_core.package_identification:_identify(src/bunker_ros2/bunker_base) by extension 'ros'
[0.313s] DEBUG:colcon.colcon_core.package_identification:Package 'src/bunker_ros2/bunker_base' with type 'ros.ament_cmake' and name 'bunker_base'
[0.313s] Level 1:colcon.colcon_core.package_identification:_identify(src/bunker_ros2/bunker_msgs) by extensions ['ignore', 'ignore_ament_install']
[0.313s] Level 1:colcon.colcon_core.package_identification:_identify(src/bunker_ros2/bunker_msgs) by extension 'ignore'
[0.313s] Level 1:colcon.colcon_core.package_identification:_identify(src/bunker_ros2/bunker_msgs) by extension 'ignore_ament_install'
[0.314s] Level 1:colcon.colcon_core.package_identification:_identify(src/bunker_ros2/bunker_msgs) by extensions ['colcon_pkg']
[0.314s] Level 1:colcon.colcon_core.package_identification:_identify(src/bunker_ros2/bunker_msgs) by extension 'colcon_pkg'
[0.314s] Level 1:colcon.colcon_core.package_identification:_identify(src/bunker_ros2/bunker_msgs) by extensions ['colcon_meta']
[0.314s] Level 1:colcon.colcon_core.package_identification:_identify(src/bunker_ros2/bunker_msgs) by extension 'colcon_meta'
[0.314s] Level 1:colcon.colcon_core.package_identification:_identify(src/bunker_ros2/bunker_msgs) by extensions ['ros']
[0.314s] Level 1:colcon.colcon_core.package_identification:_identify(src/bunker_ros2/bunker_msgs) by extension 'ros'
[0.315s] DEBUG:colcon.colcon_core.package_identification:Package 'src/bunker_ros2/bunker_msgs' with type 'ros.ament_cmake' and name 'bunker_msgs'
[0.315s] Level 1:colcon.colcon_core.package_identification:_identify(src/custom_bunker_controller) by extensions ['ignore', 'ignore_ament_install']
[0.315s] Level 1:colcon.colcon_core.package_identification:_identify(src/custom_bunker_controller) by extension 'ignore'
[0.315s] Level 1:colcon.colcon_core.package_identification:_identify(src/custom_bunker_controller) by extension 'ignore_ament_install'
[0.315s] Level 1:colcon.colcon_core.package_identification:_identify(src/custom_bunker_controller) by extensions ['colcon_pkg']
[0.315s] Level 1:colcon.colcon_core.package_identification:_identify(src/custom_bunker_controller) by extension 'colcon_pkg'
[0.315s] Level 1:colcon.colcon_core.package_identification:_identify(src/custom_bunker_controller) by extensions ['colcon_meta']
[0.316s] Level 1:colcon.colcon_core.package_identification:_identify(src/custom_bunker_controller) by extension 'colcon_meta'
[0.316s] Level 1:colcon.colcon_core.package_identification:_identify(src/custom_bunker_controller) by extensions ['ros']
[0.316s] Level 1:colcon.colcon_core.package_identification:_identify(src/custom_bunker_controller) by extension 'ros'
[0.316s] DEBUG:colcon.colcon_core.package_identification:Package 'src/custom_bunker_controller' with type 'ros.ament_cmake' and name 'custom_bunker_controller'
[0.317s] Level 1:colcon.colcon_core.package_identification:_identify(src/rpa) by extensions ['ignore', 'ignore_ament_install']
[0.317s] Level 1:colcon.colcon_core.package_identification:_identify(src/rpa) by extension 'ignore'
[0.317s] Level 1:colcon.colcon_core.package_identification:_identify(src/rpa) by extension 'ignore_ament_install'
[0.317s] Level 1:colcon.colcon_core.package_identification:_identify(src/rpa) by extensions ['colcon_pkg']
[0.317s] Level 1:colcon.colcon_core.package_identification:_identify(src/rpa) by extension 'colcon_pkg'
[0.318s] Level 1:colcon.colcon_core.package_identification:_identify(src/rpa) by extensions ['colcon_meta']
[0.318s] Level 1:colcon.colcon_core.package_identification:_identify(src/rpa) by extension 'colcon_meta'
[0.318s] Level 1:colcon.colcon_core.package_identification:_identify(src/rpa) by extensions ['ros']
[0.318s] Level 1:colcon.colcon_core.package_identification:_identify(src/rpa) by extension 'ros'
[0.319s] DEBUG:colcon.colcon_core.package_identification:Package 'src/rpa' with type 'ros.ament_python' and name 'rpa'
[0.319s] Level 1:colcon.colcon_core.package_identification:_identify(src/ugv_sdk) by extensions ['ignore', 'ignore_ament_install']
[0.319s] Level 1:colcon.colcon_core.package_identification:_identify(src/ugv_sdk) by extension 'ignore'
[0.319s] Level 1:colcon.colcon_core.package_identification:_identify(src/ugv_sdk) by extension 'ignore_ament_install'
[0.319s] Level 1:colcon.colcon_core.package_identification:_identify(src/ugv_sdk) by extensions ['colcon_pkg']
[0.320s] Level 1:colcon.colcon_core.package_identification:_identify(src/ugv_sdk) by extension 'colcon_pkg'
[0.320s] Level 1:colcon.colcon_core.package_identification:_identify(src/ugv_sdk) by extensions ['colcon_meta']
[0.320s] Level 1:colcon.colcon_core.package_identification:_identify(src/ugv_sdk) by extension 'colcon_meta'
[0.320s] Level 1:colcon.colcon_core.package_identification:_identify(src/ugv_sdk) by extensions ['ros']
[0.320s] Level 1:colcon.colcon_core.package_identification:_identify(src/ugv_sdk) by extension 'ros'
[0.320s] DEBUG:colcon.colcon_core.package_identification:Package 'src/ugv_sdk' with type 'ros.catkin' and name 'ugv_sdk'
[0.320s] Level 1:colcon.colcon_core.package_discovery:discover_packages(recursive) using defaults
[0.320s] Level 1:colcon.colcon_core.package_discovery:discover_packages(ignore) discover
[0.320s] Level 1:colcon.colcon_core.package_discovery:discover_packages(ignore) using defaults
[0.320s] Level 1:colcon.colcon_core.package_discovery:discover_packages(path) discover
[0.320s] Level 1:colcon.colcon_core.package_discovery:discover_packages(path) using defaults
[0.332s] Level 5:colcon.colcon_core.verb:set package 'bunker_msgs' build argument 'cmake_args' from command line to 'None'
[0.332s] Level 5:colcon.colcon_core.verb:set package 'bunker_msgs' build argument 'cmake_target' from command line to 'None'
[0.332s] Level 5:colcon.colcon_core.verb:set package 'bunker_msgs' build argument 'cmake_target_skip_unavailable' from command line to 'False'
[0.332s] Level 5:colcon.colcon_core.verb:set package 'bunker_msgs' build argument 'cmake_clean_cache' from command line to 'False'
[0.332s] Level 5:colcon.colcon_core.verb:set package 'bunker_msgs' build argument 'cmake_clean_first' from command line to 'False'
[0.332s] Level 5:colcon.colcon_core.verb:set package 'bunker_msgs' build argument 'cmake_force_configure' from command line to 'False'
[0.332s] Level 5:colcon.colcon_core.verb:set package 'bunker_msgs' build argument 'ament_cmake_args' from command line to 'None'
[0.332s] Level 5:colcon.colcon_core.verb:set package 'bunker_msgs' build argument 'catkin_cmake_args' from command line to 'None'
[0.332s] Level 5:colcon.colcon_core.verb:set package 'bunker_msgs' build argument 'catkin_skip_building_tests' from command line to 'False'
[0.333s] DEBUG:colcon.colcon_core.verb:Building package 'bunker_msgs' with the following arguments: {'ament_cmake_args': None, 'build_base': '/root/ros2_bunker_dev/build/bunker_msgs', 'catkin_cmake_args': None, 'catkin_skip_building_tests': False, 'cmake_args': None, 'cmake_clean_cache': False, 'cmake_clean_first': False, 'cmake_force_configure': False, 'cmake_target': None, 'cmake_target_skip_unavailable': False, 'install_base': '/root/ros2_bunker_dev/install/bunker_msgs', 'merge_install': False, 'path': '/root/ros2_bunker_dev/src/bunker_ros2/bunker_msgs', 'symlink_install': False, 'test_result_base': None}
[0.333s] Level 5:colcon.colcon_core.verb:set package 'custom_bunker_controller' build argument 'cmake_args' from command line to 'None'
[0.333s] Level 5:colcon.colcon_core.verb:set package 'custom_bunker_controller' build argument 'cmake_target' from command line to 'None'
[0.333s] Level 5:colcon.colcon_core.verb:set package 'custom_bunker_controller' build argument 'cmake_target_skip_unavailable' from command line to 'False'
[0.333s] Level 5:colcon.colcon_core.verb:set package 'custom_bunker_controller' build argument 'cmake_clean_cache' from command line to 'False'
[0.333s] Level 5:colcon.colcon_core.verb:set package 'custom_bunker_controller' build argument 'cmake_clean_first' from command line to 'False'
[0.333s] Level 5:colcon.colcon_core.verb:set package 'custom_bunker_controller' build argument 'cmake_force_configure' from command line to 'False'
[0.333s] Level 5:colcon.colcon_core.verb:set package 'custom_bunker_controller' build argument 'ament_cmake_args' from command line to 'None'
[0.333s] Level 5:colcon.colcon_core.verb:set package 'custom_bunker_controller' build argument 'catkin_cmake_args' from command line to 'None'
[0.333s] Level 5:colcon.colcon_core.verb:set package 'custom_bunker_controller' build argument 'catkin_skip_building_tests' from command line to 'False'
[0.333s] DEBUG:colcon.colcon_core.verb:Building package 'custom_bunker_controller' with the following arguments: {'ament_cmake_args': None, 'build_base': '/root/ros2_bunker_dev/build/custom_bunker_controller', 'catkin_cmake_args': None, 'catkin_skip_building_tests': False, 'cmake_args': None, 'cmake_clean_cache': False, 'cmake_clean_first': False, 'cmake_force_configure': False, 'cmake_target': None, 'cmake_target_skip_unavailable': False, 'install_base': '/root/ros2_bunker_dev/install/custom_bunker_controller', 'merge_install': False, 'path': '/root/ros2_bunker_dev/src/custom_bunker_controller', 'symlink_install': False, 'test_result_base': None}
[0.333s] Level 5:colcon.colcon_core.verb:set package 'rpa' build argument 'cmake_args' from command line to 'None'
[0.334s] Level 5:colcon.colcon_core.verb:set package 'rpa' build argument 'cmake_target' from command line to 'None'
[0.334s] Level 5:colcon.colcon_core.verb:set package 'rpa' build argument 'cmake_target_skip_unavailable' from command line to 'False'
[0.334s] Level 5:colcon.colcon_core.verb:set package 'rpa' build argument 'cmake_clean_cache' from command line to 'False'
[0.334s] Level 5:colcon.colcon_core.verb:set package 'rpa' build argument 'cmake_clean_first' from command line to 'False'
[0.334s] Level 5:colcon.colcon_core.verb:set package 'rpa' build argument 'cmake_force_configure' from command line to 'False'
[0.334s] Level 5:colcon.colcon_core.verb:set package 'rpa' build argument 'ament_cmake_args' from command line to 'None'
[0.334s] Level 5:colcon.colcon_core.verb:set package 'rpa' build argument 'catkin_cmake_args' from command line to 'None'
[0.334s] Level 5:colcon.colcon_core.verb:set package 'rpa' build argument 'catkin_skip_building_tests' from command line to 'False'
[0.334s] DEBUG:colcon.colcon_core.verb:Building package 'rpa' with the following arguments: {'ament_cmake_args': None, 'build_base': '/root/ros2_bunker_dev/build/rpa', 'catkin_cmake_args': None, 'catkin_skip_building_tests': False, 'cmake_args': None, 'cmake_clean_cache': False, 'cmake_clean_first': False, 'cmake_force_configure': False, 'cmake_target': None, 'cmake_target_skip_unavailable': False, 'install_base': '/root/ros2_bunker_dev/install/rpa', 'merge_install': False, 'path': '/root/ros2_bunker_dev/src/rpa', 'symlink_install': False, 'test_result_base': None}
[0.334s] Level 5:colcon.colcon_core.verb:set package 'ugv_sdk' build argument 'cmake_args' from command line to 'None'
[0.334s] Level 5:colcon.colcon_core.verb:set package 'ugv_sdk' build argument 'cmake_target' from command line to 'None'
[0.334s] Level 5:colcon.colcon_core.verb:set package 'ugv_sdk' build argument 'cmake_target_skip_unavailable' from command line to 'False'
[0.334s] Level 5:colcon.colcon_core.verb:set package 'ugv_sdk' build argument 'cmake_clean_cache' from command line to 'False'
[0.334s] Level 5:colcon.colcon_core.verb:set package 'ugv_sdk' build argument 'cmake_clean_first' from command line to 'False'
[0.334s] Level 5:colcon.colcon_core.verb:set package 'ugv_sdk' build argument 'cmake_force_configure' from command line to 'False'
[0.334s] Level 5:colcon.colcon_core.verb:set package 'ugv_sdk' build argument 'ament_cmake_args' from command line to 'None'
[0.334s] Level 5:colcon.colcon_core.verb:set package 'ugv_sdk' build argument 'catkin_cmake_args' from command line to 'None'
[0.334s] Level 5:colcon.colcon_core.verb:set package 'ugv_sdk' build argument 'catkin_skip_building_tests' from command line to 'False'
[0.334s] DEBUG:colcon.colcon_core.verb:Building package 'ugv_sdk' with the following arguments: {'ament_cmake_args': None, 'build_base': '/root/ros2_bunker_dev/build/ugv_sdk', 'catkin_cmake_args': None, 'catkin_skip_building_tests': False, 'cmake_args': None, 'cmake_clean_cache': False, 'cmake_clean_first': False, 'cmake_force_configure': False, 'cmake_target': None, 'cmake_target_skip_unavailable': False, 'install_base': '/root/ros2_bunker_dev/install/ugv_sdk', 'merge_install': False, 'path': '/root/ros2_bunker_dev/src/ugv_sdk', 'symlink_install': False, 'test_result_base': None}
[0.335s] Level 5:colcon.colcon_core.verb:set package 'bunker_base' build argument 'cmake_args' from command line to 'None'
[0.335s] Level 5:colcon.colcon_core.verb:set package 'bunker_base' build argument 'cmake_target' from command line to 'None'
[0.335s] Level 5:colcon.colcon_core.verb:set package 'bunker_base' build argument 'cmake_target_skip_unavailable' from command line to 'False'
[0.335s] Level 5:colcon.colcon_core.verb:set package 'bunker_base' build argument 'cmake_clean_cache' from command line to 'False'
[0.335s] Level 5:colcon.colcon_core.verb:set package 'bunker_base' build argument 'cmake_clean_first' from command line to 'False'
[0.335s] Level 5:colcon.colcon_core.verb:set package 'bunker_base' build argument 'cmake_force_configure' from command line to 'False'
[0.335s] Level 5:colcon.colcon_core.verb:set package 'bunker_base' build argument 'ament_cmake_args' from command line to 'None'
[0.335s] Level 5:colcon.colcon_core.verb:set package 'bunker_base' build argument 'catkin_cmake_args' from command line to 'None'
[0.335s] Level 5:colcon.colcon_core.verb:set package 'bunker_base' build argument 'catkin_skip_building_tests' from command line to 'False'
[0.335s] DEBUG:colcon.colcon_core.verb:Building package 'bunker_base' with the following arguments: {'ament_cmake_args': None, 'build_base': '/root/ros2_bunker_dev/build/bunker_base', 'catkin_cmake_args': None, 'catkin_skip_building_tests': False, 'cmake_args': None, 'cmake_clean_cache': False, 'cmake_clean_first': False, 'cmake_force_configure': False, 'cmake_target': None, 'cmake_target_skip_unavailable': False, 'install_base': '/root/ros2_bunker_dev/install/bunker_base', 'merge_install': False, 'path': '/root/ros2_bunker_dev/src/bunker_ros2/bunker_base', 'symlink_install': False, 'test_result_base': None}
[0.335s] INFO:colcon.colcon_core.executor:Executing jobs using 'parallel' executor
[0.337s] DEBUG:colcon.colcon_parallel_executor.executor.parallel:run_until_complete
[0.337s] INFO:colcon.colcon_ros.task.ament_cmake.build:Building ROS package in '/root/ros2_bunker_dev/src/bunker_ros2/bunker_msgs' with build type 'ament_cmake'
[0.337s] INFO:colcon.colcon_cmake.task.cmake.build:Building CMake package in '/root/ros2_bunker_dev/src/bunker_ros2/bunker_msgs'
[0.339s] INFO:colcon.colcon_core.plugin_system:Skipping extension 'colcon_core.shell.bat': Not used on non-Windows systems
[0.339s] INFO:colcon.colcon_core.shell:Skip shell extension 'powershell' for command environment: Not usable outside of PowerShell
[0.339s] DEBUG:colcon.colcon_core.shell:Skip shell extension 'dsv' for command environment
[0.346s] INFO:colcon.colcon_ros.task.catkin.build:Building ROS package in '/root/ros2_bunker_dev/src/ugv_sdk' with build type 'catkin'
[0.346s] INFO:colcon.colcon_cmake.task.cmake.build:Building CMake package in '/root/ros2_bunker_dev/src/ugv_sdk'
[0.347s] INFO:colcon.colcon_core.shell:Skip shell extension 'powershell' for command environment: Not usable outside of PowerShell
[0.347s] DEBUG:colcon.colcon_core.shell:Skip shell extension 'dsv' for command environment
[0.351s] INFO:colcon.colcon_ros.task.ament_cmake.build:Building ROS package in '/root/ros2_bunker_dev/src/custom_bunker_controller' with build type 'ament_cmake'
[0.351s] INFO:colcon.colcon_cmake.task.cmake.build:Building CMake package in '/root/ros2_bunker_dev/src/custom_bunker_controller'
[0.352s] INFO:colcon.colcon_core.shell:Skip shell extension 'powershell' for command environment: Not usable outside of PowerShell
[0.352s] DEBUG:colcon.colcon_core.shell:Skip shell extension 'dsv' for command environment
[0.356s] INFO:colcon.colcon_ros.task.ament_python.build:Building ROS package in '/root/ros2_bunker_dev/src/rpa' with build type 'ament_python'
[0.356s] Level 1:colcon.colcon_core.shell:create_environment_hook('rpa', 'ament_prefix_path')
[0.357s] INFO:colcon.colcon_core.shell:Creating environment hook '/root/ros2_bunker_dev/install/rpa/share/rpa/hook/ament_prefix_path.ps1'
[0.360s] INFO:colcon.colcon_core.shell:Creating environment descriptor '/root/ros2_bunker_dev/install/rpa/share/rpa/hook/ament_prefix_path.dsv'
[0.360s] INFO:colcon.colcon_core.shell:Creating environment hook '/root/ros2_bunker_dev/install/rpa/share/rpa/hook/ament_prefix_path.sh'
[0.361s] INFO:colcon.colcon_core.shell:Skip shell extension 'powershell' for command environment: Not usable outside of PowerShell
[0.361s] DEBUG:colcon.colcon_core.shell:Skip shell extension 'dsv' for command environment
[0.380s] DEBUG:colcon.colcon_core.event_handler.log_command:Invoking command in '/root/ros2_bunker_dev/build/bunker_msgs': CMAKE_PREFIX_PATH=/opt/ros/foxy /usr/bin/cmake /root/ros2_bunker_dev/src/bunker_ros2/bunker_msgs -DCMAKE_INSTALL_PREFIX=/root/ros2_bunker_dev/install/bunker_msgs
[0.390s] DEBUG:colcon.colcon_core.event_handler.log_command:Invoking command in '/root/ros2_bunker_dev/build/ugv_sdk': /usr/bin/cmake /root/ros2_bunker_dev/src/ugv_sdk -DCATKIN_INSTALL_INTO_PREFIX_ROOT=0 -DCMAKE_INSTALL_PREFIX=/root/ros2_bunker_dev/install/ugv_sdk
[0.396s] DEBUG:colcon.colcon_core.event_handler.log_command:Invoking command in '/root/ros2_bunker_dev/build/custom_bunker_controller': CMAKE_PREFIX_PATH=/opt/ros/foxy /usr/bin/cmake /root/ros2_bunker_dev/src/custom_bunker_controller -DCMAKE_INSTALL_PREFIX=/root/ros2_bunker_dev/install/custom_bunker_controller
[0.517s] INFO:colcon.colcon_core.task.python.build:Building Python package in '/root/ros2_bunker_dev/src/rpa'
[0.519s] INFO:colcon.colcon_core.shell:Skip shell extension 'powershell' for command environment: Not usable outside of PowerShell
[0.519s] DEBUG:colcon.colcon_core.shell:Skip shell extension 'dsv' for command environment
[0.708s] DEBUG:colcon.colcon_core.event_handler.log_command:Invoking command in '/root/ros2_bunker_dev/src/rpa': PYTHONPATH=/root/ros2_bunker_dev/build/rpa/prefix_override:/root/ros2_bunker_dev/install/rpa/lib/python3.8/site-packages:${PYTHONPATH} /usr/bin/python3 setup.py egg_info --egg-base ../../build/rpa build --build-base /root/ros2_bunker_dev/build/rpa/build install --record /root/ros2_bunker_dev/build/rpa/install.log --single-version-externally-managed
[1.036s] DEBUG:colcon.colcon_core.event_handler.log_command:Invoked command in '/root/ros2_bunker_dev/src/rpa' returned '0': PYTHONPATH=/root/ros2_bunker_dev/build/rpa/prefix_override:/root/ros2_bunker_dev/install/rpa/lib/python3.8/site-packages:${PYTHONPATH} /usr/bin/python3 setup.py egg_info --egg-base ../../build/rpa build --build-base /root/ros2_bunker_dev/build/rpa/build install --record /root/ros2_bunker_dev/build/rpa/install.log --single-version-externally-managed
[1.037s] Level 1:colcon.colcon_core.environment:checking '/root/ros2_bunker_dev/install/rpa' for CMake module files
[1.042s] Level 1:colcon.colcon_core.environment:checking '/root/ros2_bunker_dev/install/rpa' for CMake config files
[1.049s] Level 1:colcon.colcon_core.environment:checking '/root/ros2_bunker_dev/install/rpa/lib'
[1.050s] Level 1:colcon.colcon_core.environment:checking '/root/ros2_bunker_dev/install/rpa/bin'
[1.050s] Level 1:colcon.colcon_core.environment:checking '/root/ros2_bunker_dev/install/rpa/lib/pkgconfig/rpa.pc'
[1.050s] Level 1:colcon.colcon_core.environment:checking '/root/ros2_bunker_dev/install/rpa/lib/python3.8/site-packages'
[1.050s] Level 1:colcon.colcon_core.shell:create_environment_hook('rpa', 'pythonpath')
[1.053s] INFO:colcon.colcon_core.shell:Creating environment hook '/root/ros2_bunker_dev/install/rpa/share/rpa/hook/pythonpath.ps1'
[1.055s] INFO:colcon.colcon_core.shell:Creating environment descriptor '/root/ros2_bunker_dev/install/rpa/share/rpa/hook/pythonpath.dsv'
[1.056s] INFO:colcon.colcon_core.shell:Creating environment hook '/root/ros2_bunker_dev/install/rpa/share/rpa/hook/pythonpath.sh'
[1.058s] Level 1:colcon.colcon_core.environment:checking '/root/ros2_bunker_dev/install/rpa/bin'
[1.059s] Level 1:colcon.colcon_core.environment:create_environment_scripts_only(rpa)
[1.060s] INFO:colcon.colcon_core.shell:Creating package script '/root/ros2_bunker_dev/install/rpa/share/rpa/package.ps1'
[1.064s] INFO:colcon.colcon_core.shell:Creating package descriptor '/root/ros2_bunker_dev/install/rpa/share/rpa/package.dsv'
[1.071s] INFO:colcon.colcon_core.shell:Creating package script '/root/ros2_bunker_dev/install/rpa/share/rpa/package.sh'
[1.073s] INFO:colcon.colcon_core.shell:Creating package script '/root/ros2_bunker_dev/install/rpa/share/rpa/package.bash'
[1.074s] INFO:colcon.colcon_core.shell:Creating package script '/root/ros2_bunker_dev/install/rpa/share/rpa/package.zsh'
[1.076s] Level 1:colcon.colcon_core.environment:create_file_with_runtime_dependencies(/root/ros2_bunker_dev/install/rpa/share/colcon-core/packages/rpa)
[1.494s] DEBUG:colcon.colcon_core.event_handler.log_command:Invoked command in '/root/ros2_bunker_dev/build/ugv_sdk' returned '0': /usr/bin/cmake /root/ros2_bunker_dev/src/ugv_sdk -DCATKIN_INSTALL_INTO_PREFIX_ROOT=0 -DCMAKE_INSTALL_PREFIX=/root/ros2_bunker_dev/install/ugv_sdk
[1.501s] DEBUG:colcon.colcon_core.event_handler.log_command:Invoking command in '/root/ros2_bunker_dev/build/ugv_sdk': /usr/bin/cmake --build /root/ros2_bunker_dev/build/ugv_sdk -- -j8 -l8
[2.035s] DEBUG:colcon.colcon_core.event_handler.log_command:Invoked command in '/root/ros2_bunker_dev/build/custom_bunker_controller' returned '0': CMAKE_PREFIX_PATH=/opt/ros/foxy /usr/bin/cmake /root/ros2_bunker_dev/src/custom_bunker_controller -DCMAKE_INSTALL_PREFIX=/root/ros2_bunker_dev/install/custom_bunker_controller
[2.037s] DEBUG:colcon.colcon_core.event_handler.log_command:Invoking command in '/root/ros2_bunker_dev/build/custom_bunker_controller': CMAKE_PREFIX_PATH=/opt/ros/foxy /usr/bin/cmake --build /root/ros2_bunker_dev/build/custom_bunker_controller -- -j8 -l8
[2.619s] DEBUG:colcon.colcon_core.event_handler.log_command:Invoked command in '/root/ros2_bunker_dev/build/bunker_msgs' returned '0': CMAKE_PREFIX_PATH=/opt/ros/foxy /usr/bin/cmake /root/ros2_bunker_dev/src/bunker_ros2/bunker_msgs -DCMAKE_INSTALL_PREFIX=/root/ros2_bunker_dev/install/bunker_msgs
[2.626s] DEBUG:colcon.colcon_core.event_handler.log_command:Invoking command in '/root/ros2_bunker_dev/build/bunker_msgs': CMAKE_PREFIX_PATH=/opt/ros/foxy /usr/bin/cmake --build /root/ros2_bunker_dev/build/bunker_msgs -- -j8 -l8
[7.623s] DEBUG:colcon.colcon_core.event_handler.log_command:Invoked command in '/root/ros2_bunker_dev/build/custom_bunker_controller' returned '0': CMAKE_PREFIX_PATH=/opt/ros/foxy /usr/bin/cmake --build /root/ros2_bunker_dev/build/custom_bunker_controller -- -j8 -l8
[7.681s] DEBUG:colcon.colcon_core.event_handler.log_command:Invoking command in '/root/ros2_bunker_dev/build/custom_bunker_controller': CMAKE_PREFIX_PATH=/opt/ros/foxy /usr/bin/cmake --install /root/ros2_bunker_dev/build/custom_bunker_controller
[7.779s] Level 1:colcon.colcon_core.environment:create_environment_scripts_only(custom_bunker_controller)
[7.781s] Level 1:colcon.colcon_core.environment:checking '/root/ros2_bunker_dev/install/custom_bunker_controller' for CMake module files
[7.782s] DEBUG:colcon.colcon_core.event_handler.log_command:Invoked command in '/root/ros2_bunker_dev/build/custom_bunker_controller' returned '0': CMAKE_PREFIX_PATH=/opt/ros/foxy /usr/bin/cmake --install /root/ros2_bunker_dev/build/custom_bunker_controller
[7.793s] Level 1:colcon.colcon_core.environment:checking '/root/ros2_bunker_dev/install/custom_bunker_controller' for CMake config files
[7.807s] Level 1:colcon.colcon_core.shell:create_environment_hook('custom_bunker_controller', 'cmake_prefix_path')
[7.814s] INFO:colcon.colcon_core.shell:Creating environment hook '/root/ros2_bunker_dev/install/custom_bunker_controller/share/custom_bunker_controller/hook/cmake_prefix_path.ps1'
[7.817s] INFO:colcon.colcon_core.shell:Creating environment descriptor '/root/ros2_bunker_dev/install/custom_bunker_controller/share/custom_bunker_controller/hook/cmake_prefix_path.dsv'
[7.819s] INFO:colcon.colcon_core.shell:Creating environment hook '/root/ros2_bunker_dev/install/custom_bunker_controller/share/custom_bunker_controller/hook/cmake_prefix_path.sh'
[7.822s] Level 1:colcon.colcon_core.environment:checking '/root/ros2_bunker_dev/install/custom_bunker_controller/lib'
[7.822s] Level 1:colcon.colcon_core.environment:checking '/root/ros2_bunker_dev/install/custom_bunker_controller/bin'
[7.823s] Level 1:colcon.colcon_core.environment:checking '/root/ros2_bunker_dev/install/custom_bunker_controller/lib/pkgconfig/custom_bunker_controller.pc'
[7.823s] Level 1:colcon.colcon_core.environment:checking '/root/ros2_bunker_dev/install/custom_bunker_controller/lib/python3.8/site-packages'
[7.824s] Level 1:colcon.colcon_core.environment:checking '/root/ros2_bunker_dev/install/custom_bunker_controller/bin'
[7.826s] INFO:colcon.colcon_core.shell:Creating package script '/root/ros2_bunker_dev/install/custom_bunker_controller/share/custom_bunker_controller/package.ps1'
[7.828s] INFO:colcon.colcon_core.shell:Creating package descriptor '/root/ros2_bunker_dev/install/custom_bunker_controller/share/custom_bunker_controller/package.dsv'
[7.829s] INFO:colcon.colcon_core.shell:Creating package script '/root/ros2_bunker_dev/install/custom_bunker_controller/share/custom_bunker_controller/package.sh'
[7.831s] INFO:colcon.colcon_core.shell:Creating package script '/root/ros2_bunker_dev/install/custom_bunker_controller/share/custom_bunker_controller/package.bash'
[7.833s] INFO:colcon.colcon_core.shell:Creating package script '/root/ros2_bunker_dev/install/custom_bunker_controller/share/custom_bunker_controller/package.zsh'
[7.834s] Level 1:colcon.colcon_core.environment:create_file_with_runtime_dependencies(/root/ros2_bunker_dev/install/custom_bunker_controller/share/colcon-core/packages/custom_bunker_controller)
[7.873s] Level 1:colcon.colcon_core.environment:create_environment_scripts_only(custom_bunker_controller)
[7.875s] Level 1:colcon.colcon_core.environment:checking '/root/ros2_bunker_dev/install/custom_bunker_controller' for CMake module files
[7.882s] Level 1:colcon.colcon_core.environment:checking '/root/ros2_bunker_dev/install/custom_bunker_controller' for CMake config files
[7.885s] Level 1:colcon.colcon_core.shell:create_environment_hook('custom_bunker_controller', 'cmake_prefix_path')
[7.886s] INFO:colcon.colcon_core.shell:Creating environment hook '/root/ros2_bunker_dev/install/custom_bunker_controller/share/custom_bunker_controller/hook/cmake_prefix_path.ps1'
[7.890s] INFO:colcon.colcon_core.shell:Creating environment descriptor '/root/ros2_bunker_dev/install/custom_bunker_controller/share/custom_bunker_controller/hook/cmake_prefix_path.dsv'
[7.891s] INFO:colcon.colcon_core.shell:Creating environment hook '/root/ros2_bunker_dev/install/custom_bunker_controller/share/custom_bunker_controller/hook/cmake_prefix_path.sh'
[7.893s] Level 1:colcon.colcon_core.environment:checking '/root/ros2_bunker_dev/install/custom_bunker_controller/lib'
[7.893s] Level 1:colcon.colcon_core.environment:checking '/root/ros2_bunker_dev/install/custom_bunker_controller/bin'
[7.893s] Level 1:colcon.colcon_core.environment:checking '/root/ros2_bunker_dev/install/custom_bunker_controller/lib/pkgconfig/custom_bunker_controller.pc'
[7.893s] Level 1:colcon.colcon_core.environment:checking '/root/ros2_bunker_dev/install/custom_bunker_controller/lib/python3.8/site-packages'
[7.894s] Level 1:colcon.colcon_core.environment:checking '/root/ros2_bunker_dev/install/custom_bunker_controller/bin'
[7.894s] INFO:colcon.colcon_core.shell:Creating package script '/root/ros2_bunker_dev/install/custom_bunker_controller/share/custom_bunker_controller/package.ps1'
[7.895s] INFO:colcon.colcon_core.shell:Creating package descriptor '/root/ros2_bunker_dev/install/custom_bunker_controller/share/custom_bunker_controller/package.dsv'
[7.895s] INFO:colcon.colcon_core.shell:Creating package script '/root/ros2_bunker_dev/install/custom_bunker_controller/share/custom_bunker_controller/package.sh'
[7.896s] INFO:colcon.colcon_core.shell:Creating package script '/root/ros2_bunker_dev/install/custom_bunker_controller/share/custom_bunker_controller/package.bash'
[7.896s] INFO:colcon.colcon_core.shell:Creating package script '/root/ros2_bunker_dev/install/custom_bunker_controller/share/custom_bunker_controller/package.zsh'
[7.897s] Level 1:colcon.colcon_core.environment:create_file_with_runtime_dependencies(/root/ros2_bunker_dev/install/custom_bunker_controller/share/colcon-core/packages/custom_bunker_controller)
[10.594s] DEBUG:colcon.colcon_core.event_handler.log_command:Invoked command in '/root/ros2_bunker_dev/build/bunker_msgs' returned '0': CMAKE_PREFIX_PATH=/opt/ros/foxy /usr/bin/cmake --build /root/ros2_bunker_dev/build/bunker_msgs -- -j8 -l8
[10.707s] DEBUG:colcon.colcon_core.event_handler.log_command:Invoking command in '/root/ros2_bunker_dev/build/bunker_msgs': CMAKE_PREFIX_PATH=/opt/ros/foxy /usr/bin/cmake --install /root/ros2_bunker_dev/build/bunker_msgs
[11.055s] DEBUG:colcon.colcon_core.event_handler.log_command:Invoked command in '/root/ros2_bunker_dev/build/ugv_sdk' returned '0': /usr/bin/cmake --build /root/ros2_bunker_dev/build/ugv_sdk -- -j8 -l8
[11.096s] DEBUG:colcon.colcon_core.event_handler.log_command:Invoking command in '/root/ros2_bunker_dev/build/ugv_sdk': /usr/bin/cmake --install /root/ros2_bunker_dev/build/ugv_sdk
[11.192s] DEBUG:colcon.colcon_core.event_handler.log_command:Invoked command in '/root/ros2_bunker_dev/build/ugv_sdk' returned '0': /usr/bin/cmake --install /root/ros2_bunker_dev/build/ugv_sdk
[11.196s] Level 1:colcon.colcon_core.environment:create_environment_scripts_only(bunker_msgs)
[11.198s] Level 1:colcon.colcon_core.environment:checking '/root/ros2_bunker_dev/install/bunker_msgs' for CMake module files
[11.198s] DEBUG:colcon.colcon_core.event_handler.log_command:Invoked command in '/root/ros2_bunker_dev/build/bunker_msgs' returned '0': CMAKE_PREFIX_PATH=/opt/ros/foxy /usr/bin/cmake --install /root/ros2_bunker_dev/build/bunker_msgs
[11.201s] Level 1:colcon.colcon_core.environment:checking '/root/ros2_bunker_dev/install/bunker_msgs' for CMake config files
[11.204s] Level 1:colcon.colcon_core.shell:create_environment_hook('bunker_msgs', 'cmake_prefix_path')
[11.205s] INFO:colcon.colcon_core.shell:Creating environment hook '/root/ros2_bunker_dev/install/bunker_msgs/share/bunker_msgs/hook/cmake_prefix_path.ps1'
[11.206s] INFO:colcon.colcon_core.shell:Creating environment descriptor '/root/ros2_bunker_dev/install/bunker_msgs/share/bunker_msgs/hook/cmake_prefix_path.dsv'
[11.207s] INFO:colcon.colcon_core.shell:Creating environment hook '/root/ros2_bunker_dev/install/bunker_msgs/share/bunker_msgs/hook/cmake_prefix_path.sh'
[11.208s] Level 1:colcon.colcon_core.environment:checking '/root/ros2_bunker_dev/install/bunker_msgs/lib'
[11.208s] Level 1:colcon.colcon_core.shell:create_environment_hook('bunker_msgs', 'ld_library_path_lib')
[11.209s] INFO:colcon.colcon_core.shell:Creating environment hook '/root/ros2_bunker_dev/install/bunker_msgs/share/bunker_msgs/hook/ld_library_path_lib.ps1'
[11.210s] INFO:colcon.colcon_core.shell:Creating environment descriptor '/root/ros2_bunker_dev/install/bunker_msgs/share/bunker_msgs/hook/ld_library_path_lib.dsv'
[11.211s] INFO:colcon.colcon_core.shell:Creating environment hook '/root/ros2_bunker_dev/install/bunker_msgs/share/bunker_msgs/hook/ld_library_path_lib.sh'
[11.212s] Level 1:colcon.colcon_core.environment:checking '/root/ros2_bunker_dev/install/bunker_msgs/bin'
[11.212s] Level 1:colcon.colcon_core.environment:checking '/root/ros2_bunker_dev/install/bunker_msgs/lib/pkgconfig/bunker_msgs.pc'
[11.214s] Level 1:colcon.colcon_core.environment:checking '/root/ros2_bunker_dev/install/bunker_msgs/lib/python3.8/site-packages'
[11.214s] Level 1:colcon.colcon_core.shell:create_environment_hook('bunker_msgs', 'pythonpath')
[11.215s] INFO:colcon.colcon_core.shell:Creating environment hook '/root/ros2_bunker_dev/install/bunker_msgs/share/bunker_msgs/hook/pythonpath.ps1'
[11.216s] INFO:colcon.colcon_core.shell:Creating environment descriptor '/root/ros2_bunker_dev/install/bunker_msgs/share/bunker_msgs/hook/pythonpath.dsv'
[11.216s] INFO:colcon.colcon_core.shell:Creating environment hook '/root/ros2_bunker_dev/install/bunker_msgs/share/bunker_msgs/hook/pythonpath.sh'
[11.217s] Level 1:colcon.colcon_core.environment:checking '/root/ros2_bunker_dev/install/bunker_msgs/bin'
[11.218s] INFO:colcon.colcon_core.shell:Creating package script '/root/ros2_bunker_dev/install/bunker_msgs/share/bunker_msgs/package.ps1'
[11.219s] INFO:colcon.colcon_core.shell:Creating package descriptor '/root/ros2_bunker_dev/install/bunker_msgs/share/bunker_msgs/package.dsv'
[11.220s] INFO:colcon.colcon_core.shell:Creating package script '/root/ros2_bunker_dev/install/bunker_msgs/share/bunker_msgs/package.sh'
[11.220s] INFO:colcon.colcon_core.shell:Creating package script '/root/ros2_bunker_dev/install/bunker_msgs/share/bunker_msgs/package.bash'
[11.220s] INFO:colcon.colcon_core.shell:Creating package script '/root/ros2_bunker_dev/install/bunker_msgs/share/bunker_msgs/package.zsh'
[11.221s] Level 1:colcon.colcon_core.environment:create_file_with_runtime_dependencies(/root/ros2_bunker_dev/install/bunker_msgs/share/colcon-core/packages/bunker_msgs)
[11.223s] Level 1:colcon.colcon_core.shell:create_environment_hook('ugv_sdk', 'ros_package_path')
[11.224s] INFO:colcon.colcon_core.shell:Creating environment hook '/root/ros2_bunker_dev/install/ugv_sdk/share/ugv_sdk/hook/ros_package_path.ps1'
[11.225s] INFO:colcon.colcon_core.shell:Creating environment descriptor '/root/ros2_bunker_dev/install/ugv_sdk/share/ugv_sdk/hook/ros_package_path.dsv'
[11.226s] INFO:colcon.colcon_core.shell:Creating environment hook '/root/ros2_bunker_dev/install/ugv_sdk/share/ugv_sdk/hook/ros_package_path.sh'
[11.226s] Level 1:colcon.colcon_core.shell:create_environment_hook('ugv_sdk', 'pkg_config_path')
[11.227s] INFO:colcon.colcon_core.shell:Creating environment hook '/root/ros2_bunker_dev/install/ugv_sdk/share/ugv_sdk/hook/pkg_config_path.ps1'
[11.227s] INFO:colcon.colcon_core.shell:Creating environment descriptor '/root/ros2_bunker_dev/install/ugv_sdk/share/ugv_sdk/hook/pkg_config_path.dsv'
[11.228s] INFO:colcon.colcon_core.shell:Creating environment hook '/root/ros2_bunker_dev/install/ugv_sdk/share/ugv_sdk/hook/pkg_config_path.sh'
[11.230s] Level 1:colcon.colcon_core.shell:create_environment_hook('ugv_sdk', 'pkg_config_path_multiarch')
[11.231s] INFO:colcon.colcon_core.shell:Creating environment hook '/root/ros2_bunker_dev/install/ugv_sdk/share/ugv_sdk/hook/pkg_config_path_multiarch.ps1'
[11.232s] INFO:colcon.colcon_core.shell:Creating environment descriptor '/root/ros2_bunker_dev/install/ugv_sdk/share/ugv_sdk/hook/pkg_config_path_multiarch.dsv'
[11.232s] INFO:colcon.colcon_core.shell:Creating environment hook '/root/ros2_bunker_dev/install/ugv_sdk/share/ugv_sdk/hook/pkg_config_path_multiarch.sh'
[11.234s] Level 1:colcon.colcon_core.environment:create_environment_scripts_only(ugv_sdk)
[11.235s] Level 1:colcon.colcon_core.environment:checking '/root/ros2_bunker_dev/install/ugv_sdk' for CMake module files
[11.236s] Level 1:colcon.colcon_core.environment:checking '/root/ros2_bunker_dev/install/ugv_sdk' for CMake config files
[11.238s] Level 1:colcon.colcon_core.shell:create_environment_hook('ugv_sdk', 'cmake_prefix_path')
[11.239s] INFO:colcon.colcon_core.shell:Creating environment hook '/root/ros2_bunker_dev/install/ugv_sdk/share/ugv_sdk/hook/cmake_prefix_path.ps1'
[11.240s] INFO:colcon.colcon_core.shell:Creating environment descriptor '/root/ros2_bunker_dev/install/ugv_sdk/share/ugv_sdk/hook/cmake_prefix_path.dsv'
[11.240s] INFO:colcon.colcon_core.shell:Creating environment hook '/root/ros2_bunker_dev/install/ugv_sdk/share/ugv_sdk/hook/cmake_prefix_path.sh'
[11.241s] Level 1:colcon.colcon_core.environment:checking '/root/ros2_bunker_dev/install/ugv_sdk/lib'
[11.241s] Level 1:colcon.colcon_core.environment:checking '/root/ros2_bunker_dev/install/ugv_sdk/bin'
[11.241s] Level 1:colcon.colcon_core.environment:checking '/root/ros2_bunker_dev/install/ugv_sdk/lib/pkgconfig/ugv_sdk.pc'
[11.241s] Level 1:colcon.colcon_core.environment:checking '/root/ros2_bunker_dev/install/ugv_sdk/lib/python3.8/site-packages'
[11.242s] Level 1:colcon.colcon_core.environment:checking '/root/ros2_bunker_dev/install/ugv_sdk/bin'
[11.242s] INFO:colcon.colcon_core.shell:Creating package script '/root/ros2_bunker_dev/install/ugv_sdk/share/ugv_sdk/package.ps1'
[11.243s] INFO:colcon.colcon_core.shell:Creating package descriptor '/root/ros2_bunker_dev/install/ugv_sdk/share/ugv_sdk/package.dsv'
[11.243s] INFO:colcon.colcon_core.shell:Creating package script '/root/ros2_bunker_dev/install/ugv_sdk/share/ugv_sdk/package.sh'
[11.244s] INFO:colcon.colcon_core.shell:Creating package script '/root/ros2_bunker_dev/install/ugv_sdk/share/ugv_sdk/package.bash'
[11.244s] INFO:colcon.colcon_core.shell:Creating package script '/root/ros2_bunker_dev/install/ugv_sdk/share/ugv_sdk/package.zsh'
[11.245s] Level 1:colcon.colcon_core.environment:create_file_with_runtime_dependencies(/root/ros2_bunker_dev/install/ugv_sdk/share/colcon-core/packages/ugv_sdk)
[11.263s] Level 1:colcon.colcon_core.environment:create_environment_scripts_only(bunker_msgs)
[11.264s] Level 1:colcon.colcon_core.environment:checking '/root/ros2_bunker_dev/install/bunker_msgs' for CMake module files
[11.266s] Level 1:colcon.colcon_core.environment:checking '/root/ros2_bunker_dev/install/bunker_msgs' for CMake config files
[11.270s] Level 1:colcon.colcon_core.shell:create_environment_hook('bunker_msgs', 'cmake_prefix_path')
[11.271s] INFO:colcon.colcon_core.shell:Creating environment hook '/root/ros2_bunker_dev/install/bunker_msgs/share/bunker_msgs/hook/cmake_prefix_path.ps1'
[11.271s] INFO:colcon.colcon_core.shell:Creating environment descriptor '/root/ros2_bunker_dev/install/bunker_msgs/share/bunker_msgs/hook/cmake_prefix_path.dsv'
[11.272s] INFO:colcon.colcon_core.shell:Creating environment hook '/root/ros2_bunker_dev/install/bunker_msgs/share/bunker_msgs/hook/cmake_prefix_path.sh'
[11.272s] Level 1:colcon.colcon_core.environment:checking '/root/ros2_bunker_dev/install/bunker_msgs/lib'
[11.272s] Level 1:colcon.colcon_core.shell:create_environment_hook('bunker_msgs', 'ld_library_path_lib')
[11.273s] INFO:colcon.colcon_core.shell:Creating environment hook '/root/ros2_bunker_dev/install/bunker_msgs/share/bunker_msgs/hook/ld_library_path_lib.ps1'
[11.273s] INFO:colcon.colcon_core.shell:Creating environment descriptor '/root/ros2_bunker_dev/install/bunker_msgs/share/bunker_msgs/hook/ld_library_path_lib.dsv'
[11.274s] INFO:colcon.colcon_core.shell:Creating environment hook '/root/ros2_bunker_dev/install/bunker_msgs/share/bunker_msgs/hook/ld_library_path_lib.sh'
[11.274s] Level 1:colcon.colcon_core.environment:checking '/root/ros2_bunker_dev/install/bunker_msgs/bin'
[11.274s] Level 1:colcon.colcon_core.environment:checking '/root/ros2_bunker_dev/install/bunker_msgs/lib/pkgconfig/bunker_msgs.pc'
[11.274s] Level 1:colcon.colcon_core.environment:checking '/root/ros2_bunker_dev/install/bunker_msgs/lib/python3.8/site-packages'
[11.274s] Level 1:colcon.colcon_core.shell:create_environment_hook('bunker_msgs', 'pythonpath')
[11.275s] INFO:colcon.colcon_core.shell:Creating environment hook '/root/ros2_bunker_dev/install/bunker_msgs/share/bunker_msgs/hook/pythonpath.ps1'
[11.275s] INFO:colcon.colcon_core.shell:Creating environment descriptor '/root/ros2_bunker_dev/install/bunker_msgs/share/bunker_msgs/hook/pythonpath.dsv'
[11.275s] INFO:colcon.colcon_core.shell:Creating environment hook '/root/ros2_bunker_dev/install/bunker_msgs/share/bunker_msgs/hook/pythonpath.sh'
[11.276s] Level 1:colcon.colcon_core.environment:checking '/root/ros2_bunker_dev/install/bunker_msgs/bin'
[11.276s] INFO:colcon.colcon_core.shell:Creating package script '/root/ros2_bunker_dev/install/bunker_msgs/share/bunker_msgs/package.ps1'
[11.277s] INFO:colcon.colcon_core.shell:Creating package descriptor '/root/ros2_bunker_dev/install/bunker_msgs/share/bunker_msgs/package.dsv'
[11.277s] INFO:colcon.colcon_core.shell:Creating package script '/root/ros2_bunker_dev/install/bunker_msgs/share/bunker_msgs/package.sh'
[11.278s] INFO:colcon.colcon_core.shell:Creating package script '/root/ros2_bunker_dev/install/bunker_msgs/share/bunker_msgs/package.bash'
[11.278s] INFO:colcon.colcon_core.shell:Creating package script '/root/ros2_bunker_dev/install/bunker_msgs/share/bunker_msgs/package.zsh'
[11.278s] Level 1:colcon.colcon_core.environment:create_file_with_runtime_dependencies(/root/ros2_bunker_dev/install/bunker_msgs/share/colcon-core/packages/bunker_msgs)
[11.279s] INFO:colcon.colcon_ros.task.ament_cmake.build:Building ROS package in '/root/ros2_bunker_dev/src/bunker_ros2/bunker_base' with build type 'ament_cmake'
[11.279s] INFO:colcon.colcon_cmake.task.cmake.build:Building CMake package in '/root/ros2_bunker_dev/src/bunker_ros2/bunker_base'
[11.279s] INFO:colcon.colcon_core.shell:Skip shell extension 'powershell' for command environment: Not usable outside of PowerShell
[11.280s] DEBUG:colcon.colcon_core.shell:Skip shell extension 'dsv' for command environment
[11.291s] DEBUG:colcon.colcon_core.event_handler.log_command:Invoking command in '/root/ros2_bunker_dev/build/bunker_base': AMENT_PREFIX_PATH=/root/ros2_bunker_dev/install/bunker_msgs:${AMENT_PREFIX_PATH} CMAKE_PREFIX_PATH=/opt/ros/foxy:/root/ros2_bunker_dev/install/ugv_sdk:/root/ros2_bunker_dev/install/bunker_msgs LD_LIBRARY_PATH=/root/ros2_bunker_dev/install/bunker_msgs/lib:${LD_LIBRARY_PATH} PKG_CONFIG_PATH=/root/ros2_bunker_dev/install/ugv_sdk/lib/aarch64-linux-gnu/pkgconfig:/root/ros2_bunker_dev/install/ugv_sdk/lib/pkgconfig PYTHONPATH=/root/ros2_bunker_dev/install/bunker_msgs/lib/python3.8/site-packages:${PYTHONPATH} ROS_PACKAGE_PATH=/root/ros2_bunker_dev/install/ugv_sdk/share /usr/bin/cmake /root/ros2_bunker_dev/src/bunker_ros2/bunker_base -DCMAKE_INSTALL_PREFIX=/root/ros2_bunker_dev/install/bunker_base
[12.761s] DEBUG:colcon.colcon_core.event_handler.log_command:Invoked command in '/root/ros2_bunker_dev/build/bunker_base' returned '0': AMENT_PREFIX_PATH=/root/ros2_bunker_dev/install/bunker_msgs:${AMENT_PREFIX_PATH} CMAKE_PREFIX_PATH=/opt/ros/foxy:/root/ros2_bunker_dev/install/ugv_sdk:/root/ros2_bunker_dev/install/bunker_msgs LD_LIBRARY_PATH=/root/ros2_bunker_dev/install/bunker_msgs/lib:${LD_LIBRARY_PATH} PKG_CONFIG_PATH=/root/ros2_bunker_dev/install/ugv_sdk/lib/aarch64-linux-gnu/pkgconfig:/root/ros2_bunker_dev/install/ugv_sdk/lib/pkgconfig PYTHONPATH=/root/ros2_bunker_dev/install/bunker_msgs/lib/python3.8/site-packages:${PYTHONPATH} ROS_PACKAGE_PATH=/root/ros2_bunker_dev/install/ugv_sdk/share /usr/bin/cmake /root/ros2_bunker_dev/src/bunker_ros2/bunker_base -DCMAKE_INSTALL_PREFIX=/root/ros2_bunker_dev/install/bunker_base
[12.763s] DEBUG:colcon.colcon_core.event_handler.log_command:Invoking command in '/root/ros2_bunker_dev/build/bunker_base': AMENT_PREFIX_PATH=/root/ros2_bunker_dev/install/bunker_msgs:${AMENT_PREFIX_PATH} CMAKE_PREFIX_PATH=/opt/ros/foxy:/root/ros2_bunker_dev/install/ugv_sdk:/root/ros2_bunker_dev/install/bunker_msgs LD_LIBRARY_PATH=/root/ros2_bunker_dev/install/bunker_msgs/lib:${LD_LIBRARY_PATH} PKG_CONFIG_PATH=/root/ros2_bunker_dev/install/ugv_sdk/lib/aarch64-linux-gnu/pkgconfig:/root/ros2_bunker_dev/install/ugv_sdk/lib/pkgconfig PYTHONPATH=/root/ros2_bunker_dev/install/bunker_msgs/lib/python3.8/site-packages:${PYTHONPATH} ROS_PACKAGE_PATH=/root/ros2_bunker_dev/install/ugv_sdk/share /usr/bin/cmake --build /root/ros2_bunker_dev/build/bunker_base -- -j8 -l8
[13.904s] DEBUG:colcon.colcon_core.event_handler.log_command:Invoked command in '/root/ros2_bunker_dev/build/bunker_base' returned '2': AMENT_PREFIX_PATH=/root/ros2_bunker_dev/install/bunker_msgs:${AMENT_PREFIX_PATH} CMAKE_PREFIX_PATH=/opt/ros/foxy:/root/ros2_bunker_dev/install/ugv_sdk:/root/ros2_bunker_dev/install/bunker_msgs LD_LIBRARY_PATH=/root/ros2_bunker_dev/install/bunker_msgs/lib:${LD_LIBRARY_PATH} PKG_CONFIG_PATH=/root/ros2_bunker_dev/install/ugv_sdk/lib/aarch64-linux-gnu/pkgconfig:/root/ros2_bunker_dev/install/ugv_sdk/lib/pkgconfig PYTHONPATH=/root/ros2_bunker_dev/install/bunker_msgs/lib/python3.8/site-packages:${PYTHONPATH} ROS_PACKAGE_PATH=/root/ros2_bunker_dev/install/ugv_sdk/share /usr/bin/cmake --build /root/ros2_bunker_dev/build/bunker_base -- -j8 -l8
[13.916s] Level 1:colcon.colcon_core.environment:create_environment_scripts_only(bunker_base)
[13.917s] Level 1:colcon.colcon_core.environment:checking '/root/ros2_bunker_dev/install/bunker_base' for CMake module files
[13.918s] Level 1:colcon.colcon_core.environment:checking '/root/ros2_bunker_dev/install/bunker_base' for CMake config files
[13.919s] Level 1:colcon.colcon_core.environment:checking '/root/ros2_bunker_dev/install/bunker_base/bin'
[13.919s] Level 1:colcon.colcon_core.environment:checking '/root/ros2_bunker_dev/install/bunker_base/lib/pkgconfig/bunker_base.pc'
[13.919s] Level 1:colcon.colcon_core.environment:checking '/root/ros2_bunker_dev/install/bunker_base/lib/python3.8/site-packages'
[13.919s] Level 1:colcon.colcon_core.environment:checking '/root/ros2_bunker_dev/install/bunker_base/bin'
[13.920s] INFO:colcon.colcon_core.shell:Creating package script '/root/ros2_bunker_dev/install/bunker_base/share/bunker_base/package.ps1'
[13.921s] INFO:colcon.colcon_core.shell:Creating package descriptor '/root/ros2_bunker_dev/install/bunker_base/share/bunker_base/package.dsv'
[13.922s] INFO:colcon.colcon_core.shell:Creating package script '/root/ros2_bunker_dev/install/bunker_base/share/bunker_base/package.sh'
[13.922s] INFO:colcon.colcon_core.shell:Creating package script '/root/ros2_bunker_dev/install/bunker_base/share/bunker_base/package.bash'
[13.923s] INFO:colcon.colcon_core.shell:Creating package script '/root/ros2_bunker_dev/install/bunker_base/share/bunker_base/package.zsh'
[13.923s] Level 1:colcon.colcon_core.environment:create_file_with_runtime_dependencies(/root/ros2_bunker_dev/install/bunker_base/share/colcon-core/packages/bunker_base)
[13.935s] DEBUG:colcon.colcon_parallel_executor.executor.parallel:closing loop
[13.935s] DEBUG:colcon.colcon_parallel_executor.executor.parallel:loop closed
[13.935s] DEBUG:colcon.colcon_parallel_executor.executor.parallel:run_until_complete finished with '2'
[13.935s] DEBUG:colcon.colcon_core.event_reactor:joining thread
[13.941s] INFO:colcon.colcon_core.plugin_system:Skipping extension 'colcon_notification.desktop_notification.notify_send': Could not find 'notify-send'
[13.941s] INFO:colcon.colcon_core.plugin_system:Skipping extension 'colcon_notification.desktop_notification.terminal_notifier': Not used on non-Darwin systems
[13.941s] INFO:colcon.colcon_core.plugin_system:Skipping extension 'colcon_notification.desktop_notification.win32': Not used on non-Windows systems
[13.941s] INFO:colcon.colcon_notification.desktop_notification:Sending desktop notification using 'notify2'
[13.942s] DEBUG:colcon.colcon_notification.desktop_notification.notify2:Failed to initialize notify2: org.freedesktop.DBus.Error.Spawn.ExecFailed: /usr/bin/dbus-launch terminated abnormally without any error message
[13.942s] DEBUG:colcon.colcon_core.event_reactor:joined thread
[13.943s] INFO:colcon.colcon_core.shell:Creating prefix script '/root/ros2_bunker_dev/install/local_setup.ps1'
[13.944s] INFO:colcon.colcon_core.shell:Creating prefix util module '/root/ros2_bunker_dev/install/_local_setup_util_ps1.py'
[13.945s] INFO:colcon.colcon_core.shell:Creating prefix chain script '/root/ros2_bunker_dev/install/setup.ps1'
[13.946s] INFO:colcon.colcon_core.shell:Creating prefix script '/root/ros2_bunker_dev/install/local_setup.sh'
[13.946s] INFO:colcon.colcon_core.shell:Creating prefix util module '/root/ros2_bunker_dev/install/_local_setup_util_sh.py'
[13.947s] INFO:colcon.colcon_core.shell:Creating prefix chain script '/root/ros2_bunker_dev/install/setup.sh'
[13.948s] INFO:colcon.colcon_core.shell:Creating prefix script '/root/ros2_bunker_dev/install/local_setup.bash'
[13.948s] INFO:colcon.colcon_core.shell:Creating prefix chain script '/root/ros2_bunker_dev/install/setup.bash'
[13.949s] INFO:colcon.colcon_core.shell:Creating prefix script '/root/ros2_bunker_dev/install/local_setup.zsh'
[13.950s] INFO:colcon.colcon_core.shell:Creating prefix chain script '/root/ros2_bunker_dev/install/setup.zsh'
