[0.035s] Invoking command in '/root/ros2_bunker_dev/build/custom_bunker_controller': CMAKE_PREFIX_PATH=/opt/ros/foxy /usr/bin/cmake --build /root/ros2_bunker_dev/build/custom_bunker_controller -- -j8 -l8
[0.104s] [100%] Built target custom_controller
[0.172s] Invoked command in '/root/ros2_bunker_dev/build/custom_bunker_controller' returned '0': CMAKE_PREFIX_PATH=/opt/ros/foxy /usr/bin/cmake --build /root/ros2_bunker_dev/build/custom_bunker_controller -- -j8 -l8
[0.193s] Invoking command in '/root/ros2_bunker_dev/build/custom_bunker_controller': CMAKE_PREFIX_PATH=/opt/ros/foxy /usr/bin/cmake --install /root/ros2_bunker_dev/build/custom_bunker_controller
[0.197s] -- Install configuration: ""
[0.198s] -- Up-to-date: /root/ros2_bunker_dev/install/custom_bunker_controller/lib/custom_bunker_controller/custom_controller
[0.200s] -- Up-to-date: /root/ros2_bunker_dev/install/custom_bunker_controller/share/ament_index/resource_index/package_run_dependencies/custom_bunker_controller
[0.201s] -- Up-to-date: /root/ros2_bunker_dev/install/custom_bunker_controller/share/ament_index/resource_index/parent_prefix_path/custom_bunker_controller
[0.201s] -- Up-to-date: /root/ros2_bunker_dev/install/custom_bunker_controller/share/custom_bunker_controller/environment/ament_prefix_path.sh
[0.202s] -- Up-to-date: /root/ros2_bunker_dev/install/custom_bunker_controller/share/custom_bunker_controller/environment/ament_prefix_path.dsv
[0.203s] -- Up-to-date: /root/ros2_bunker_dev/install/custom_bunker_controller/share/custom_bunker_controller/environment/path.sh
[0.203s] -- Up-to-date: /root/ros2_bunker_dev/install/custom_bunker_controller/share/custom_bunker_controller/environment/path.dsv
[0.204s] -- Up-to-date: /root/ros2_bunker_dev/install/custom_bunker_controller/share/custom_bunker_controller/local_setup.bash
[0.204s] -- Up-to-date: /root/ros2_bunker_dev/install/custom_bunker_controller/share/custom_bunker_controller/local_setup.sh
[0.205s] -- Up-to-date: /root/ros2_bunker_dev/install/custom_bunker_controller/share/custom_bunker_controller/local_setup.zsh
[0.206s] -- Up-to-date: /root/ros2_bunker_dev/install/custom_bunker_controller/share/custom_bunker_controller/local_setup.dsv
[0.207s] -- Installing: /root/ros2_bunker_dev/install/custom_bunker_controller/share/custom_bunker_controller/package.dsv
[0.209s] -- Up-to-date: /root/ros2_bunker_dev/install/custom_bunker_controller/share/ament_index/resource_index/packages/custom_bunker_controller
[0.210s] -- Up-to-date: /root/ros2_bunker_dev/install/custom_bunker_controller/share/custom_bunker_controller/cmake/custom_bunker_controllerConfig.cmake
[0.210s] -- Up-to-date: /root/ros2_bunker_dev/install/custom_bunker_controller/share/custom_bunker_controller/cmake/custom_bunker_controllerConfig-version.cmake
[0.211s] -- Up-to-date: /root/ros2_bunker_dev/install/custom_bunker_controller/share/custom_bunker_controller/package.xml
[0.213s] Invoked command in '/root/ros2_bunker_dev/build/custom_bunker_controller' returned '0': CMAKE_PREFIX_PATH=/opt/ros/foxy /usr/bin/cmake --install /root/ros2_bunker_dev/build/custom_bunker_controller
